2025-08-26 16:39:56.239: [INFO] VisibilityChanged: 0
2025-08-26 16:39:56.412: [INFO] BookmarkModelLoaded, ids_reassigned: 0
2025-08-26 16:39:56.412: [INFO] OnDoneLoading sync enabled: 1
2025-08-26 16:40:12.262: [INFO] BookmarkNodeAdded, ABU: 0
2025-08-26 16:40:12.262: [INFO] BookmarkNodeAdded, ABU: 0
2025-08-26 16:40:12.262: [INFO] BookmarkNodeAdded, ABU: 0
2025-08-26 16:40:12.262: [INFO] BookmarkNodeAdded, ABU: 0
2025-08-26 16:40:12.263: [INFO] BookmarkNodeAdded, ABU: 0
2025-08-26 16:40:12.263: [INFO] BookmarkNodeAdded, ABU: 0
2025-08-26 16:40:12.263: [INFO] BookmarkNodeAdded, ABU: 0
2025-08-26 16:40:12.263: [INFO] BookmarkNodeAdded, ABU: 0
2025-08-26 16:40:12.263: [INFO] BookmarkNodeAdded, ABU: 0
2025-08-26 16:40:12.264: [INFO] BookmarkNodeAdded, ABU: 0
2025-08-26 16:40:12.264: [INFO] BookmarkNodeAdded, ABU: 0
2025-08-26 16:40:12.264: [INFO] BookmarkNodeAdded, ABU: 0
2025-08-26 16:40:12.264: [INFO] BookmarkNodeAdded, ABU: 0
2025-08-26 16:40:12.264: [INFO] BookmarkNodeAdded, ABU: 0
2025-08-26 16:40:12.265: [INFO] BookmarkNodeAdded, ABU: 0
2025-08-26 16:40:12.265: [INFO] BookmarkNodeAdded, ABU: 0
2025-08-26 16:40:12.265: [INFO] BookmarkNodeAdded, ABU: 0
2025-08-26 16:40:12.265: [INFO] BookmarkNodeAdded, ABU: 0
2025-08-26 16:40:12.265: [INFO] BookmarkNodeAdded, ABU: 0
2025-08-26 16:40:12.266: [INFO] BookmarkNodeAdded, ABU: 0
2025-08-26 16:40:12.266: [INFO] BookmarkNodeAdded, ABU: 0
2025-08-26 16:40:12.266: [INFO] BookmarkNodeAdded, ABU: 0
2025-08-26 16:40:12.266: [INFO] BookmarkNodeAdded, ABU: 0
2025-08-26 16:40:12.266: [INFO] BookmarkNodeAdded, ABU: 0
2025-08-26 16:40:12.266: [INFO] BookmarkNodeAdded, ABU: 0
2025-08-26 16:40:12.267: [INFO] BookmarkNodeAdded, ABU: 0
2025-08-26 16:40:12.267: [INFO] BookmarkNodeAdded, ABU: 0
2025-08-26 16:40:12.267: [INFO] BookmarkNodeAdded, ABU: 0
2025-08-26 16:40:12.267: [INFO] BookmarkNodeAdded, ABU: 0
2025-08-26 16:40:12.267: [INFO] BookmarkNodeAdded, ABU: 0
2025-08-26 16:40:12.268: [INFO] BookmarkNodeAdded, ABU: 0
2025-08-26 16:40:12.268: [INFO] BookmarkNodeAdded, ABU: 0
2025-08-26 16:40:12.268: [INFO] BookmarkNodeAdded, ABU: 0
2025-08-26 16:40:12.268: [INFO] BookmarkNodeAdded, ABU: 0
2025-08-26 16:40:12.269: [INFO] BookmarkNodeAdded, ABU: 0
2025-08-26 16:40:12.269: [INFO] BookmarkNodeAdded, ABU: 0
2025-08-26 16:40:12.269: [INFO] BookmarkNodeAdded, ABU: 0
2025-08-26 16:40:12.269: [INFO] BookmarkNodeAdded, ABU: 0
2025-08-26 16:40:12.269: [INFO] BookmarkNodeAdded, ABU: 0
2025-08-26 16:40:12.270: [INFO] BookmarkNodeAdded, ABU: 0
2025-08-26 16:40:12.270: [INFO] BookmarkNodeAdded, ABU: 0
2025-08-26 16:40:12.270: [INFO] BookmarkNodeAdded, ABU: 0
2025-08-26 16:40:12.270: [INFO] BookmarkNodeAdded, ABU: 0
2025-08-26 16:40:12.270: [INFO] BookmarkNodeAdded, ABU: 0
2025-08-26 16:40:12.271: [INFO] BookmarkNodeAdded, ABU: 0
2025-08-26 16:40:12.271: [INFO] BookmarkNodeAdded, ABU: 0
2025-08-26 16:40:12.271: [INFO] BookmarkNodeAdded, ABU: 0
2025-08-26 16:40:12.271: [INFO] BookmarkNodeAdded, ABU: 0
2025-08-26 16:40:12.272: [INFO] BookmarkNodeAdded, ABU: 0
2025-08-26 16:40:12.272: [INFO] BookmarkNodeAdded, ABU: 0
2025-08-26 16:40:12.272: [INFO] BookmarkNodeAdded, ABU: 0
2025-08-26 16:40:12.273: [INFO] BookmarkNodeAdded, ABU: 0
2025-08-26 16:40:12.273: [INFO] BookmarkNodeAdded, ABU: 0
2025-08-26 16:40:12.273: [INFO] BookmarkNodeAdded, ABU: 0
2025-08-26 16:40:12.273: [INFO] BookmarkNodeAdded, ABU: 0
2025-08-26 16:40:12.273: [INFO] BookmarkNodeAdded, ABU: 0
2025-08-26 16:40:12.274: [INFO] BookmarkNodeAdded, ABU: 0
2025-08-26 16:40:12.274: [INFO] BookmarkNodeAdded, ABU: 0
2025-08-26 16:40:12.274: [INFO] BookmarkNodeAdded, ABU: 0
2025-08-26 16:40:12.274: [INFO] BookmarkNodeAdded, ABU: 0
2025-08-26 16:40:12.274: [INFO] BookmarkNodeAdded, ABU: 0
2025-08-26 16:40:12.275: [INFO] BookmarkNodeAdded, ABU: 0
2025-08-26 16:40:12.275: [INFO] BookmarkNodeAdded, ABU: 0
2025-08-26 16:40:12.275: [INFO] BookmarkNodeAdded, ABU: 0
2025-08-26 16:40:12.275: [INFO] BookmarkNodeAdded, ABU: 0
2025-08-26 16:40:12.276: [INFO] BookmarkNodeAdded, ABU: 0
2025-08-26 16:40:12.276: [INFO] BookmarkNodeAdded, ABU: 0
2025-08-26 16:40:12.276: [INFO] BookmarkNodeAdded, ABU: 0
2025-08-26 16:40:12.276: [INFO] BookmarkNodeAdded, ABU: 0
2025-08-26 16:40:12.276: [INFO] BookmarkNodeAdded, ABU: 0
2025-08-26 16:40:12.277: [INFO] BookmarkNodeAdded, ABU: 0
2025-08-26 16:40:12.277: [INFO] BookmarkNodeAdded, ABU: 0
2025-08-26 16:40:12.277: [INFO] BookmarkNodeAdded, ABU: 0
2025-08-26 16:40:12.277: [INFO] BookmarkNodeAdded, ABU: 0
2025-08-26 16:40:12.278: [INFO] BookmarkNodeAdded, ABU: 0
2025-08-26 16:40:12.278: [INFO] BookmarkNodeAdded, ABU: 0
2025-08-26 16:40:12.278: [INFO] BookmarkNodeAdded, ABU: 0
2025-08-26 16:40:12.278: [INFO] BookmarkNodeAdded, ABU: 0
2025-08-26 16:40:12.278: [INFO] BookmarkNodeAdded, ABU: 0
2025-08-26 16:40:12.279: [INFO] BookmarkNodeAdded, ABU: 0
2025-08-26 16:40:12.279: [INFO] BookmarkNodeAdded, ABU: 0
2025-08-26 16:40:12.279: [INFO] BookmarkNodeAdded, ABU: 0
2025-08-26 16:40:12.279: [INFO] BookmarkNodeAdded, ABU: 0
2025-08-26 16:40:12.279: [INFO] BookmarkNodeAdded, ABU: 0
2025-08-26 16:40:12.280: [INFO] BookmarkNodeAdded, ABU: 0
2025-08-26 16:40:12.280: [INFO] BookmarkNodeAdded, ABU: 0
2025-08-26 16:40:12.280: [INFO] BookmarkNodeAdded, ABU: 0
2025-08-26 16:40:12.280: [INFO] BookmarkNodeAdded, ABU: 0
2025-08-26 16:40:12.280: [INFO] BookmarkNodeAdded, ABU: 0
2025-08-26 16:40:12.281: [INFO] BookmarkNodeAdded, ABU: 0
2025-08-26 16:40:12.281: [INFO] BookmarkNodeAdded, ABU: 0
2025-08-26 16:40:12.281: [INFO] BookmarkNodeAdded, ABU: 0
2025-08-26 16:40:12.281: [INFO] BookmarkNodeAdded, ABU: 0
2025-08-26 16:40:12.281: [INFO] BookmarkNodeAdded, ABU: 0
2025-08-26 16:40:12.282: [INFO] BookmarkNodeAdded, ABU: 0
2025-08-26 16:40:12.282: [INFO] BookmarkNodeAdded, ABU: 0
2025-08-26 16:40:12.282: [INFO] BookmarkNodeAdded, ABU: 0
2025-08-26 16:40:12.282: [INFO] BookmarkNodeAdded, ABU: 0
2025-08-26 16:40:12.283: [INFO] BookmarkNodeAdded, ABU: 0
2025-08-26 16:40:12.283: [INFO] BookmarkNodeAdded, ABU: 0
2025-08-26 16:40:12.283: [INFO] BookmarkNodeAdded, ABU: 0
2025-08-26 16:40:12.283: [INFO] BookmarkNodeAdded, ABU: 0
2025-08-26 16:40:12.283: [INFO] BookmarkNodeAdded, ABU: 0
2025-08-26 16:40:12.284: [INFO] BookmarkNodeAdded, ABU: 0
2025-08-26 16:40:12.284: [INFO] BookmarkNodeAdded, ABU: 0
2025-08-26 16:40:12.284: [INFO] BookmarkNodeAdded, ABU: 0
2025-08-26 16:40:12.284: [INFO] BookmarkNodeAdded, ABU: 0
2025-08-26 16:40:12.284: [INFO] BookmarkNodeAdded, ABU: 0
2025-08-26 16:40:12.285: [INFO] BookmarkNodeAdded, ABU: 0
2025-08-26 16:40:12.285: [INFO] BookmarkNodeAdded, ABU: 0
2025-08-26 16:40:12.285: [INFO] BookmarkNodeAdded, ABU: 0
2025-08-26 16:40:12.285: [INFO] BookmarkNodeAdded, ABU: 0
2025-08-26 16:40:12.285: [INFO] BookmarkNodeAdded, ABU: 0
2025-08-26 16:40:12.286: [INFO] BookmarkNodeAdded, ABU: 0
2025-08-26 16:40:12.286: [INFO] BookmarkNodeAdded, ABU: 0
2025-08-26 16:40:12.286: [INFO] BookmarkNodeAdded, ABU: 0
2025-08-26 16:40:12.286: [INFO] BookmarkNodeAdded, ABU: 0
2025-08-26 16:40:12.287: [INFO] BookmarkNodeAdded, ABU: 0
2025-08-26 16:40:12.287: [INFO] BookmarkNodeAdded, ABU: 0
2025-08-26 16:40:12.287: [INFO] BookmarkNodeAdded, ABU: 0
2025-08-26 16:40:12.287: [INFO] BookmarkNodeAdded, ABU: 0
2025-08-26 16:40:12.287: [INFO] BookmarkNodeAdded, ABU: 0
2025-08-26 16:40:12.288: [INFO] BookmarkNodeAdded, ABU: 0
2025-08-26 16:40:12.288: [INFO] BookmarkNodeAdded, ABU: 0
2025-08-26 16:40:12.289: [INFO] BookmarkNodeAdded, ABU: 0
2025-08-26 16:40:12.289: [INFO] BookmarkNodeAdded, ABU: 0
2025-08-26 16:40:12.289: [INFO] BookmarkNodeAdded, ABU: 0
2025-08-26 16:40:12.290: [INFO] BookmarkNodeAdded, ABU: 0
2025-08-26 16:40:12.290: [INFO] BookmarkNodeAdded, ABU: 0
2025-08-26 16:40:12.290: [INFO] BookmarkNodeAdded, ABU: 0
2025-08-26 16:40:12.290: [INFO] BookmarkNodeAdded, ABU: 0
2025-08-26 16:40:12.290: [INFO] BookmarkNodeAdded, ABU: 0
2025-08-26 16:40:12.291: [INFO] BookmarkNodeAdded, ABU: 0
2025-08-26 16:40:12.291: [INFO] BookmarkNodeAdded, ABU: 0
2025-08-26 16:40:12.291: [INFO] BookmarkNodeAdded, ABU: 0
2025-08-26 16:40:12.291: [INFO] BookmarkNodeAdded, ABU: 0
2025-08-26 16:40:12.292: [INFO] BookmarkNodeAdded, ABU: 0
2025-08-26 16:40:12.292: [INFO] BookmarkNodeAdded, ABU: 0
2025-08-26 16:40:12.292: [INFO] BookmarkNodeAdded, ABU: 0
2025-08-26 16:40:12.292: [INFO] BookmarkNodeAdded, ABU: 0
2025-08-26 16:40:12.292: [INFO] BookmarkNodeAdded, ABU: 0
2025-08-26 16:40:12.293: [INFO] BookmarkNodeAdded, ABU: 0
2025-08-26 16:40:12.293: [INFO] BookmarkNodeAdded, ABU: 0
2025-08-26 16:40:12.293: [INFO] BookmarkNodeAdded, ABU: 0
2025-08-26 16:40:12.293: [INFO] BookmarkNodeAdded, ABU: 0
2025-08-26 16:40:12.293: [INFO] BookmarkNodeAdded, ABU: 0
2025-08-26 16:40:12.294: [INFO] BookmarkNodeAdded, ABU: 0
2025-08-26 16:40:12.294: [INFO] BookmarkNodeAdded, ABU: 0
2025-08-26 16:40:12.294: [INFO] BookmarkNodeAdded, ABU: 0
2025-08-26 16:40:12.294: [INFO] BookmarkNodeAdded, ABU: 0
2025-08-26 16:40:12.294: [INFO] BookmarkNodeAdded, ABU: 0
2025-08-26 16:40:12.295: [INFO] BookmarkNodeAdded, ABU: 0
2025-08-26 16:40:12.295: [INFO] BookmarkNodeAdded, ABU: 0
2025-08-26 16:40:12.295: [INFO] BookmarkNodeAdded, ABU: 0
2025-08-26 16:40:12.295: [INFO] BookmarkNodeAdded, ABU: 0
2025-08-26 16:40:12.295: [INFO] BookmarkNodeAdded, ABU: 0
2025-08-26 16:40:12.296: [INFO] BookmarkNodeAdded, ABU: 0
2025-08-26 16:40:12.296: [INFO] BookmarkNodeAdded, ABU: 0
2025-08-26 16:40:12.296: [INFO] BookmarkNodeAdded, ABU: 0
2025-08-26 16:40:12.296: [INFO] BookmarkNodeAdded, ABU: 0
2025-08-26 16:40:12.296: [INFO] BookmarkNodeAdded, ABU: 0
2025-08-26 16:40:12.297: [INFO] BookmarkNodeAdded, ABU: 0
2025-08-26 16:40:12.297: [INFO] BookmarkNodeAdded, ABU: 0
2025-08-26 16:40:12.297: [INFO] BookmarkNodeAdded, ABU: 0
2025-08-26 16:40:12.297: [INFO] BookmarkNodeAdded, ABU: 0
2025-08-26 16:40:12.297: [INFO] BookmarkNodeAdded, ABU: 0
2025-08-26 16:40:12.297: [INFO] BookmarkNodeAdded, ABU: 0
2025-08-26 16:40:12.298: [INFO] BookmarkNodeAdded, ABU: 0
2025-08-26 16:40:12.298: [INFO] BookmarkNodeAdded, ABU: 0
2025-08-26 16:40:12.298: [INFO] BookmarkNodeAdded, ABU: 0
2025-08-26 16:40:12.300: [INFO] BookmarkNodeAdded, ABU: 0
2025-08-26 16:40:12.300: [INFO] BookmarkNodeAdded, ABU: 0
2025-08-26 16:40:12.375: [INFO] Sync initialization duration: 11710ms
2025-08-27 09:12:47.206: [INFO] VisibilityChanged: 0
2025-08-27 09:12:47.437: [INFO] BookmarkModelLoaded, ids_reassigned: 0
2025-08-27 09:12:47.437: [INFO] OnDoneLoading sync enabled: 1
2025-08-27 09:13:00.233: [INFO] Sync initialization duration: 10525ms
2025-08-31 09:22:05.774: [INFO] VisibilityChanged: 0
2025-08-31 09:22:05.937: [INFO] BookmarkModelLoaded, ids_reassigned: 0
2025-08-31 09:22:05.937: [INFO] OnDoneLoading sync enabled: 1
2025-08-31 09:22:16.407: [INFO] Sync initialization duration: 3493ms
2025-08-31 09:26:09.129: [INFO] VisibilityChanged: 0
2025-08-31 09:26:09.295: [INFO] BookmarkModelLoaded, ids_reassigned: 0
2025-08-31 09:26:09.296: [INFO] OnDoneLoading sync enabled: 1
2025-08-31 09:26:17.744: [INFO] Sync initialization duration: 6211ms
2025-08-31 09:29:08.263: [INFO] VisibilityChanged: 0
2025-08-31 09:29:08.410: [INFO] BookmarkModelLoaded, ids_reassigned: 0
2025-08-31 09:29:08.410: [INFO] OnDoneLoading sync enabled: 1
2025-08-31 09:29:36.217: [INFO] Sync initialization duration: 25197ms
2025-09-01 15:32:51.784: [INFO] VisibilityChanged: 0
2025-09-01 15:32:51.963: [INFO] BookmarkModelLoaded, ids_reassigned: 0
2025-09-01 15:32:51.963: [INFO] OnDoneLoading sync enabled: 1
2025-09-01 15:33:00.116: [INFO] Sync initialization duration: 6164ms
2025-09-01 15:39:12.513: [INFO] VisibilityChanged: 0
2025-09-01 15:39:12.649: [INFO] BookmarkModelLoaded, ids_reassigned: 0
2025-09-01 15:39:12.649: [INFO] OnDoneLoading sync enabled: 1
2025-09-01 15:39:22.328: [INFO] Sync initialization duration: 6910ms
2025-09-01 15:47:28.835: [INFO] VisibilityChanged: 0
2025-09-01 15:47:28.965: [INFO] BookmarkModelLoaded, ids_reassigned: 0
2025-09-01 15:47:28.965: [INFO] OnDoneLoading sync enabled: 1
2025-09-01 15:47:39.814: [INFO] Sync initialization duration: 8569ms
2025-09-01 16:59:34.844: [INFO] VisibilityChanged: 0
2025-09-01 16:59:34.980: [INFO] BookmarkModelLoaded, ids_reassigned: 0
2025-09-01 16:59:34.980: [INFO] OnDoneLoading sync enabled: 1
2025-09-01 16:59:43.152: [INFO] Sync initialization duration: 6510ms
