{"logTime": "0831/092241", "correlationVector":"0IbeAGx75X8Ska7jfxUbuW.2","action":"Commit Response", "result":"Success", "context":Result: Success. cV=0IbeAGx75X8Ska7jfxUbuW.0;server=akswtt10200000a;cloudType=Consumer;environment=Prod_southeastasia_prod-s01-064-apac-southeastasia;migrationStage=NotStarted}
{"logTime": "0831/092341", "correlationVector":"nZ038e6/Sp6LnHEFdi9Rpu","action":"Commit Request", "result":"", "context":Item count: 3
Contributing types: Sessions, History}
{"logTime": "0831/092342", "correlationVector":"nZ038e6/Sp6LnHEFdi9Rpu.1","action":"SyncServerConnectionManagerRequest", "result":"SYNC_SERVER_OK", "context":{"environment":"Prod_southeastasia_prod-s01-064-apac-southeastasia", "migrationStage":"NotStarted", "server":"akswtt10200000m"}}
{"logTime": "0831/092342", "correlationVector":"nZ038e6/Sp6LnHEFdi9Rpu.2","action":"Commit Response", "result":"Success", "context":Result: Success. cV=nZ038e6/Sp6LnHEFdi9Rpu.0;server=akswtt10200000m;cloudType=Consumer;environment=Prod_southeastasia_prod-s01-064-apac-southeastasia;migrationStage=NotStarted}
{"logTime": "0831/092406", "correlationVector":"mPZwyhbduJdK6KCdc7O52z","action":"Commit Request", "result":"", "context":Item count: 1
Contributing types: Device Info}
{"logTime": "0831/092407", "correlationVector":"mPZwyhbduJdK6KCdc7O52z.1","action":"SyncServerConnectionManagerRequest", "result":"SYNC_SERVER_OK", "context":{"environment":"Prod_southeastasia_prod-s01-064-apac-southeastasia", "migrationStage":"NotStarted", "server":"akswtt10200000i"}}
{"logTime": "0831/092407", "correlationVector":"mPZwyhbduJdK6KCdc7O52z.2","action":"Commit Response", "result":"Success", "context":Result: Success. cV=mPZwyhbduJdK6KCdc7O52z.0;server=akswtt10200000i;cloudType=Consumer;environment=Prod_southeastasia_prod-s01-064-apac-southeastasia;migrationStage=NotStarted}
{"logTime": "0831/092616", "correlationVector":"ujUPu2yX7PZr1dY2Sul9DA.1","action":"SyncServerConnectionManagerRequest", "result":"SYNC_SERVER_OK", "context":{"environment":"Prod_southeastasia_prod-s01-064-apac-southeastasia", "migrationStage":"NotStarted", "server":"akswtt10200000f"}}
{"logTime": "0831/092616", "correlationVector":"ujUPu2yX7PZr1dY2Sul9DA.2","action":"ProcessGetUpdates", "result":"Done", "context":{"dataType":"Encryption Keys", "deleted":"0", "process_failed_to_decrypt":"0", "process_pending_decryption":"0", "process_success":"1", "total":"1"}}
{"logTime": "0831/092617", "correlationVector":"wGlU9/QAt+Iz3z3XeEGymE","action":"SyncServerConnectionManagerRequest", "result":"SYNC_SERVER_OK", "context":{"environment":"", "migrationStage":"", "server":""}}
{"logTime": "0831/092617", "correlationVector":"wGlU9/QAt+Iz3z3XeEGymE.0","action":"EncryptionKeysFetcher.DownloadKeys:", "result":"Success", "context":Key count: 10, Last key timestamp: 2025-03-26T02:04:22Z}
{"logTime": "0831/092617", "correlationVector":"wGlU9/QAt+Iz3z3XeEGymE.1","action":"EncryptionKeysManager::SetEncryptionKeys:", "result":"Success", "context":Key names[10]:[zmACwBoe5todfDpx/6bFvAYRqzWu/Y/vCWHmxUdb2aExsEBMCK1Xjpe74EOaHKwO3oI3xIpU45fjuYi2vTJYGw==][xCqH2fEXhyw9m2gC49ZWZNwXEcgu0+2KBnv8Uo0DvRsObpbmVU0Cg5i4fQVyYelkl/Bz5sF4Oe+zZrKwsRWnVw==][CsLwx6FgCWXp8VeIctXoxJKmrvxrg674dCTxMY1slRDmkzTlmxDIUnzZoMEd9taSdDnZ2T/gu0sq7frg2Tjxng==][HZ6ye72683XKZh7yX/8ugbQNZbBvIAyY8tQBtmCVapECaBW9wAiYDZ1pyu1UMeVtw9Al0afANXDp2H0t2kALPw==][FrBlFYGFD9qjzPvWsgv0r66TWeBoyx0WStr6K6KH/EcksSF1DRimEUBx479qdkEw4Y32tF0PvmniS5U42Va3tw==][DUpAafu7BtMArNsUESOP+GFprRFWRHfuSdOc5a3fNCLz0gvmoSdaY/wpw7B99OEMYpDMDQy16I3+n2Ba77FipQ==][NRWA+wTxdjNyVbDeUF/igoAbdQaA1vXX94oIdkk6g5Ea+F1ivm2TVjev0TJHGh+QToZKqCgaKv0xyvDLL6GrPg==][NavGU6YoRfAoDpYb1Z5DRQxzAkmm1AgB+eKT7pq7O3/zZuxrIGDY4L74kKpPuc5bjXj4BYj/7bpG1OYpVjfY/w==][0TNUxLj74My/L32wXTffk7Ud5+WQzcMFrN18tqQ/S6WYiOwPHPjQqGjbU8y5snD6MG+Q3Rog+K6Nui3nQ8Zqvw==][n4WLkeCzMpyFnYtbZXMw6XL/+YovkUvCu6y3GM8CvZ8nKT0798G7R51mpT/rSns/SClwkQDnanh/rcwHXHbzqQ==]}
{"logTime": "0831/092617", "correlationVector":"wGlU9/QAt+Iz3z3XeEGymE.2","action":"EncryptionKeysManager::SetEncryptionKeysWithTimestamps:", "result":"Success", "context":Key timestamps[10]:[2021-04-03T18:50:54Z][2021-04-10T09:17:54Z][2021-10-08T14:25:38Z][2022-04-06T14:28:07Z][2022-10-05T12:07:37Z][2023-04-03T12:47:15Z][2023-10-01T01:33:27Z][2024-03-30T06:20:35Z][2024-09-26T08:28:43Z][2025-03-26T02:04:22Z]}
{"logTime": "0831/092617", "correlationVector":"ujUPu2yX7PZr1dY2Sul9DA","action":"Initial GetUpdates", "result":"", "context":Reason: NEW_CLIENT. cV=ujUPu2yX7PZr1dY2Sul9DA}
{"logTime": "0831/092617", "correlationVector":"ujUPu2yX7PZr1dY2Sul9DA.3","action":"GetUpdates Response", "result":"Success", "context":Received 1 update(s). cV=ujUPu2yX7PZr1dY2Sul9DA.0;server=akswtt10200000f;cloudType=Consumer;environment=Prod_southeastasia_prod-s01-064-apac-southeastasia;migrationStage=NotStarted}
{"logTime": "0831/092617", "correlationVector":"NQVbOFO6mJyk9AvgWbEFnI","action":"Initial GetUpdates", "result":"", "context":Reason: NEWLY_SUPPORTED_DATATYPE. cV=NQVbOFO6mJyk9AvgWbEFnI}
{"logTime": "0831/092617", "correlationVector":"NQVbOFO6mJyk9AvgWbEFnI.1","action":"SyncServerConnectionManagerRequest", "result":"SYNC_SERVER_OK", "context":{"environment":"Prod_southeastasia_prod-s01-064-apac-southeastasia", "migrationStage":"NotStarted", "server":"akswtt10200000f"}}
{"logTime": "0831/092617", "correlationVector":"NQVbOFO6mJyk9AvgWbEFnI.2","action":"ProcessGetUpdates", "result":"Done", "context":{"dataType":"Passwords", "deleted":"2", "process_failed_to_decrypt":"0", "process_pending_decryption":"0", "process_success":"175", "total":"175"}}
{"logTime": "0831/092617", "correlationVector":"NQVbOFO6mJyk9AvgWbEFnI.3","action":"GetUpdates Response", "result":"Success", "context":Received 175 update(s). cV=NQVbOFO6mJyk9AvgWbEFnI.0;server=akswtt10200000f;cloudType=Consumer;environment=Prod_southeastasia_prod-s01-064-apac-southeastasia;migrationStage=NotStarted}
{"logTime": "0831/092617", "correlationVector":"NUVPFfjktS2Ci/vE+Pcw2l","action":"Normal GetUpdate request", "result":"", "context":cV=NUVPFfjktS2Ci/vE+Pcw2l
Nudged types: Sessions, Device Info, History
Refresh requested types: Bookmarks, Preferences, Passwords, Autofill Profiles, Autofill, Extensions, Sessions, Extension settings, History Delete Directives, Device Info, User Consents, Send Tab To Self, Web Apps, History, Saved Tab Group, WebAuthn Credentials, Collection, Edge E Drop, Edge Hub App Usage, Edge Wallet, Encryption Keys}
{"logTime": "0831/092618", "correlationVector":"NUVPFfjktS2Ci/vE+Pcw2l.1","action":"SyncServerConnectionManagerRequest", "result":"SYNC_SERVER_OK", "context":{"environment":"Prod_southeastasia_prod-s01-064-apac-southeastasia", "migrationStage":"NotStarted", "server":"akswtt102000009"}}
{"logTime": "0831/092618", "correlationVector":"NUVPFfjktS2Ci/vE+Pcw2l.2","action":"ProcessGetUpdates", "result":"Done", "context":{"dataType":"Preferences", "deleted":"0", "process_failed_to_decrypt":"0", "process_pending_decryption":"0", "process_success":"3", "total":"3"}}
{"logTime": "0831/092618", "correlationVector":"NUVPFfjktS2Ci/vE+Pcw2l.3","action":"ProcessGetUpdates", "result":"Done", "context":{"dataType":"Sessions", "deleted":"0", "process_failed_to_decrypt":"0", "process_pending_decryption":"0", "process_success":"2", "total":"2"}}
{"logTime": "0831/092618", "correlationVector":"NUVPFfjktS2Ci/vE+Pcw2l.4","action":"ProcessGetUpdates", "result":"Done", "context":{"dataType":"Device Info", "deleted":"0", "process_failed_to_decrypt":"0", "process_pending_decryption":"0", "process_success":"1", "total":"1"}}
{"logTime": "0831/092618", "correlationVector":"NUVPFfjktS2Ci/vE+Pcw2l.5","action":"ProcessGetUpdates", "result":"Done", "context":{"dataType":"History", "deleted":"0", "process_failed_to_decrypt":"0", "process_pending_decryption":"0", "process_success":"1", "total":"1"}}
{"logTime": "0831/092618", "correlationVector":"NUVPFfjktS2Ci/vE+Pcw2l.6","action":"GetUpdates Response", "result":"Success", "context":Received 7 update(s). cV=NUVPFfjktS2Ci/vE+Pcw2l.0;server=akswtt102000009;cloudType=Consumer;environment=Prod_southeastasia_prod-s01-064-apac-southeastasia;migrationStage=NotStarted}
{"logTime": "0831/092618", "correlationVector":"+LZkx6toFTgOzqBsorJ18y","action":"Commit Request", "result":"", "context":Item count: 4
Contributing types: Sessions, Device Info}
{"logTime": "0831/092619", "correlationVector":"+LZkx6toFTgOzqBsorJ18y.1","action":"SyncServerConnectionManagerRequest", "result":"SYNC_SERVER_OK", "context":{"environment":"Prod_southeastasia_prod-s01-064-apac-southeastasia", "migrationStage":"NotStarted", "server":"akswtt102000005"}}
{"logTime": "0831/092619", "correlationVector":"+LZkx6toFTgOzqBsorJ18y.2","action":"Commit Response", "result":"Success", "context":Result: Success. cV=+LZkx6toFTgOzqBsorJ18y.0;server=akswtt102000005;cloudType=Consumer;environment=Prod_southeastasia_prod-s01-064-apac-southeastasia;migrationStage=NotStarted}
{"logTime": "0831/092650", "correlationVector":"GTL2KkGqKlmr2cJvtJkSc9","action":"Commit Request", "result":"", "context":Item count: 5
Contributing types: Preferences, Passwords, Sessions, History}
{"logTime": "0831/092651", "correlationVector":"GTL2KkGqKlmr2cJvtJkSc9.1","action":"SyncServerConnectionManagerRequest", "result":"SYNC_SERVER_OK", "context":{"environment":"Prod_southeastasia_prod-s01-064-apac-southeastasia", "migrationStage":"NotStarted", "server":"akswtt10200000p"}}
{"logTime": "0831/092651", "correlationVector":"GTL2KkGqKlmr2cJvtJkSc9.2","action":"Commit Response", "result":"Success", "context":Result: Success. cV=GTL2KkGqKlmr2cJvtJkSc9.0;server=akswtt10200000p;cloudType=Consumer;environment=Prod_southeastasia_prod-s01-064-apac-southeastasia;migrationStage=NotStarted}
{"logTime": "0831/092651", "correlationVector":"GTL2KkGqKlmr2cJvtJkSc9.3","action":"Commit.Sessions", "result":"Success", "context":{"id":"967d0569-cf7e-4a1a-a4fc-09420388594a", "isDeleted":"true", "size":"0", "version":"1756632376513"}}
{"logTime": "0831/092651", "correlationVector":"/xXLIF4VPvSr5ZbrvE9xxn","action":"Commit Request", "result":"", "context":Item count: 2
Contributing types: Preferences, Device Info}
{"logTime": "0831/092652", "correlationVector":"/xXLIF4VPvSr5ZbrvE9xxn.1","action":"SyncServerConnectionManagerRequest", "result":"SYNC_SERVER_OK", "context":{"environment":"Prod_southeastasia_prod-s01-064-apac-southeastasia", "migrationStage":"NotStarted", "server":"akswtt10200000i"}}
{"logTime": "0831/092652", "correlationVector":"/xXLIF4VPvSr5ZbrvE9xxn.2","action":"Commit Response", "result":"Success", "context":Result: Success. cV=/xXLIF4VPvSr5ZbrvE9xxn.0;server=akswtt10200000i;cloudType=Consumer;environment=Prod_southeastasia_prod-s01-064-apac-southeastasia;migrationStage=NotStarted}
{"logTime": "0831/092934", "correlationVector":"ft0fXymqPrUNutxQnwpTUM.1","action":"SyncServerConnectionManagerRequest", "result":"SYNC_SERVER_OK", "context":{"environment":"Prod_southeastasia_prod-s01-064-apac-southeastasia", "migrationStage":"NotStarted", "server":"akswtt10200000p"}}
{"logTime": "0831/092934", "correlationVector":"ft0fXymqPrUNutxQnwpTUM.2","action":"ProcessGetUpdates", "result":"Done", "context":{"dataType":"Encryption Keys", "deleted":"0", "process_failed_to_decrypt":"0", "process_pending_decryption":"0", "process_success":"1", "total":"1"}}
{"logTime": "0831/092935", "correlationVector":"sf7UsAEIxwTB2zeFeVorn7","action":"SyncServerConnectionManagerRequest", "result":"SYNC_SERVER_OK", "context":{"environment":"", "migrationStage":"", "server":""}}
{"logTime": "0831/092935", "correlationVector":"sf7UsAEIxwTB2zeFeVorn7.0","action":"EncryptionKeysFetcher.DownloadKeys:", "result":"Success", "context":Key count: 10, Last key timestamp: 2025-03-26T02:04:22Z}
{"logTime": "0831/092935", "correlationVector":"sf7UsAEIxwTB2zeFeVorn7.1","action":"EncryptionKeysManager::SetEncryptionKeys:", "result":"Success", "context":Key names[10]:[zmACwBoe5todfDpx/6bFvAYRqzWu/Y/vCWHmxUdb2aExsEBMCK1Xjpe74EOaHKwO3oI3xIpU45fjuYi2vTJYGw==][xCqH2fEXhyw9m2gC49ZWZNwXEcgu0+2KBnv8Uo0DvRsObpbmVU0Cg5i4fQVyYelkl/Bz5sF4Oe+zZrKwsRWnVw==][CsLwx6FgCWXp8VeIctXoxJKmrvxrg674dCTxMY1slRDmkzTlmxDIUnzZoMEd9taSdDnZ2T/gu0sq7frg2Tjxng==][HZ6ye72683XKZh7yX/8ugbQNZbBvIAyY8tQBtmCVapECaBW9wAiYDZ1pyu1UMeVtw9Al0afANXDp2H0t2kALPw==][FrBlFYGFD9qjzPvWsgv0r66TWeBoyx0WStr6K6KH/EcksSF1DRimEUBx479qdkEw4Y32tF0PvmniS5U42Va3tw==][DUpAafu7BtMArNsUESOP+GFprRFWRHfuSdOc5a3fNCLz0gvmoSdaY/wpw7B99OEMYpDMDQy16I3+n2Ba77FipQ==][NRWA+wTxdjNyVbDeUF/igoAbdQaA1vXX94oIdkk6g5Ea+F1ivm2TVjev0TJHGh+QToZKqCgaKv0xyvDLL6GrPg==][NavGU6YoRfAoDpYb1Z5DRQxzAkmm1AgB+eKT7pq7O3/zZuxrIGDY4L74kKpPuc5bjXj4BYj/7bpG1OYpVjfY/w==][0TNUxLj74My/L32wXTffk7Ud5+WQzcMFrN18tqQ/S6WYiOwPHPjQqGjbU8y5snD6MG+Q3Rog+K6Nui3nQ8Zqvw==][n4WLkeCzMpyFnYtbZXMw6XL/+YovkUvCu6y3GM8CvZ8nKT0798G7R51mpT/rSns/SClwkQDnanh/rcwHXHbzqQ==]}
{"logTime": "0831/092935", "correlationVector":"sf7UsAEIxwTB2zeFeVorn7.2","action":"EncryptionKeysManager::SetEncryptionKeysWithTimestamps:", "result":"Success", "context":Key timestamps[10]:[2021-04-03T18:50:54Z][2021-04-10T09:17:54Z][2021-10-08T14:25:38Z][2022-04-06T14:28:07Z][2022-10-05T12:07:37Z][2023-04-03T12:47:15Z][2023-10-01T01:33:27Z][2024-03-30T06:20:35Z][2024-09-26T08:28:43Z][2025-03-26T02:04:22Z]}
{"logTime": "0831/092935", "correlationVector":"ft0fXymqPrUNutxQnwpTUM","action":"Initial GetUpdates", "result":"", "context":Reason: NEW_CLIENT. cV=ft0fXymqPrUNutxQnwpTUM}
{"logTime": "0831/092935", "correlationVector":"ft0fXymqPrUNutxQnwpTUM.3","action":"GetUpdates Response", "result":"Success", "context":Received 1 update(s). cV=ft0fXymqPrUNutxQnwpTUM.0;server=akswtt10200000p;cloudType=Consumer;environment=Prod_southeastasia_prod-s01-064-apac-southeastasia;migrationStage=NotStarted}
{"logTime": "0831/092935", "correlationVector":"rK1OKHfl9jlBke/SE2YI0A","action":"Initial GetUpdates", "result":"", "context":Reason: NEWLY_SUPPORTED_DATATYPE. cV=rK1OKHfl9jlBke/SE2YI0A}
{"logTime": "0831/092936", "correlationVector":"rK1OKHfl9jlBke/SE2YI0A.1","action":"SyncServerConnectionManagerRequest", "result":"SYNC_SERVER_OK", "context":{"environment":"Prod_southeastasia_prod-s01-064-apac-southeastasia", "migrationStage":"NotStarted", "server":"akswtt10200000p"}}
{"logTime": "0831/092936", "correlationVector":"rK1OKHfl9jlBke/SE2YI0A.2","action":"ProcessGetUpdates", "result":"Done", "context":{"dataType":"Passwords", "deleted":"2", "process_failed_to_decrypt":"0", "process_pending_decryption":"0", "process_success":"175", "total":"175"}}
{"logTime": "0831/092936", "correlationVector":"rK1OKHfl9jlBke/SE2YI0A.3","action":"GetUpdates Response", "result":"Success", "context":Received 175 update(s). cV=rK1OKHfl9jlBke/SE2YI0A.0;server=akswtt10200000p;cloudType=Consumer;environment=Prod_southeastasia_prod-s01-064-apac-southeastasia;migrationStage=NotStarted}
{"logTime": "0831/092937", "correlationVector":"mPiOGLTxOW9pLop1vB5hMV","action":"Normal GetUpdate request", "result":"", "context":cV=mPiOGLTxOW9pLop1vB5hMV
Nudged types: Sessions, Device Info
Refresh requested types: Bookmarks, Preferences, Passwords, Autofill Profiles, Autofill, Extensions, Sessions, Extension settings, History Delete Directives, Device Info, User Consents, Send Tab To Self, Web Apps, History, Saved Tab Group, WebAuthn Credentials, Collection, Edge E Drop, Edge Hub App Usage, Edge Wallet, Encryption Keys}
{"logTime": "0831/092937", "correlationVector":"mPiOGLTxOW9pLop1vB5hMV.1","action":"SyncServerConnectionManagerRequest", "result":"SYNC_SERVER_OK", "context":{"environment":"Prod_southeastasia_prod-s01-064-apac-southeastasia", "migrationStage":"NotStarted", "server":"akswtt10200000g"}}
{"logTime": "0831/092937", "correlationVector":"mPiOGLTxOW9pLop1vB5hMV.2","action":"ProcessGetUpdates", "result":"Done", "context":{"dataType":"Preferences", "deleted":"0", "process_failed_to_decrypt":"0", "process_pending_decryption":"0", "process_success":"2", "total":"2"}}
{"logTime": "0831/092937", "correlationVector":"mPiOGLTxOW9pLop1vB5hMV.3","action":"ProcessGetUpdates", "result":"Done", "context":{"dataType":"Sessions", "deleted":"1", "process_failed_to_decrypt":"0", "process_pending_decryption":"0", "process_success":"3", "total":"3"}}
{"logTime": "0831/092937", "correlationVector":"mPiOGLTxOW9pLop1vB5hMV.4","action":"ProcessGetUpdates", "result":"Done", "context":{"dataType":"Device Info", "deleted":"0", "process_failed_to_decrypt":"0", "process_pending_decryption":"0", "process_success":"1", "total":"1"}}
{"logTime": "0831/092937", "correlationVector":"mPiOGLTxOW9pLop1vB5hMV.5","action":"ProcessGetUpdates", "result":"Done", "context":{"dataType":"History", "deleted":"0", "process_failed_to_decrypt":"0", "process_pending_decryption":"0", "process_success":"1", "total":"1"}}
{"logTime": "0831/092937", "correlationVector":"mPiOGLTxOW9pLop1vB5hMV.6","action":"GetUpdates Response", "result":"Success", "context":Received 7 update(s). cV=mPiOGLTxOW9pLop1vB5hMV.0;server=akswtt10200000g;cloudType=Consumer;environment=Prod_southeastasia_prod-s01-064-apac-southeastasia;migrationStage=NotStarted}
{"logTime": "0831/092937", "correlationVector":"LKqmTwO+7ig4NlZdIffu1w","action":"Commit Request", "result":"", "context":Item count: 9
Contributing types: Passwords, Sessions, Device Info}
{"logTime": "0831/092938", "correlationVector":"LKqmTwO+7ig4NlZdIffu1w.1","action":"SyncServerConnectionManagerRequest", "result":"SYNC_SERVER_OK", "context":{"environment":"Prod_southeastasia_prod-s01-064-apac-southeastasia", "migrationStage":"NotStarted", "server":"akswtt10200000d"}}
{"logTime": "0831/092938", "correlationVector":"LKqmTwO+7ig4NlZdIffu1w.2","action":"Commit Response", "result":"Success", "context":Result: Success. cV=LKqmTwO+7ig4NlZdIffu1w.0;server=akswtt10200000d;cloudType=Consumer;environment=Prod_southeastasia_prod-s01-064-apac-southeastasia;migrationStage=NotStarted}
{"logTime": "0831/092958", "correlationVector":"VpdymXHZ/jxwP1ZslHx6Dq","action":"Commit Request", "result":"", "context":Item count: 4
Contributing types: Sessions, Device Info, History}
{"logTime": "0831/092959", "correlationVector":"VpdymXHZ/jxwP1ZslHx6Dq.1","action":"SyncServerConnectionManagerRequest", "result":"SYNC_SERVER_OK", "context":{"environment":"Prod_southeastasia_prod-s01-064-apac-southeastasia", "migrationStage":"NotStarted", "server":"akswtt10200000r"}}
{"logTime": "0831/092959", "correlationVector":"VpdymXHZ/jxwP1ZslHx6Dq.2","action":"Commit Response", "result":"Success", "context":Result: Success. cV=VpdymXHZ/jxwP1ZslHx6Dq.0;server=akswtt10200000r;cloudType=Consumer;environment=Prod_southeastasia_prod-s01-064-apac-southeastasia;migrationStage=NotStarted}
{"logTime": "0831/092959", "correlationVector":"VpdymXHZ/jxwP1ZslHx6Dq.3","action":"Commit.Sessions", "result":"Success", "context":{"id":"349dbc2c-42d8-40c9-932a-88f17d601457", "isDeleted":"true", "size":"0", "version":"1756632575704"}}
{"logTime": "0831/092959", "correlationVector":"IbkD/AdLShJGo4fQDfUNPV","action":"Commit Request", "result":"", "context":Item count: 3
Contributing types: Preferences, Passwords}
{"logTime": "0831/093000", "correlationVector":"IbkD/AdLShJGo4fQDfUNPV.1","action":"SyncServerConnectionManagerRequest", "result":"SYNC_SERVER_OK", "context":{"environment":"Prod_southeastasia_prod-s01-064-apac-southeastasia", "migrationStage":"NotStarted", "server":"akswtt10200000c"}}
{"logTime": "0831/093000", "correlationVector":"IbkD/AdLShJGo4fQDfUNPV.2","action":"Commit Response", "result":"Success", "context":Result: Success. cV=IbkD/AdLShJGo4fQDfUNPV.0;server=akswtt10200000c;cloudType=Consumer;environment=Prod_southeastasia_prod-s01-064-apac-southeastasia;migrationStage=NotStarted}
{"logTime": "0831/093717", "correlationVector":"qdPwpFvPhHY/cSlwDT5sPz","action":"Commit Request", "result":"", "context":Item count: 3
Contributing types: Sessions, History}
{"logTime": "0831/093719", "correlationVector":"qdPwpFvPhHY/cSlwDT5sPz.1","action":"SyncServerConnectionManagerRequest", "result":"SYNC_SERVER_OK", "context":{"environment":"Prod_southeastasia_prod-s01-064-apac-southeastasia", "migrationStage":"NotStarted", "server":"akswtt10200000w"}}
{"logTime": "0831/093719", "correlationVector":"qdPwpFvPhHY/cSlwDT5sPz.2","action":"Commit Response", "result":"Success", "context":Result: Success. cV=qdPwpFvPhHY/cSlwDT5sPz.0;server=akswtt10200000w;cloudType=Consumer;environment=Prod_southeastasia_prod-s01-064-apac-southeastasia;migrationStage=NotStarted}
{"logTime": "0831/093948", "correlationVector":"8F33l6FEIv4I6BYvy5R3EN","action":"Commit Request", "result":"", "context":Item count: 5
Contributing types: Sessions, History}
{"logTime": "0831/093949", "correlationVector":"8F33l6FEIv4I6BYvy5R3EN.1","action":"SyncServerConnectionManagerRequest", "result":"SYNC_SERVER_OK", "context":{"environment":"Prod_southeastasia_prod-s01-064-apac-southeastasia", "migrationStage":"NotStarted", "server":"akswtt10200000g"}}
{"logTime": "0831/093949", "correlationVector":"8F33l6FEIv4I6BYvy5R3EN.2","action":"Commit Response", "result":"Success", "context":Result: Success. cV=8F33l6FEIv4I6BYvy5R3EN.0;server=akswtt10200000g;cloudType=Consumer;environment=Prod_southeastasia_prod-s01-064-apac-southeastasia;migrationStage=NotStarted}
{"logTime": "0831/094139", "correlationVector":"AauV7cncF2tzaR9TZ/9eGi","action":"Commit Request", "result":"", "context":Item count: 4
Contributing types: Sessions, History}
{"logTime": "0831/094140", "correlationVector":"AauV7cncF2tzaR9TZ/9eGi.1","action":"SyncServerConnectionManagerRequest", "result":"SYNC_SERVER_OK", "context":{"environment":"Prod_southeastasia_prod-s01-064-apac-southeastasia", "migrationStage":"NotStarted", "server":"akswtt10200000l"}}
{"logTime": "0831/094140", "correlationVector":"AauV7cncF2tzaR9TZ/9eGi.2","action":"Commit Response", "result":"Success", "context":Result: Success. cV=AauV7cncF2tzaR9TZ/9eGi.0;server=akswtt10200000l;cloudType=Consumer;environment=Prod_southeastasia_prod-s01-064-apac-southeastasia;migrationStage=NotStarted}
{"logTime": "0831/095402", "correlationVector":"ysvNvhtdCPPe6gzTE3K6ZF","action":"Commit Request", "result":"", "context":Item count: 1
Contributing types: Sessions}
{"logTime": "0831/095403", "correlationVector":"ysvNvhtdCPPe6gzTE3K6ZF.1","action":"SyncServerConnectionManagerRequest", "result":"SYNC_SERVER_OK", "context":{"environment":"Prod_southeastasia_prod-s01-064-apac-southeastasia", "migrationStage":"NotStarted", "server":"akswtt102000003"}}
{"logTime": "0831/095403", "correlationVector":"ysvNvhtdCPPe6gzTE3K6ZF.2","action":"Commit Response", "result":"Success", "context":Result: Success. cV=ysvNvhtdCPPe6gzTE3K6ZF.0;server=akswtt102000003;cloudType=Consumer;environment=Prod_southeastasia_prod-s01-064-apac-southeastasia;migrationStage=NotStarted}
{"logTime": "0831/095550", "correlationVector":"vOimpMxp8bxhH6aKnVgLRC","action":"Commit Request", "result":"", "context":Item count: 1
Contributing types: Sessions}
{"logTime": "0831/095550", "correlationVector":"vOimpMxp8bxhH6aKnVgLRC.1","action":"SyncServerConnectionManagerRequest", "result":"SYNC_SERVER_OK", "context":{"environment":"Prod_southeastasia_prod-s01-064-apac-southeastasia", "migrationStage":"NotStarted", "server":"akswtt10200000j"}}
{"logTime": "0831/095550", "correlationVector":"vOimpMxp8bxhH6aKnVgLRC.2","action":"Commit Response", "result":"Success", "context":Result: Success. cV=vOimpMxp8bxhH6aKnVgLRC.0;server=akswtt10200000j;cloudType=Consumer;environment=Prod_southeastasia_prod-s01-064-apac-southeastasia;migrationStage=NotStarted}
{"logTime": "0901/153257", "correlationVector":"m06b/UTA1k1P/cprGnlwAw.1","action":"SyncServerConnectionManagerRequest", "result":"SYNC_SERVER_OK", "context":{"environment":"Prod_southeastasia_prod-s01-064-apac-southeastasia", "migrationStage":"NotStarted", "server":"akswtt10200000r"}}
{"logTime": "0901/153257", "correlationVector":"m06b/UTA1k1P/cprGnlwAw.2","action":"ProcessGetUpdates", "result":"Done", "context":{"dataType":"Encryption Keys", "deleted":"0", "process_failed_to_decrypt":"0", "process_pending_decryption":"0", "process_success":"1", "total":"1"}}
{"logTime": "0901/153258", "correlationVector":"rnuKn/85ZQ2oqPWOJiXZae","action":"SyncServerConnectionManagerRequest", "result":"SYNC_SERVER_OK", "context":{"environment":"", "migrationStage":"", "server":""}}
{"logTime": "0901/153258", "correlationVector":"rnuKn/85ZQ2oqPWOJiXZae.0","action":"EncryptionKeysFetcher.DownloadKeys:", "result":"Success", "context":Key count: 10, Last key timestamp: 2025-03-26T02:04:22Z}
{"logTime": "0901/153258", "correlationVector":"rnuKn/85ZQ2oqPWOJiXZae.1","action":"EncryptionKeysManager::SetEncryptionKeys:", "result":"Success", "context":Key names[10]:[zmACwBoe5todfDpx/6bFvAYRqzWu/Y/vCWHmxUdb2aExsEBMCK1Xjpe74EOaHKwO3oI3xIpU45fjuYi2vTJYGw==][xCqH2fEXhyw9m2gC49ZWZNwXEcgu0+2KBnv8Uo0DvRsObpbmVU0Cg5i4fQVyYelkl/Bz5sF4Oe+zZrKwsRWnVw==][CsLwx6FgCWXp8VeIctXoxJKmrvxrg674dCTxMY1slRDmkzTlmxDIUnzZoMEd9taSdDnZ2T/gu0sq7frg2Tjxng==][HZ6ye72683XKZh7yX/8ugbQNZbBvIAyY8tQBtmCVapECaBW9wAiYDZ1pyu1UMeVtw9Al0afANXDp2H0t2kALPw==][FrBlFYGFD9qjzPvWsgv0r66TWeBoyx0WStr6K6KH/EcksSF1DRimEUBx479qdkEw4Y32tF0PvmniS5U42Va3tw==][DUpAafu7BtMArNsUESOP+GFprRFWRHfuSdOc5a3fNCLz0gvmoSdaY/wpw7B99OEMYpDMDQy16I3+n2Ba77FipQ==][NRWA+wTxdjNyVbDeUF/igoAbdQaA1vXX94oIdkk6g5Ea+F1ivm2TVjev0TJHGh+QToZKqCgaKv0xyvDLL6GrPg==][NavGU6YoRfAoDpYb1Z5DRQxzAkmm1AgB+eKT7pq7O3/zZuxrIGDY4L74kKpPuc5bjXj4BYj/7bpG1OYpVjfY/w==][0TNUxLj74My/L32wXTffk7Ud5+WQzcMFrN18tqQ/S6WYiOwPHPjQqGjbU8y5snD6MG+Q3Rog+K6Nui3nQ8Zqvw==][n4WLkeCzMpyFnYtbZXMw6XL/+YovkUvCu6y3GM8CvZ8nKT0798G7R51mpT/rSns/SClwkQDnanh/rcwHXHbzqQ==]}
{"logTime": "0901/153258", "correlationVector":"rnuKn/85ZQ2oqPWOJiXZae.2","action":"EncryptionKeysManager::SetEncryptionKeysWithTimestamps:", "result":"Success", "context":Key timestamps[10]:[2021-04-03T18:50:54Z][2021-04-10T09:17:54Z][2021-10-08T14:25:38Z][2022-04-06T14:28:07Z][2022-10-05T12:07:37Z][2023-04-03T12:47:15Z][2023-10-01T01:33:27Z][2024-03-30T06:20:35Z][2024-09-26T08:28:43Z][2025-03-26T02:04:22Z]}
{"logTime": "0901/153258", "correlationVector":"m06b/UTA1k1P/cprGnlwAw","action":"Initial GetUpdates", "result":"", "context":Reason: NEW_CLIENT. cV=m06b/UTA1k1P/cprGnlwAw}
{"logTime": "0901/153258", "correlationVector":"m06b/UTA1k1P/cprGnlwAw.3","action":"GetUpdates Response", "result":"Success", "context":Received 1 update(s). cV=m06b/UTA1k1P/cprGnlwAw.0;server=akswtt10200000r;cloudType=Consumer;environment=Prod_southeastasia_prod-s01-064-apac-southeastasia;migrationStage=NotStarted}
{"logTime": "0901/153258", "correlationVector":"VUeXOgRZZdKSNOIkKymdd4","action":"Initial GetUpdates", "result":"", "context":Reason: NEWLY_SUPPORTED_DATATYPE. cV=VUeXOgRZZdKSNOIkKymdd4}
{"logTime": "0901/153300", "correlationVector":"VUeXOgRZZdKSNOIkKymdd4.1","action":"SyncServerConnectionManagerRequest", "result":"SYNC_SERVER_OK", "context":{"environment":"Prod_southeastasia_prod-s01-064-apac-southeastasia", "migrationStage":"NotStarted", "server":"akswtt10200000q"}}
{"logTime": "0901/153300", "correlationVector":"VUeXOgRZZdKSNOIkKymdd4.2","action":"ProcessGetUpdates", "result":"Done", "context":{"dataType":"Passwords", "deleted":"2", "process_failed_to_decrypt":"0", "process_pending_decryption":"0", "process_success":"175", "total":"175"}}
{"logTime": "0901/153300", "correlationVector":"VUeXOgRZZdKSNOIkKymdd4.3","action":"GetUpdates Response", "result":"Success", "context":Received 175 update(s). cV=VUeXOgRZZdKSNOIkKymdd4.0;server=akswtt10200000q;cloudType=Consumer;environment=Prod_southeastasia_prod-s01-064-apac-southeastasia;migrationStage=NotStarted}
{"logTime": "0901/153300", "correlationVector":"Ymhb3gfxzxfep3KF9UGS8N","action":"Normal GetUpdate request", "result":"", "context":cV=Ymhb3gfxzxfep3KF9UGS8N
Nudged types: Sessions, Device Info, History
Refresh requested types: Bookmarks, Preferences, Passwords, Autofill Profiles, Autofill, Extensions, Sessions, Extension settings, History Delete Directives, Device Info, User Consents, Send Tab To Self, Web Apps, History, Saved Tab Group, WebAuthn Credentials, Collection, Edge E Drop, Edge Hub App Usage, Edge Wallet, Encryption Keys}
{"logTime": "0901/153300", "correlationVector":"Ymhb3gfxzxfep3KF9UGS8N.1","action":"SyncServerConnectionManagerRequest", "result":"SYNC_SERVER_OK", "context":{"environment":"Prod_southeastasia_prod-s01-064-apac-southeastasia", "migrationStage":"NotStarted", "server":"akswtt10200000o"}}
{"logTime": "0901/153300", "correlationVector":"Ymhb3gfxzxfep3KF9UGS8N.2","action":"ProcessGetUpdates", "result":"Done", "context":{"dataType":"Preferences", "deleted":"0", "process_failed_to_decrypt":"0", "process_pending_decryption":"0", "process_success":"3", "total":"3"}}
{"logTime": "0901/153300", "correlationVector":"Ymhb3gfxzxfep3KF9UGS8N.3","action":"ProcessGetUpdates", "result":"Done", "context":{"dataType":"Sessions", "deleted":"5", "process_failed_to_decrypt":"0", "process_pending_decryption":"0", "process_success":"14", "total":"14"}}
{"logTime": "0901/153300", "correlationVector":"Ymhb3gfxzxfep3KF9UGS8N.4","action":"ProcessGetUpdates", "result":"Done", "context":{"dataType":"Device Info", "deleted":"0", "process_failed_to_decrypt":"0", "process_pending_decryption":"0", "process_success":"3", "total":"3"}}
{"logTime": "0901/153300", "correlationVector":"Ymhb3gfxzxfep3KF9UGS8N.5","action":"ProcessGetUpdates", "result":"Done", "context":{"dataType":"History", "deleted":"0", "process_failed_to_decrypt":"0", "process_pending_decryption":"0", "process_success":"58", "total":"58"}}
{"logTime": "0901/153300", "correlationVector":"Ymhb3gfxzxfep3KF9UGS8N.6","action":"ProcessGetUpdates", "result":"Done", "context":{"dataType":"Edge Hub App Usage", "deleted":"1", "process_failed_to_decrypt":"0", "process_pending_decryption":"0", "process_success":"5", "total":"5"}}
{"logTime": "0901/153300", "correlationVector":"Ymhb3gfxzxfep3KF9UGS8N.7","action":"GetUpdates Response", "result":"Success", "context":Received 83 update(s). cV=Ymhb3gfxzxfep3KF9UGS8N.0;server=akswtt10200000o;cloudType=Consumer;environment=Prod_southeastasia_prod-s01-064-apac-southeastasia;migrationStage=NotStarted}
{"logTime": "0901/153301", "correlationVector":"O2lloNNCb/c/VD2wGagD2Z","action":"Poll GetUpdate request", "result":"", "context":cV=O2lloNNCb/c/VD2wGagD2Z}
{"logTime": "0901/153301", "correlationVector":"O2lloNNCb/c/VD2wGagD2Z.1","action":"SyncServerConnectionManagerRequest", "result":"SYNC_SERVER_OK", "context":{"environment":"Prod_southeastasia_prod-s01-064-apac-southeastasia", "migrationStage":"NotStarted", "server":"akswtt10200000r"}}
{"logTime": "0901/153301", "correlationVector":"O2lloNNCb/c/VD2wGagD2Z.2","action":"GetUpdates Response", "result":"Success", "context":Received 0 update(s). cV=O2lloNNCb/c/VD2wGagD2Z.0;server=akswtt10200000r;cloudType=Consumer;environment=Prod_southeastasia_prod-s01-064-apac-southeastasia;migrationStage=NotStarted}
{"logTime": "0901/153323", "correlationVector":"LPNANEq1wH3BTvS1UvwIX6","action":"Commit Request", "result":"", "context":Item count: 4
Contributing types: Preferences, Sessions, History}
{"logTime": "0901/153323", "correlationVector":"LPNANEq1wH3BTvS1UvwIX6.1","action":"SyncServerConnectionManagerRequest", "result":"SYNC_SERVER_OK", "context":{"environment":"Prod_southeastasia_prod-s01-065-apac-southeastasia", "migrationStage":"NotStarted", "server":"akswtt10200000q"}}
{"logTime": "0901/153323", "correlationVector":"LPNANEq1wH3BTvS1UvwIX6.2","action":"Commit Response", "result":"Success", "context":Result: Success. cV=LPNANEq1wH3BTvS1UvwIX6.0;server=akswtt10200000q;cloudType=Consumer;environment=Prod_southeastasia_prod-s01-065-apac-southeastasia;migrationStage=NotStarted}
{"logTime": "0901/153331", "correlationVector":"naxsUWqMb3CWv/XpJrQ+nj","action":"Commit Request", "result":"", "context":Item count: 2
Contributing types: Device Info, Edge Hub App Usage}
{"logTime": "0901/153332", "correlationVector":"naxsUWqMb3CWv/XpJrQ+nj.1","action":"SyncServerConnectionManagerRequest", "result":"SYNC_SERVER_OK", "context":{"environment":"Prod_southeastasia_prod-s01-065-apac-southeastasia", "migrationStage":"NotStarted", "server":"akswtt10200000d"}}
{"logTime": "0901/153332", "correlationVector":"naxsUWqMb3CWv/XpJrQ+nj.2","action":"Commit Response", "result":"Success", "context":Result: Success. cV=naxsUWqMb3CWv/XpJrQ+nj.0;server=akswtt10200000d;cloudType=Consumer;environment=Prod_southeastasia_prod-s01-065-apac-southeastasia;migrationStage=NotStarted}
{"logTime": "0901/153332", "correlationVector":"0Tm0gPLl5yaOeLqEG8uLW0","action":"Commit Request", "result":"", "context":Item count: 3
Contributing types: Preferences, Passwords}
{"logTime": "0901/153333", "correlationVector":"0Tm0gPLl5yaOeLqEG8uLW0.1","action":"SyncServerConnectionManagerRequest", "result":"SYNC_SERVER_OK", "context":{"environment":"Prod_southeastasia_prod-s01-065-apac-southeastasia", "migrationStage":"NotStarted", "server":"akswtt10200000h"}}
{"logTime": "0901/153333", "correlationVector":"0Tm0gPLl5yaOeLqEG8uLW0.2","action":"Commit Response", "result":"Success", "context":Result: Success. cV=0Tm0gPLl5yaOeLqEG8uLW0.0;server=akswtt10200000h;cloudType=Consumer;environment=Prod_southeastasia_prod-s01-065-apac-southeastasia;migrationStage=NotStarted}
{"logTime": "0901/153543", "correlationVector":"FGzUVd+ldat0yd2prRwQdE","action":"Commit Request", "result":"", "context":Item count: 1
Contributing types: Device Info}
{"logTime": "0901/153544", "correlationVector":"FGzUVd+ldat0yd2prRwQdE.1","action":"SyncServerConnectionManagerRequest", "result":"SYNC_SERVER_OK", "context":{"environment":"Prod_southeastasia_prod-s01-064-apac-southeastasia", "migrationStage":"NotStarted", "server":"akswtt10200000b"}}
{"logTime": "0901/153544", "correlationVector":"FGzUVd+ldat0yd2prRwQdE.2","action":"Commit Response", "result":"Success", "context":Result: Success. cV=FGzUVd+ldat0yd2prRwQdE.0;server=akswtt10200000b;cloudType=Consumer;environment=Prod_southeastasia_prod-s01-064-apac-southeastasia;migrationStage=NotStarted}
{"logTime": "0901/153920", "correlationVector":"83IUGRW/xFhGKsF82H11pc.1","action":"SyncServerConnectionManagerRequest", "result":"SYNC_SERVER_OK", "context":{"environment":"Prod_southeastasia_prod-s01-064-apac-southeastasia", "migrationStage":"NotStarted", "server":"akswtt102000002"}}
{"logTime": "0901/153920", "correlationVector":"83IUGRW/xFhGKsF82H11pc.2","action":"ProcessGetUpdates", "result":"Done", "context":{"dataType":"Encryption Keys", "deleted":"0", "process_failed_to_decrypt":"0", "process_pending_decryption":"0", "process_success":"1", "total":"1"}}
{"logTime": "0901/153921", "correlationVector":"zljxC+Qw0D0o1OXUlaKgfp","action":"SyncServerConnectionManagerRequest", "result":"SYNC_SERVER_OK", "context":{"environment":"", "migrationStage":"", "server":""}}
{"logTime": "0901/153921", "correlationVector":"zljxC+Qw0D0o1OXUlaKgfp.0","action":"EncryptionKeysFetcher.DownloadKeys:", "result":"Success", "context":Key count: 10, Last key timestamp: 2025-03-26T02:04:22Z}
{"logTime": "0901/153921", "correlationVector":"zljxC+Qw0D0o1OXUlaKgfp.1","action":"EncryptionKeysManager::SetEncryptionKeys:", "result":"Success", "context":Key names[10]:[zmACwBoe5todfDpx/6bFvAYRqzWu/Y/vCWHmxUdb2aExsEBMCK1Xjpe74EOaHKwO3oI3xIpU45fjuYi2vTJYGw==][xCqH2fEXhyw9m2gC49ZWZNwXEcgu0+2KBnv8Uo0DvRsObpbmVU0Cg5i4fQVyYelkl/Bz5sF4Oe+zZrKwsRWnVw==][CsLwx6FgCWXp8VeIctXoxJKmrvxrg674dCTxMY1slRDmkzTlmxDIUnzZoMEd9taSdDnZ2T/gu0sq7frg2Tjxng==][HZ6ye72683XKZh7yX/8ugbQNZbBvIAyY8tQBtmCVapECaBW9wAiYDZ1pyu1UMeVtw9Al0afANXDp2H0t2kALPw==][FrBlFYGFD9qjzPvWsgv0r66TWeBoyx0WStr6K6KH/EcksSF1DRimEUBx479qdkEw4Y32tF0PvmniS5U42Va3tw==][DUpAafu7BtMArNsUESOP+GFprRFWRHfuSdOc5a3fNCLz0gvmoSdaY/wpw7B99OEMYpDMDQy16I3+n2Ba77FipQ==][NRWA+wTxdjNyVbDeUF/igoAbdQaA1vXX94oIdkk6g5Ea+F1ivm2TVjev0TJHGh+QToZKqCgaKv0xyvDLL6GrPg==][NavGU6YoRfAoDpYb1Z5DRQxzAkmm1AgB+eKT7pq7O3/zZuxrIGDY4L74kKpPuc5bjXj4BYj/7bpG1OYpVjfY/w==][0TNUxLj74My/L32wXTffk7Ud5+WQzcMFrN18tqQ/S6WYiOwPHPjQqGjbU8y5snD6MG+Q3Rog+K6Nui3nQ8Zqvw==][n4WLkeCzMpyFnYtbZXMw6XL/+YovkUvCu6y3GM8CvZ8nKT0798G7R51mpT/rSns/SClwkQDnanh/rcwHXHbzqQ==]}
{"logTime": "0901/153921", "correlationVector":"zljxC+Qw0D0o1OXUlaKgfp.2","action":"EncryptionKeysManager::SetEncryptionKeysWithTimestamps:", "result":"Success", "context":Key timestamps[10]:[2021-04-03T18:50:54Z][2021-04-10T09:17:54Z][2021-10-08T14:25:38Z][2022-04-06T14:28:07Z][2022-10-05T12:07:37Z][2023-04-03T12:47:15Z][2023-10-01T01:33:27Z][2024-03-30T06:20:35Z][2024-09-26T08:28:43Z][2025-03-26T02:04:22Z]}
{"logTime": "0901/153921", "correlationVector":"83IUGRW/xFhGKsF82H11pc","action":"Initial GetUpdates", "result":"", "context":Reason: NEW_CLIENT. cV=83IUGRW/xFhGKsF82H11pc}
{"logTime": "0901/153921", "correlationVector":"83IUGRW/xFhGKsF82H11pc.3","action":"GetUpdates Response", "result":"Success", "context":Received 1 update(s). cV=83IUGRW/xFhGKsF82H11pc.0;server=akswtt102000002;cloudType=Consumer;environment=Prod_southeastasia_prod-s01-064-apac-southeastasia;migrationStage=NotStarted}
{"logTime": "0901/153921", "correlationVector":"HlhTl0b8MvFE3edA3UvUdO","action":"Initial GetUpdates", "result":"", "context":Reason: NEWLY_SUPPORTED_DATATYPE. cV=HlhTl0b8MvFE3edA3UvUdO}
{"logTime": "0901/153922", "correlationVector":"HlhTl0b8MvFE3edA3UvUdO.1","action":"SyncServerConnectionManagerRequest", "result":"SYNC_SERVER_OK", "context":{"environment":"Prod_southeastasia_prod-s01-064-apac-southeastasia", "migrationStage":"NotStarted", "server":"akswtt102000002"}}
{"logTime": "0901/153922", "correlationVector":"HlhTl0b8MvFE3edA3UvUdO.2","action":"ProcessGetUpdates", "result":"Done", "context":{"dataType":"Passwords", "deleted":"2", "process_failed_to_decrypt":"0", "process_pending_decryption":"0", "process_success":"175", "total":"175"}}
{"logTime": "0901/153922", "correlationVector":"HlhTl0b8MvFE3edA3UvUdO.3","action":"GetUpdates Response", "result":"Success", "context":Received 175 update(s). cV=HlhTl0b8MvFE3edA3UvUdO.0;server=akswtt102000002;cloudType=Consumer;environment=Prod_southeastasia_prod-s01-064-apac-southeastasia;migrationStage=NotStarted}
{"logTime": "0901/153923", "correlationVector":"miLVkcISjTn7oriVrqrtnj","action":"Normal GetUpdate request", "result":"", "context":cV=miLVkcISjTn7oriVrqrtnj
Nudged types: Sessions, Device Info
Refresh requested types: Bookmarks, Preferences, Passwords, Autofill Profiles, Autofill, Extensions, Sessions, Extension settings, History Delete Directives, Device Info, User Consents, Send Tab To Self, Web Apps, History, Saved Tab Group, WebAuthn Credentials, Collection, Edge E Drop, Edge Hub App Usage, Edge Wallet, Encryption Keys}
{"logTime": "0901/153923", "correlationVector":"miLVkcISjTn7oriVrqrtnj.1","action":"SyncServerConnectionManagerRequest", "result":"SYNC_SERVER_OK", "context":{"environment":"Prod_southeastasia_prod-s01-064-apac-southeastasia", "migrationStage":"NotStarted", "server":"akswtt102000000"}}
{"logTime": "0901/153923", "correlationVector":"miLVkcISjTn7oriVrqrtnj.2","action":"ProcessGetUpdates", "result":"Done", "context":{"dataType":"Preferences", "deleted":"0", "process_failed_to_decrypt":"0", "process_pending_decryption":"0", "process_success":"3", "total":"3"}}
{"logTime": "0901/153923", "correlationVector":"miLVkcISjTn7oriVrqrtnj.3","action":"ProcessGetUpdates", "result":"Done", "context":{"dataType":"Sessions", "deleted":"0", "process_failed_to_decrypt":"0", "process_pending_decryption":"0", "process_success":"2", "total":"2"}}
{"logTime": "0901/153923", "correlationVector":"miLVkcISjTn7oriVrqrtnj.4","action":"ProcessGetUpdates", "result":"Done", "context":{"dataType":"Device Info", "deleted":"0", "process_failed_to_decrypt":"0", "process_pending_decryption":"0", "process_success":"1", "total":"1"}}
{"logTime": "0901/153923", "correlationVector":"miLVkcISjTn7oriVrqrtnj.5","action":"ProcessGetUpdates", "result":"Done", "context":{"dataType":"History", "deleted":"0", "process_failed_to_decrypt":"0", "process_pending_decryption":"0", "process_success":"1", "total":"1"}}
{"logTime": "0901/153923", "correlationVector":"miLVkcISjTn7oriVrqrtnj.6","action":"ProcessGetUpdates", "result":"Done", "context":{"dataType":"Edge Hub App Usage", "deleted":"0", "process_failed_to_decrypt":"0", "process_pending_decryption":"0", "process_success":"1", "total":"1"}}
{"logTime": "0901/153923", "correlationVector":"miLVkcISjTn7oriVrqrtnj.7","action":"GetUpdates Response", "result":"Success", "context":Received 8 update(s). cV=miLVkcISjTn7oriVrqrtnj.0;server=akswtt102000000;cloudType=Consumer;environment=Prod_southeastasia_prod-s01-064-apac-southeastasia;migrationStage=NotStarted}
{"logTime": "0901/153923", "correlationVector":"scL3/6niQTks3YWceKeSoa","action":"Commit Request", "result":"", "context":Item count: 4
Contributing types: Sessions, Device Info}
{"logTime": "0901/153924", "correlationVector":"scL3/6niQTks3YWceKeSoa.1","action":"SyncServerConnectionManagerRequest", "result":"SYNC_SERVER_OK", "context":{"environment":"Prod_southeastasia_prod-s01-064-apac-southeastasia", "migrationStage":"NotStarted", "server":"akswtt10200000m"}}
{"logTime": "0901/153924", "correlationVector":"scL3/6niQTks3YWceKeSoa.2","action":"Commit Response", "result":"Success", "context":Result: Success. cV=scL3/6niQTks3YWceKeSoa.0;server=akswtt10200000m;cloudType=Consumer;environment=Prod_southeastasia_prod-s01-064-apac-southeastasia;migrationStage=NotStarted}
{"logTime": "0901/153940", "correlationVector":"84Rm21SC6e1asM5G/9IYsl","action":"Commit Request", "result":"", "context":Item count: 1
Contributing types: Device Info}
{"logTime": "0901/153940", "correlationVector":"84Rm21SC6e1asM5G/9IYsl.1","action":"SyncServerConnectionManagerRequest", "result":"SYNC_SERVER_OK", "context":{"environment":"Prod_southeastasia_prod-s01-065-apac-southeastasia", "migrationStage":"NotStarted", "server":"akswtt10200000o"}}
{"logTime": "0901/153940", "correlationVector":"84Rm21SC6e1asM5G/9IYsl.2","action":"Commit Response", "result":"Success", "context":Result: Success. cV=84Rm21SC6e1asM5G/9IYsl.0;server=akswtt10200000o;cloudType=Consumer;environment=Prod_southeastasia_prod-s01-065-apac-southeastasia;migrationStage=NotStarted}
{"logTime": "0901/153941", "correlationVector":"o7+3QjtHVWGlacP9G5A0gP","action":"Commit Request", "result":"", "context":Item count: 3
Contributing types: Preferences, Passwords}
{"logTime": "0901/153941", "correlationVector":"o7+3QjtHVWGlacP9G5A0gP.1","action":"SyncServerConnectionManagerRequest", "result":"SYNC_SERVER_OK", "context":{"environment":"Prod_southeastasia_prod-s01-065-apac-southeastasia", "migrationStage":"NotStarted", "server":"akswtt10200000i"}}
{"logTime": "0901/153941", "correlationVector":"o7+3QjtHVWGlacP9G5A0gP.2","action":"Commit Response", "result":"Success", "context":Result: Success. cV=o7+3QjtHVWGlacP9G5A0gP.0;server=akswtt10200000i;cloudType=Consumer;environment=Prod_southeastasia_prod-s01-065-apac-southeastasia;migrationStage=NotStarted}
{"logTime": "0901/154046", "correlationVector":"4cZgQ8jdeJha7Z3NTMjaG3","action":"Commit Request", "result":"", "context":Item count: 3
Contributing types: Sessions, History}
{"logTime": "0901/154047", "correlationVector":"4cZgQ8jdeJha7Z3NTMjaG3.1","action":"SyncServerConnectionManagerRequest", "result":"SYNC_SERVER_OK", "context":{"environment":"Prod_southeastasia_prod-s01-064-apac-southeastasia", "migrationStage":"NotStarted", "server":"akswtt102000004"}}
{"logTime": "0901/154047", "correlationVector":"4cZgQ8jdeJha7Z3NTMjaG3.2","action":"Commit Response", "result":"Success", "context":Result: Success. cV=4cZgQ8jdeJha7Z3NTMjaG3.0;server=akswtt102000004;cloudType=Consumer;environment=Prod_southeastasia_prod-s01-064-apac-southeastasia;migrationStage=NotStarted}
{"logTime": "0901/154047", "correlationVector":"4cZgQ8jdeJha7Z3NTMjaG3.3","action":"Commit.Sessions", "result":"Success", "context":{"id":"60649699-2b0b-40cd-a39c-91335d6bf123", "isDeleted":"true", "size":"0", "version":"1756741164274"}}
{"logTime": "0901/154323", "correlationVector":"S55nVlZzV+ib4dODtOhcl/","action":"Commit Request", "result":"", "context":Item count: 1
Contributing types: Sessions}
{"logTime": "0901/154324", "correlationVector":"S55nVlZzV+ib4dODtOhcl/.1","action":"SyncServerConnectionManagerRequest", "result":"SYNC_SERVER_OK", "context":{"environment":"Prod_southeastasia_prod-s01-064-apac-southeastasia", "migrationStage":"NotStarted", "server":"akswtt10200000r"}}
{"logTime": "0901/154324", "correlationVector":"S55nVlZzV+ib4dODtOhcl/.2","action":"Commit Response", "result":"Success", "context":Result: Success. cV=S55nVlZzV+ib4dODtOhcl/.0;server=akswtt10200000r;cloudType=Consumer;environment=Prod_southeastasia_prod-s01-064-apac-southeastasia;migrationStage=NotStarted}
{"logTime": "0901/154455", "correlationVector":"iLRFPT2Rg1GN2IlFOXWcf+","action":"Commit Request", "result":"", "context":Item count: 1
Contributing types: Sessions}
{"logTime": "0901/154455", "correlationVector":"iLRFPT2Rg1GN2IlFOXWcf+.1","action":"SyncServerConnectionManagerRequest", "result":"SYNC_SERVER_OK", "context":{"environment":"Prod_southeastasia_prod-s01-065-apac-southeastasia", "migrationStage":"NotStarted", "server":"akswtt10200000o"}}
{"logTime": "0901/154455", "correlationVector":"iLRFPT2Rg1GN2IlFOXWcf+.2","action":"Commit Response", "result":"Success", "context":Result: Success. cV=iLRFPT2Rg1GN2IlFOXWcf+.0;server=akswtt10200000o;cloudType=Consumer;environment=Prod_southeastasia_prod-s01-065-apac-southeastasia;migrationStage=NotStarted}
{"logTime": "0901/154605", "correlationVector":"4wcAjgdnNVbl25BW7/gwaI","action":"Commit Request", "result":"", "context":Item count: 1
Contributing types: Sessions}
{"logTime": "0901/154605", "correlationVector":"4wcAjgdnNVbl25BW7/gwaI.1","action":"SyncServerConnectionManagerRequest", "result":"SYNC_SERVER_OK", "context":{"environment":"Prod_southeastasia_prod-s01-064-apac-southeastasia", "migrationStage":"NotStarted", "server":"akswtt102000008"}}
{"logTime": "0901/154605", "correlationVector":"4wcAjgdnNVbl25BW7/gwaI.2","action":"Commit Response", "result":"Success", "context":Result: Success. cV=4wcAjgdnNVbl25BW7/gwaI.0;server=akswtt102000008;cloudType=Consumer;environment=Prod_southeastasia_prod-s01-064-apac-southeastasia;migrationStage=NotStarted}
{"logTime": "0901/154738", "correlationVector":"2vUT1ObwSOoHI10mkdlSyv.1","action":"SyncServerConnectionManagerRequest", "result":"SYNC_SERVER_OK", "context":{"environment":"Prod_southeastasia_prod-s01-064-apac-southeastasia", "migrationStage":"NotStarted", "server":"akswtt10200000d"}}
{"logTime": "0901/154738", "correlationVector":"2vUT1ObwSOoHI10mkdlSyv.2","action":"ProcessGetUpdates", "result":"Done", "context":{"dataType":"Encryption Keys", "deleted":"0", "process_failed_to_decrypt":"0", "process_pending_decryption":"0", "process_success":"1", "total":"1"}}
{"logTime": "0901/154739", "correlationVector":"cW778q5YfVVMEjKvaPmjBm","action":"SyncServerConnectionManagerRequest", "result":"SYNC_SERVER_OK", "context":{"environment":"", "migrationStage":"", "server":""}}
{"logTime": "0901/154739", "correlationVector":"cW778q5YfVVMEjKvaPmjBm.0","action":"EncryptionKeysFetcher.DownloadKeys:", "result":"Success", "context":Key count: 10, Last key timestamp: 2025-03-26T02:04:22Z}
{"logTime": "0901/154739", "correlationVector":"cW778q5YfVVMEjKvaPmjBm.1","action":"EncryptionKeysManager::SetEncryptionKeys:", "result":"Success", "context":Key names[10]:[zmACwBoe5todfDpx/6bFvAYRqzWu/Y/vCWHmxUdb2aExsEBMCK1Xjpe74EOaHKwO3oI3xIpU45fjuYi2vTJYGw==][xCqH2fEXhyw9m2gC49ZWZNwXEcgu0+2KBnv8Uo0DvRsObpbmVU0Cg5i4fQVyYelkl/Bz5sF4Oe+zZrKwsRWnVw==][CsLwx6FgCWXp8VeIctXoxJKmrvxrg674dCTxMY1slRDmkzTlmxDIUnzZoMEd9taSdDnZ2T/gu0sq7frg2Tjxng==][HZ6ye72683XKZh7yX/8ugbQNZbBvIAyY8tQBtmCVapECaBW9wAiYDZ1pyu1UMeVtw9Al0afANXDp2H0t2kALPw==][FrBlFYGFD9qjzPvWsgv0r66TWeBoyx0WStr6K6KH/EcksSF1DRimEUBx479qdkEw4Y32tF0PvmniS5U42Va3tw==][DUpAafu7BtMArNsUESOP+GFprRFWRHfuSdOc5a3fNCLz0gvmoSdaY/wpw7B99OEMYpDMDQy16I3+n2Ba77FipQ==][NRWA+wTxdjNyVbDeUF/igoAbdQaA1vXX94oIdkk6g5Ea+F1ivm2TVjev0TJHGh+QToZKqCgaKv0xyvDLL6GrPg==][NavGU6YoRfAoDpYb1Z5DRQxzAkmm1AgB+eKT7pq7O3/zZuxrIGDY4L74kKpPuc5bjXj4BYj/7bpG1OYpVjfY/w==][0TNUxLj74My/L32wXTffk7Ud5+WQzcMFrN18tqQ/S6WYiOwPHPjQqGjbU8y5snD6MG+Q3Rog+K6Nui3nQ8Zqvw==][n4WLkeCzMpyFnYtbZXMw6XL/+YovkUvCu6y3GM8CvZ8nKT0798G7R51mpT/rSns/SClwkQDnanh/rcwHXHbzqQ==]}
{"logTime": "0901/154739", "correlationVector":"cW778q5YfVVMEjKvaPmjBm.2","action":"EncryptionKeysManager::SetEncryptionKeysWithTimestamps:", "result":"Success", "context":Key timestamps[10]:[2021-04-03T18:50:54Z][2021-04-10T09:17:54Z][2021-10-08T14:25:38Z][2022-04-06T14:28:07Z][2022-10-05T12:07:37Z][2023-04-03T12:47:15Z][2023-10-01T01:33:27Z][2024-03-30T06:20:35Z][2024-09-26T08:28:43Z][2025-03-26T02:04:22Z]}
{"logTime": "0901/154739", "correlationVector":"2vUT1ObwSOoHI10mkdlSyv","action":"Initial GetUpdates", "result":"", "context":Reason: NEW_CLIENT. cV=2vUT1ObwSOoHI10mkdlSyv}
{"logTime": "0901/154739", "correlationVector":"2vUT1ObwSOoHI10mkdlSyv.3","action":"GetUpdates Response", "result":"Success", "context":Received 1 update(s). cV=2vUT1ObwSOoHI10mkdlSyv.0;server=akswtt10200000d;cloudType=Consumer;environment=Prod_southeastasia_prod-s01-064-apac-southeastasia;migrationStage=NotStarted}
{"logTime": "0901/154739", "correlationVector":"8jTG4b9oPBr0cCSkEFrJ2u","action":"Initial GetUpdates", "result":"", "context":Reason: NEWLY_SUPPORTED_DATATYPE. cV=8jTG4b9oPBr0cCSkEFrJ2u}
{"logTime": "0901/154739", "correlationVector":"8jTG4b9oPBr0cCSkEFrJ2u.1","action":"SyncServerConnectionManagerRequest", "result":"SYNC_SERVER_OK", "context":{"environment":"Prod_southeastasia_prod-s01-064-apac-southeastasia", "migrationStage":"NotStarted", "server":"akswtt10200000a"}}
{"logTime": "0901/154739", "correlationVector":"8jTG4b9oPBr0cCSkEFrJ2u.2","action":"ProcessGetUpdates", "result":"Done", "context":{"dataType":"Passwords", "deleted":"2", "process_failed_to_decrypt":"0", "process_pending_decryption":"0", "process_success":"175", "total":"175"}}
{"logTime": "0901/154739", "correlationVector":"8jTG4b9oPBr0cCSkEFrJ2u.3","action":"GetUpdates Response", "result":"Success", "context":Received 175 update(s). cV=8jTG4b9oPBr0cCSkEFrJ2u.0;server=akswtt10200000a;cloudType=Consumer;environment=Prod_southeastasia_prod-s01-064-apac-southeastasia;migrationStage=NotStarted}
{"logTime": "0901/154739", "correlationVector":"dQ63EeEAqn/4Ga87HkGYyE","action":"Normal GetUpdate request", "result":"", "context":cV=dQ63EeEAqn/4Ga87HkGYyE
Nudged types: Sessions, Device Info, History
Refresh requested types: Bookmarks, Preferences, Passwords, Autofill Profiles, Autofill, Extensions, Sessions, Extension settings, History Delete Directives, Device Info, User Consents, Send Tab To Self, Web Apps, History, Saved Tab Group, WebAuthn Credentials, Collection, Edge E Drop, Edge Hub App Usage, Edge Wallet, Encryption Keys}
{"logTime": "0901/154740", "correlationVector":"dQ63EeEAqn/4Ga87HkGYyE.1","action":"SyncServerConnectionManagerRequest", "result":"SYNC_SERVER_OK", "context":{"environment":"Prod_southeastasia_prod-s01-064-apac-southeastasia", "migrationStage":"NotStarted", "server":"akswtt10200000a"}}
{"logTime": "0901/154740", "correlationVector":"dQ63EeEAqn/4Ga87HkGYyE.2","action":"ProcessGetUpdates", "result":"Done", "context":{"dataType":"Preferences", "deleted":"0", "process_failed_to_decrypt":"0", "process_pending_decryption":"0", "process_success":"2", "total":"2"}}
{"logTime": "0901/154740", "correlationVector":"dQ63EeEAqn/4Ga87HkGYyE.3","action":"ProcessGetUpdates", "result":"Done", "context":{"dataType":"Sessions", "deleted":"1", "process_failed_to_decrypt":"0", "process_pending_decryption":"0", "process_success":"3", "total":"3"}}
{"logTime": "0901/154740", "correlationVector":"dQ63EeEAqn/4Ga87HkGYyE.4","action":"ProcessGetUpdates", "result":"Done", "context":{"dataType":"Device Info", "deleted":"0", "process_failed_to_decrypt":"0", "process_pending_decryption":"0", "process_success":"1", "total":"1"}}
{"logTime": "0901/154740", "correlationVector":"dQ63EeEAqn/4Ga87HkGYyE.5","action":"ProcessGetUpdates", "result":"Done", "context":{"dataType":"History", "deleted":"0", "process_failed_to_decrypt":"0", "process_pending_decryption":"0", "process_success":"1", "total":"1"}}
{"logTime": "0901/154740", "correlationVector":"dQ63EeEAqn/4Ga87HkGYyE.6","action":"GetUpdates Response", "result":"Success", "context":Received 7 update(s). cV=dQ63EeEAqn/4Ga87HkGYyE.0;server=akswtt10200000a;cloudType=Consumer;environment=Prod_southeastasia_prod-s01-064-apac-southeastasia;migrationStage=NotStarted}
{"logTime": "0901/154740", "correlationVector":"xDgMLxhn7kEp1QV314ihUb","action":"Commit Request", "result":"", "context":Item count: 4
Contributing types: Sessions, Device Info}
{"logTime": "0901/154741", "correlationVector":"xDgMLxhn7kEp1QV314ihUb.1","action":"SyncServerConnectionManagerRequest", "result":"SYNC_SERVER_OK", "context":{"environment":"Prod_southeastasia_prod-s01-064-apac-southeastasia", "migrationStage":"NotStarted", "server":"akswtt10200000a"}}
{"logTime": "0901/154741", "correlationVector":"xDgMLxhn7kEp1QV314ihUb.2","action":"Commit Response", "result":"Success", "context":Result: Success. cV=xDgMLxhn7kEp1QV314ihUb.0;server=akswtt10200000a;cloudType=Consumer;environment=Prod_southeastasia_prod-s01-064-apac-southeastasia;migrationStage=NotStarted}
{"logTime": "0901/154741", "correlationVector":"xDgMLxhn7kEp1QV314ihUb.3","action":"Commit.Sessions", "result":"Success", "context":{"id":"164fa70e-c2bd-4699-bcbe-f883e52918fc", "isDeleted":"true", "size":"0", "version":"1756741565350"}}
{"logTime": "0901/154809", "correlationVector":"v1dC44dTS9zwVlZYW6rrrn","action":"Commit Request", "result":"", "context":Item count: 5
Contributing types: Preferences, Passwords, Sessions, Device Info, History}
{"logTime": "0901/154810", "correlationVector":"v1dC44dTS9zwVlZYW6rrrn.1","action":"SyncServerConnectionManagerRequest", "result":"SYNC_SERVER_OK", "context":{"environment":"Prod_southeastasia_prod-s01-065-apac-southeastasia", "migrationStage":"NotStarted", "server":"akswtt102000008"}}
{"logTime": "0901/154810", "correlationVector":"v1dC44dTS9zwVlZYW6rrrn.2","action":"Commit Response", "result":"Success", "context":Result: Success. cV=v1dC44dTS9zwVlZYW6rrrn.0;server=akswtt102000008;cloudType=Consumer;environment=Prod_southeastasia_prod-s01-065-apac-southeastasia;migrationStage=NotStarted}
{"logTime": "0901/154812", "correlationVector":"7lOgH7R9Ztznp/PYy/JTZV","action":"Commit Request", "result":"", "context":Item count: 1
Contributing types: Preferences}
{"logTime": "0901/154813", "correlationVector":"7lOgH7R9Ztznp/PYy/JTZV.1","action":"SyncServerConnectionManagerRequest", "result":"SYNC_SERVER_OK", "context":{"environment":"Prod_southeastasia_prod-s01-065-apac-southeastasia", "migrationStage":"NotStarted", "server":"akswtt10200000c"}}
{"logTime": "0901/154813", "correlationVector":"7lOgH7R9Ztznp/PYy/JTZV.2","action":"Commit Response", "result":"Success", "context":Result: Success. cV=7lOgH7R9Ztznp/PYy/JTZV.0;server=akswtt10200000c;cloudType=Consumer;environment=Prod_southeastasia_prod-s01-065-apac-southeastasia;migrationStage=NotStarted}
{"logTime": "0901/155013", "correlationVector":"2weEPk1vp4i6JQSGDlX7Ot","action":"Commit Request", "result":"", "context":Item count: 1
Contributing types: Sessions}
{"logTime": "0901/155013", "correlationVector":"2weEPk1vp4i6JQSGDlX7Ot.1","action":"SyncServerConnectionManagerRequest", "result":"SYNC_SERVER_OK", "context":{"environment":"Prod_southeastasia_prod-s01-065-apac-southeastasia", "migrationStage":"NotStarted", "server":"akswtt10200000t"}}
{"logTime": "0901/155013", "correlationVector":"2weEPk1vp4i6JQSGDlX7Ot.2","action":"Commit Response", "result":"Success", "context":Result: Success. cV=2weEPk1vp4i6JQSGDlX7Ot.0;server=akswtt10200000t;cloudType=Consumer;environment=Prod_southeastasia_prod-s01-065-apac-southeastasia;migrationStage=NotStarted}
{"logTime": "0901/155116", "correlationVector":"wdQh4H4Wypcmk0chf7S5A7","action":"Commit Request", "result":"", "context":Item count: 1
Contributing types: Sessions}
{"logTime": "0901/155117", "correlationVector":"wdQh4H4Wypcmk0chf7S5A7.1","action":"SyncServerConnectionManagerRequest", "result":"SYNC_SERVER_OK", "context":{"environment":"Prod_southeastasia_prod-s01-065-apac-southeastasia", "migrationStage":"NotStarted", "server":"akswtt102000006"}}
{"logTime": "0901/155117", "correlationVector":"wdQh4H4Wypcmk0chf7S5A7.2","action":"Commit Response", "result":"Success", "context":Result: Success. cV=wdQh4H4Wypcmk0chf7S5A7.0;server=akswtt102000006;cloudType=Consumer;environment=Prod_southeastasia_prod-s01-065-apac-southeastasia;migrationStage=NotStarted}
{"logTime": "0901/155257", "correlationVector":"UkZ9XXlJoTMP1myYRM2cnJ","action":"Commit Request", "result":"", "context":Item count: 1
Contributing types: Sessions}
{"logTime": "0901/155258", "correlationVector":"UkZ9XXlJoTMP1myYRM2cnJ.1","action":"SyncServerConnectionManagerRequest", "result":"SYNC_SERVER_OK", "context":{"environment":"Prod_southeastasia_prod-s01-065-apac-southeastasia", "migrationStage":"NotStarted", "server":"akswtt10200000p"}}
{"logTime": "0901/155258", "correlationVector":"UkZ9XXlJoTMP1myYRM2cnJ.2","action":"Commit Response", "result":"Success", "context":Result: Success. cV=UkZ9XXlJoTMP1myYRM2cnJ.0;server=akswtt10200000p;cloudType=Consumer;environment=Prod_southeastasia_prod-s01-065-apac-southeastasia;migrationStage=NotStarted}
{"logTime": "0901/155432", "correlationVector":"DGtY4YmumXNSUnAA1JJUCq","action":"Commit Request", "result":"", "context":Item count: 1
Contributing types: Sessions}
{"logTime": "0901/155433", "correlationVector":"DGtY4YmumXNSUnAA1JJUCq.1","action":"SyncServerConnectionManagerRequest", "result":"SYNC_SERVER_OK", "context":{"environment":"Prod_southeastasia_prod-s01-064-apac-southeastasia", "migrationStage":"NotStarted", "server":"akswtt10200000m"}}
{"logTime": "0901/155433", "correlationVector":"DGtY4YmumXNSUnAA1JJUCq.2","action":"Commit Response", "result":"Success", "context":Result: Success. cV=DGtY4YmumXNSUnAA1JJUCq.0;server=akswtt10200000m;cloudType=Consumer;environment=Prod_southeastasia_prod-s01-064-apac-southeastasia;migrationStage=NotStarted}
{"logTime": "0901/155539", "correlationVector":"86B4jaCnpUbl96mjYiKbtd","action":"Commit Request", "result":"", "context":Item count: 1
Contributing types: Sessions}
{"logTime": "0901/155539", "correlationVector":"86B4jaCnpUbl96mjYiKbtd.1","action":"SyncServerConnectionManagerRequest", "result":"SYNC_SERVER_OK", "context":{"environment":"Prod_southeastasia_prod-s01-064-apac-southeastasia", "migrationStage":"NotStarted", "server":"akswtt10200000b"}}
{"logTime": "0901/155539", "correlationVector":"86B4jaCnpUbl96mjYiKbtd.2","action":"Commit Response", "result":"Success", "context":Result: Success. cV=86B4jaCnpUbl96mjYiKbtd.0;server=akswtt10200000b;cloudType=Consumer;environment=Prod_southeastasia_prod-s01-064-apac-southeastasia;migrationStage=NotStarted}
{"logTime": "0901/155709", "correlationVector":"cAFx2H/abY1J3JqAYbs12h","action":"Commit Request", "result":"", "context":Item count: 1
Contributing types: Sessions}
{"logTime": "0901/155709", "correlationVector":"cAFx2H/abY1J3JqAYbs12h.1","action":"SyncServerConnectionManagerRequest", "result":"SYNC_SERVER_OK", "context":{"environment":"Prod_southeastasia_prod-s01-065-apac-southeastasia", "migrationStage":"NotStarted", "server":"akswtt10200000i"}}
{"logTime": "0901/155709", "correlationVector":"cAFx2H/abY1J3JqAYbs12h.2","action":"Commit Response", "result":"Success", "context":Result: Success. cV=cAFx2H/abY1J3JqAYbs12h.0;server=akswtt10200000i;cloudType=Consumer;environment=Prod_southeastasia_prod-s01-065-apac-southeastasia;migrationStage=NotStarted}
{"logTime": "0901/160336", "correlationVector":"7PsLLLI/j+bkY8qgWkq9jw","action":"Commit Request", "result":"", "context":Item count: 1
Contributing types: Sessions}
{"logTime": "0901/160336", "correlationVector":"7PsLLLI/j+bkY8qgWkq9jw.1","action":"SyncServerConnectionManagerRequest", "result":"SYNC_SERVER_OK", "context":{"environment":"Prod_southeastasia_prod-s01-065-apac-southeastasia", "migrationStage":"NotStarted", "server":"akswtt10200000b"}}
{"logTime": "0901/160336", "correlationVector":"7PsLLLI/j+bkY8qgWkq9jw.2","action":"Commit Response", "result":"Success", "context":Result: Success. cV=7PsLLLI/j+bkY8qgWkq9jw.0;server=akswtt10200000b;cloudType=Consumer;environment=Prod_southeastasia_prod-s01-065-apac-southeastasia;migrationStage=NotStarted}
{"logTime": "0901/160531", "correlationVector":"cDB7P+FFINJIVx5N+xyN6X","action":"Commit Request", "result":"", "context":Item count: 1
Contributing types: Sessions}
{"logTime": "0901/160531", "correlationVector":"cDB7P+FFINJIVx5N+xyN6X.1","action":"SyncServerConnectionManagerRequest", "result":"SYNC_SERVER_OK", "context":{"environment":"Prod_southeastasia_prod-s01-065-apac-southeastasia", "migrationStage":"NotStarted", "server":"akswtt10200000t"}}
{"logTime": "0901/160531", "correlationVector":"cDB7P+FFINJIVx5N+xyN6X.2","action":"Commit Response", "result":"Success", "context":Result: Success. cV=cDB7P+FFINJIVx5N+xyN6X.0;server=akswtt10200000t;cloudType=Consumer;environment=Prod_southeastasia_prod-s01-065-apac-southeastasia;migrationStage=NotStarted}
{"logTime": "0901/160634", "correlationVector":"CRIBS5iO2Np4Llj7mbQz55","action":"Commit Request", "result":"", "context":Item count: 1
Contributing types: Sessions}
{"logTime": "0901/160635", "correlationVector":"CRIBS5iO2Np4Llj7mbQz55.1","action":"SyncServerConnectionManagerRequest", "result":"SYNC_SERVER_OK", "context":{"environment":"Prod_southeastasia_prod-s01-065-apac-southeastasia", "migrationStage":"NotStarted", "server":"akswtt10200000t"}}
{"logTime": "0901/160635", "correlationVector":"CRIBS5iO2Np4Llj7mbQz55.2","action":"Commit Response", "result":"Success", "context":Result: Success. cV=CRIBS5iO2Np4Llj7mbQz55.0;server=akswtt10200000t;cloudType=Consumer;environment=Prod_southeastasia_prod-s01-065-apac-southeastasia;migrationStage=NotStarted}
{"logTime": "0901/160821", "correlationVector":"zn8eekceFx6MUlGjZ/xJaM","action":"Commit Request", "result":"", "context":Item count: 1
Contributing types: Sessions}
{"logTime": "0901/160821", "correlationVector":"zn8eekceFx6MUlGjZ/xJaM.1","action":"SyncServerConnectionManagerRequest", "result":"SYNC_SERVER_OK", "context":{"environment":"Prod_southeastasia_prod-s01-065-apac-southeastasia", "migrationStage":"NotStarted", "server":"akswtt102000000"}}
{"logTime": "0901/160821", "correlationVector":"zn8eekceFx6MUlGjZ/xJaM.2","action":"Commit Response", "result":"Success", "context":Result: Success. cV=zn8eekceFx6MUlGjZ/xJaM.0;server=akswtt102000000;cloudType=Consumer;environment=Prod_southeastasia_prod-s01-065-apac-southeastasia;migrationStage=NotStarted}
{"logTime": "0901/160944", "correlationVector":"tCBt8u8BWgo0kh7K58VfNe","action":"Commit Request", "result":"", "context":Item count: 1
Contributing types: Sessions}
{"logTime": "0901/160944", "correlationVector":"tCBt8u8BWgo0kh7K58VfNe.1","action":"SyncServerConnectionManagerRequest", "result":"SYNC_SERVER_OK", "context":{"environment":"Prod_southeastasia_prod-s01-065-apac-southeastasia", "migrationStage":"NotStarted", "server":"akswtt10200000c"}}
{"logTime": "0901/160944", "correlationVector":"tCBt8u8BWgo0kh7K58VfNe.2","action":"Commit Response", "result":"Success", "context":Result: Success. cV=tCBt8u8BWgo0kh7K58VfNe.0;server=akswtt10200000c;cloudType=Consumer;environment=Prod_southeastasia_prod-s01-065-apac-southeastasia;migrationStage=NotStarted}
{"logTime": "0901/161055", "correlationVector":"jnRyM+/LGRnBvzzQSBLX9A","action":"Commit Request", "result":"", "context":Item count: 1
Contributing types: Sessions}
{"logTime": "0901/161055", "correlationVector":"jnRyM+/LGRnBvzzQSBLX9A.1","action":"SyncServerConnectionManagerRequest", "result":"SYNC_SERVER_OK", "context":{"environment":"Prod_southeastasia_prod-s01-065-apac-southeastasia", "migrationStage":"NotStarted", "server":"akswtt102000005"}}
{"logTime": "0901/161055", "correlationVector":"jnRyM+/LGRnBvzzQSBLX9A.2","action":"Commit Response", "result":"Success", "context":Result: Success. cV=jnRyM+/LGRnBvzzQSBLX9A.0;server=akswtt102000005;cloudType=Consumer;environment=Prod_southeastasia_prod-s01-065-apac-southeastasia;migrationStage=NotStarted}
{"logTime": "0901/161216", "correlationVector":"6WpIw8SHUS2Z4Ym1Z/Q8q6","action":"Commit Request", "result":"", "context":Item count: 1
Contributing types: Sessions}
{"logTime": "0901/161216", "correlationVector":"6WpIw8SHUS2Z4Ym1Z/Q8q6.1","action":"SyncServerConnectionManagerRequest", "result":"SYNC_SERVER_OK", "context":{"environment":"Prod_southeastasia_prod-s01-065-apac-southeastasia", "migrationStage":"NotStarted", "server":"akswtt102000007"}}
{"logTime": "0901/161216", "correlationVector":"6WpIw8SHUS2Z4Ym1Z/Q8q6.2","action":"Commit Response", "result":"Success", "context":Result: Success. cV=6WpIw8SHUS2Z4Ym1Z/Q8q6.0;server=akswtt102000007;cloudType=Consumer;environment=Prod_southeastasia_prod-s01-065-apac-southeastasia;migrationStage=NotStarted}
{"logTime": "0901/161804", "correlationVector":"lF52gJAgf3Q1JeXFZ/gssi","action":"Commit Request", "result":"", "context":Item count: 1
Contributing types: Sessions}
{"logTime": "0901/161804", "correlationVector":"lF52gJAgf3Q1JeXFZ/gssi.1","action":"SyncServerConnectionManagerRequest", "result":"SYNC_SERVER_OK", "context":{"environment":"Prod_southeastasia_prod-s01-065-apac-southeastasia", "migrationStage":"NotStarted", "server":"akswtt102000009"}}
{"logTime": "0901/161804", "correlationVector":"lF52gJAgf3Q1JeXFZ/gssi.2","action":"Commit Response", "result":"Success", "context":Result: Success. cV=lF52gJAgf3Q1JeXFZ/gssi.0;server=akswtt102000009;cloudType=Consumer;environment=Prod_southeastasia_prod-s01-065-apac-southeastasia;migrationStage=NotStarted}
{"logTime": "0901/163049", "correlationVector":"hXHhji8mgsVcJdPo9UEwl1","action":"Normal GetUpdate request", "result":"", "context":cV=hXHhji8mgsVcJdPo9UEwl1
Nudged types: Sessions
Notified types: Edge Hub App Usage}
{"logTime": "0901/163050", "correlationVector":"hXHhji8mgsVcJdPo9UEwl1.1","action":"SyncServerConnectionManagerRequest", "result":"SYNC_SERVER_OK", "context":{"environment":"Prod_southeastasia_prod-s01-065-apac-southeastasia", "migrationStage":"NotStarted", "server":"akswtt10200000d"}}
{"logTime": "0901/163050", "correlationVector":"hXHhji8mgsVcJdPo9UEwl1.2","action":"ProcessGetUpdates", "result":"Done", "context":{"dataType":"Preferences", "deleted":"0", "process_failed_to_decrypt":"0", "process_pending_decryption":"0", "process_success":"2", "total":"2"}}
{"logTime": "0901/163050", "correlationVector":"hXHhji8mgsVcJdPo9UEwl1.3","action":"ProcessGetUpdates", "result":"Done", "context":{"dataType":"Passwords", "deleted":"0", "process_failed_to_decrypt":"0", "process_pending_decryption":"0", "process_success":"1", "total":"1"}}
{"logTime": "0901/163050", "correlationVector":"hXHhji8mgsVcJdPo9UEwl1.4","action":"ProcessGetUpdates", "result":"Done", "context":{"dataType":"Sessions", "deleted":"1", "process_failed_to_decrypt":"0", "process_pending_decryption":"0", "process_success":"3", "total":"3"}}
{"logTime": "0901/163050", "correlationVector":"hXHhji8mgsVcJdPo9UEwl1.5","action":"ProcessGetUpdates", "result":"Done", "context":{"dataType":"Device Info", "deleted":"0", "process_failed_to_decrypt":"0", "process_pending_decryption":"0", "process_success":"1", "total":"1"}}
{"logTime": "0901/163050", "correlationVector":"hXHhji8mgsVcJdPo9UEwl1.6","action":"ProcessGetUpdates", "result":"Done", "context":{"dataType":"History", "deleted":"0", "process_failed_to_decrypt":"0", "process_pending_decryption":"0", "process_success":"1", "total":"1"}}
{"logTime": "0901/163050", "correlationVector":"hXHhji8mgsVcJdPo9UEwl1.7","action":"ProcessGetUpdates", "result":"Done", "context":{"dataType":"Edge Hub App Usage", "deleted":"0", "process_failed_to_decrypt":"0", "process_pending_decryption":"0", "process_success":"1", "total":"1"}}
{"logTime": "0901/163050", "correlationVector":"hXHhji8mgsVcJdPo9UEwl1.8","action":"GetUpdates Response", "result":"Success", "context":Received 9 update(s). cV=hXHhji8mgsVcJdPo9UEwl1.0;server=akswtt10200000d;cloudType=Consumer;environment=Prod_southeastasia_prod-s01-065-apac-southeastasia;migrationStage=NotStarted}
{"logTime": "0901/163050", "correlationVector":"y0VGOXHX2MI/1DTkoGwKr6","action":"Commit Request", "result":"", "context":Item count: 1
Contributing types: Sessions}
{"logTime": "0901/163050", "correlationVector":"y0VGOXHX2MI/1DTkoGwKr6.1","action":"SyncServerConnectionManagerRequest", "result":"SYNC_SERVER_OK", "context":{"environment":"Prod_southeastasia_prod-s01-065-apac-southeastasia", "migrationStage":"NotStarted", "server":"akswtt10200000g"}}
{"logTime": "0901/163050", "correlationVector":"y0VGOXHX2MI/1DTkoGwKr6.2","action":"Commit Response", "result":"Success", "context":Result: Success. cV=y0VGOXHX2MI/1DTkoGwKr6.0;server=akswtt10200000g;cloudType=Consumer;environment=Prod_southeastasia_prod-s01-065-apac-southeastasia;migrationStage=NotStarted}
{"logTime": "0901/163150", "correlationVector":"RmUk9bi46aIJNPA0dkqA3X","action":"Commit Request", "result":"", "context":Item count: 1
Contributing types: Sessions}
{"logTime": "0901/163151", "correlationVector":"RmUk9bi46aIJNPA0dkqA3X.1","action":"SyncServerConnectionManagerRequest", "result":"SYNC_SERVER_OK", "context":{"environment":"Prod_southeastasia_prod-s01-064-apac-southeastasia", "migrationStage":"NotStarted", "server":"akswtt102000001"}}
{"logTime": "0901/163151", "correlationVector":"RmUk9bi46aIJNPA0dkqA3X.2","action":"Commit Response", "result":"Success", "context":Result: Success. cV=RmUk9bi46aIJNPA0dkqA3X.0;server=akswtt102000001;cloudType=Consumer;environment=Prod_southeastasia_prod-s01-064-apac-southeastasia;migrationStage=NotStarted}
{"logTime": "0901/163346", "correlationVector":"l+p5cD8Z8hdI5vTVwFjMGq","action":"Commit Request", "result":"", "context":Item count: 1
Contributing types: Sessions}
{"logTime": "0901/163346", "correlationVector":"l+p5cD8Z8hdI5vTVwFjMGq.1","action":"SyncServerConnectionManagerRequest", "result":"SYNC_SERVER_OK", "context":{"environment":"Prod_southeastasia_prod-s01-064-apac-southeastasia", "migrationStage":"NotStarted", "server":"akswtt10200000f"}}
{"logTime": "0901/163346", "correlationVector":"l+p5cD8Z8hdI5vTVwFjMGq.2","action":"Commit Response", "result":"Success", "context":Result: Success. cV=l+p5cD8Z8hdI5vTVwFjMGq.0;server=akswtt10200000f;cloudType=Consumer;environment=Prod_southeastasia_prod-s01-064-apac-southeastasia;migrationStage=NotStarted}
{"logTime": "0901/164007", "correlationVector":"i1y1q5z3Wo8PTzbHH3Kp8A","action":"Commit Request", "result":"", "context":Item count: 3
Contributing types: Sessions, History}
{"logTime": "0901/164008", "correlationVector":"i1y1q5z3Wo8PTzbHH3Kp8A.1","action":"SyncServerConnectionManagerRequest", "result":"SYNC_SERVER_OK", "context":{"environment":"Prod_southeastasia_prod-s01-064-apac-southeastasia", "migrationStage":"NotStarted", "server":"akswtt10200000a"}}
{"logTime": "0901/164008", "correlationVector":"i1y1q5z3Wo8PTzbHH3Kp8A.2","action":"Commit Response", "result":"Success", "context":Result: Success. cV=i1y1q5z3Wo8PTzbHH3Kp8A.0;server=akswtt10200000a;cloudType=Consumer;environment=Prod_southeastasia_prod-s01-064-apac-southeastasia;migrationStage=NotStarted}
{"logTime": "0901/164138", "correlationVector":"OKRNiP5TSrvsfEassCyJ4N","action":"Commit Request", "result":"", "context":Item count: 1
Contributing types: Sessions}
{"logTime": "0901/164138", "correlationVector":"OKRNiP5TSrvsfEassCyJ4N.1","action":"SyncServerConnectionManagerRequest", "result":"SYNC_SERVER_OK", "context":{"environment":"Prod_southeastasia_prod-s01-064-apac-southeastasia", "migrationStage":"NotStarted", "server":"akswtt10200000a"}}
{"logTime": "0901/164138", "correlationVector":"OKRNiP5TSrvsfEassCyJ4N.2","action":"Commit Response", "result":"Success", "context":Result: Success. cV=OKRNiP5TSrvsfEassCyJ4N.0;server=akswtt10200000a;cloudType=Consumer;environment=Prod_southeastasia_prod-s01-064-apac-southeastasia;migrationStage=NotStarted}
{"logTime": "0901/164301", "correlationVector":"o33uI+5ZKUrWkYkv1obeNi","action":"Commit Request", "result":"", "context":Item count: 1
Contributing types: Sessions}
{"logTime": "0901/164302", "correlationVector":"o33uI+5ZKUrWkYkv1obeNi.1","action":"SyncServerConnectionManagerRequest", "result":"SYNC_SERVER_OK", "context":{"environment":"Prod_southeastasia_prod-s01-064-apac-southeastasia", "migrationStage":"NotStarted", "server":"akswtt102000003"}}
{"logTime": "0901/164302", "correlationVector":"o33uI+5ZKUrWkYkv1obeNi.2","action":"Commit Response", "result":"Success", "context":Result: Success. cV=o33uI+5ZKUrWkYkv1obeNi.0;server=akswtt102000003;cloudType=Consumer;environment=Prod_southeastasia_prod-s01-064-apac-southeastasia;migrationStage=NotStarted}
{"logTime": "0901/164414", "correlationVector":"byxHx02l7EgpWCPsXg7UcU","action":"Commit Request", "result":"", "context":Item count: 1
Contributing types: Sessions}
{"logTime": "0901/164414", "correlationVector":"byxHx02l7EgpWCPsXg7UcU.1","action":"SyncServerConnectionManagerRequest", "result":"SYNC_SERVER_OK", "context":{"environment":"Prod_southeastasia_prod-s01-064-apac-southeastasia", "migrationStage":"NotStarted", "server":"akswtt102000008"}}
{"logTime": "0901/164414", "correlationVector":"byxHx02l7EgpWCPsXg7UcU.2","action":"Commit Response", "result":"Success", "context":Result: Success. cV=byxHx02l7EgpWCPsXg7UcU.0;server=akswtt102000008;cloudType=Consumer;environment=Prod_southeastasia_prod-s01-064-apac-southeastasia;migrationStage=NotStarted}
{"logTime": "0901/164545", "correlationVector":"K2ViD2YqvirZRYLyJZo0jG","action":"Commit Request", "result":"", "context":Item count: 1
Contributing types: Sessions}
{"logTime": "0901/164546", "correlationVector":"K2ViD2YqvirZRYLyJZo0jG.1","action":"SyncServerConnectionManagerRequest", "result":"SYNC_SERVER_OK", "context":{"environment":"Prod_southeastasia_prod-s01-064-apac-southeastasia", "migrationStage":"NotStarted", "server":"akswtt10200000m"}}
{"logTime": "0901/164546", "correlationVector":"K2ViD2YqvirZRYLyJZo0jG.2","action":"Commit Response", "result":"Success", "context":Result: Success. cV=K2ViD2YqvirZRYLyJZo0jG.0;server=akswtt10200000m;cloudType=Consumer;environment=Prod_southeastasia_prod-s01-064-apac-southeastasia;migrationStage=NotStarted}
{"logTime": "0901/165941", "correlationVector":"p91Drg8pSy4qCwiQYqyd/K.1","action":"SyncServerConnectionManagerRequest", "result":"SYNC_SERVER_OK", "context":{"environment":"Prod_southeastasia_prod-s01-064-apac-southeastasia", "migrationStage":"NotStarted", "server":"akswtt102000004"}}
{"logTime": "0901/165941", "correlationVector":"p91Drg8pSy4qCwiQYqyd/K.2","action":"ProcessGetUpdates", "result":"Done", "context":{"dataType":"Encryption Keys", "deleted":"0", "process_failed_to_decrypt":"0", "process_pending_decryption":"0", "process_success":"1", "total":"1"}}
{"logTime": "0901/165942", "correlationVector":"FFOxgob887yx+1IjkzDO3u","action":"SyncServerConnectionManagerRequest", "result":"SYNC_SERVER_OK", "context":{"environment":"", "migrationStage":"", "server":""}}
{"logTime": "0901/165942", "correlationVector":"FFOxgob887yx+1IjkzDO3u.0","action":"EncryptionKeysFetcher.DownloadKeys:", "result":"Success", "context":Key count: 10, Last key timestamp: 2025-03-26T02:04:22Z}
{"logTime": "0901/165942", "correlationVector":"FFOxgob887yx+1IjkzDO3u.1","action":"EncryptionKeysManager::SetEncryptionKeys:", "result":"Success", "context":Key names[10]:[zmACwBoe5todfDpx/6bFvAYRqzWu/Y/vCWHmxUdb2aExsEBMCK1Xjpe74EOaHKwO3oI3xIpU45fjuYi2vTJYGw==][xCqH2fEXhyw9m2gC49ZWZNwXEcgu0+2KBnv8Uo0DvRsObpbmVU0Cg5i4fQVyYelkl/Bz5sF4Oe+zZrKwsRWnVw==][CsLwx6FgCWXp8VeIctXoxJKmrvxrg674dCTxMY1slRDmkzTlmxDIUnzZoMEd9taSdDnZ2T/gu0sq7frg2Tjxng==][HZ6ye72683XKZh7yX/8ugbQNZbBvIAyY8tQBtmCVapECaBW9wAiYDZ1pyu1UMeVtw9Al0afANXDp2H0t2kALPw==][FrBlFYGFD9qjzPvWsgv0r66TWeBoyx0WStr6K6KH/EcksSF1DRimEUBx479qdkEw4Y32tF0PvmniS5U42Va3tw==][DUpAafu7BtMArNsUESOP+GFprRFWRHfuSdOc5a3fNCLz0gvmoSdaY/wpw7B99OEMYpDMDQy16I3+n2Ba77FipQ==][NRWA+wTxdjNyVbDeUF/igoAbdQaA1vXX94oIdkk6g5Ea+F1ivm2TVjev0TJHGh+QToZKqCgaKv0xyvDLL6GrPg==][NavGU6YoRfAoDpYb1Z5DRQxzAkmm1AgB+eKT7pq7O3/zZuxrIGDY4L74kKpPuc5bjXj4BYj/7bpG1OYpVjfY/w==][0TNUxLj74My/L32wXTffk7Ud5+WQzcMFrN18tqQ/S6WYiOwPHPjQqGjbU8y5snD6MG+Q3Rog+K6Nui3nQ8Zqvw==][n4WLkeCzMpyFnYtbZXMw6XL/+YovkUvCu6y3GM8CvZ8nKT0798G7R51mpT/rSns/SClwkQDnanh/rcwHXHbzqQ==]}
{"logTime": "0901/165942", "correlationVector":"FFOxgob887yx+1IjkzDO3u.2","action":"EncryptionKeysManager::SetEncryptionKeysWithTimestamps:", "result":"Success", "context":Key timestamps[10]:[2021-04-03T18:50:54Z][2021-04-10T09:17:54Z][2021-10-08T14:25:38Z][2022-04-06T14:28:07Z][2022-10-05T12:07:37Z][2023-04-03T12:47:15Z][2023-10-01T01:33:27Z][2024-03-30T06:20:35Z][2024-09-26T08:28:43Z][2025-03-26T02:04:22Z]}
{"logTime": "0901/165942", "correlationVector":"p91Drg8pSy4qCwiQYqyd/K","action":"Initial GetUpdates", "result":"", "context":Reason: NEW_CLIENT. cV=p91Drg8pSy4qCwiQYqyd/K}
{"logTime": "0901/165942", "correlationVector":"p91Drg8pSy4qCwiQYqyd/K.3","action":"GetUpdates Response", "result":"Success", "context":Received 1 update(s). cV=p91Drg8pSy4qCwiQYqyd/K.0;server=akswtt102000004;cloudType=Consumer;environment=Prod_southeastasia_prod-s01-064-apac-southeastasia;migrationStage=NotStarted}
{"logTime": "0901/165942", "correlationVector":"JNUW+Ga7GYuFN43b7QMZPY","action":"Initial GetUpdates", "result":"", "context":Reason: NEWLY_SUPPORTED_DATATYPE. cV=JNUW+Ga7GYuFN43b7QMZPY}
{"logTime": "0901/165943", "correlationVector":"JNUW+Ga7GYuFN43b7QMZPY.1","action":"SyncServerConnectionManagerRequest", "result":"SYNC_SERVER_OK", "context":{"environment":"Prod_southeastasia_prod-s01-064-apac-southeastasia", "migrationStage":"NotStarted", "server":"akswtt102000009"}}
{"logTime": "0901/165943", "correlationVector":"JNUW+Ga7GYuFN43b7QMZPY.2","action":"ProcessGetUpdates", "result":"Done", "context":{"dataType":"Passwords", "deleted":"2", "process_failed_to_decrypt":"0", "process_pending_decryption":"0", "process_success":"175", "total":"175"}}
{"logTime": "0901/165943", "correlationVector":"JNUW+Ga7GYuFN43b7QMZPY.3","action":"GetUpdates Response", "result":"Success", "context":Received 175 update(s). cV=JNUW+Ga7GYuFN43b7QMZPY.0;server=akswtt102000009;cloudType=Consumer;environment=Prod_southeastasia_prod-s01-064-apac-southeastasia;migrationStage=NotStarted}
{"logTime": "0901/165943", "correlationVector":"LlfuTNB1KI5kgsWK6/D0vs","action":"Normal GetUpdate request", "result":"", "context":cV=LlfuTNB1KI5kgsWK6/D0vs
Nudged types: Sessions, Device Info, History
Refresh requested types: Bookmarks, Preferences, Passwords, Autofill Profiles, Autofill, Extensions, Sessions, Extension settings, History Delete Directives, Device Info, User Consents, Send Tab To Self, Web Apps, History, Saved Tab Group, WebAuthn Credentials, Collection, Edge E Drop, Edge Hub App Usage, Edge Wallet, Encryption Keys}
{"logTime": "0901/165943", "correlationVector":"LlfuTNB1KI5kgsWK6/D0vs.1","action":"SyncServerConnectionManagerRequest", "result":"SYNC_SERVER_OK", "context":{"environment":"Prod_southeastasia_prod-s01-064-apac-southeastasia", "migrationStage":"NotStarted", "server":"akswtt10200000q"}}
{"logTime": "0901/165943", "correlationVector":"LlfuTNB1KI5kgsWK6/D0vs.2","action":"ProcessGetUpdates", "result":"Done", "context":{"dataType":"Sessions", "deleted":"0", "process_failed_to_decrypt":"0", "process_pending_decryption":"0", "process_success":"1", "total":"1"}}
{"logTime": "0901/165943", "correlationVector":"LlfuTNB1KI5kgsWK6/D0vs.3","action":"ProcessGetUpdates", "result":"Done", "context":{"dataType":"History", "deleted":"0", "process_failed_to_decrypt":"0", "process_pending_decryption":"0", "process_success":"2", "total":"2"}}
{"logTime": "0901/165943", "correlationVector":"LlfuTNB1KI5kgsWK6/D0vs.4","action":"GetUpdates Response", "result":"Success", "context":Received 3 update(s). cV=LlfuTNB1KI5kgsWK6/D0vs.0;server=akswtt10200000q;cloudType=Consumer;environment=Prod_southeastasia_prod-s01-064-apac-southeastasia;migrationStage=NotStarted}
{"logTime": "0901/165944", "correlationVector":"5FMFDqNBC16x6JvAyXpPwW","action":"Commit Request", "result":"", "context":Item count: 5
Contributing types: Sessions, Device Info, History}
{"logTime": "0901/165945", "correlationVector":"5FMFDqNBC16x6JvAyXpPwW.1","action":"SyncServerConnectionManagerRequest", "result":"SYNC_SERVER_OK", "context":{"environment":"Prod_southeastasia_prod-s01-064-apac-southeastasia", "migrationStage":"NotStarted", "server":"akswtt10200000c"}}
{"logTime": "0901/165945", "correlationVector":"5FMFDqNBC16x6JvAyXpPwW.2","action":"Commit Response", "result":"Success", "context":Result: Success. cV=5FMFDqNBC16x6JvAyXpPwW.0;server=akswtt10200000c;cloudType=Consumer;environment=Prod_southeastasia_prod-s01-064-apac-southeastasia;migrationStage=NotStarted}
{"logTime": "0901/170010", "correlationVector":"kqrurxW5GGfhVtlORLIvYa","action":"Commit Request", "result":"", "context":Item count: 4
Contributing types: Sessions, Device Info, History}
{"logTime": "0901/170011", "correlationVector":"kqrurxW5GGfhVtlORLIvYa.1","action":"SyncServerConnectionManagerRequest", "result":"SYNC_SERVER_OK", "context":{"environment":"Prod_southeastasia_prod-s01-064-apac-southeastasia", "migrationStage":"NotStarted", "server":"akswtt102000007"}}
{"logTime": "0901/170011", "correlationVector":"kqrurxW5GGfhVtlORLIvYa.2","action":"Commit Response", "result":"Success", "context":Result: Success. cV=kqrurxW5GGfhVtlORLIvYa.0;server=akswtt102000007;cloudType=Consumer;environment=Prod_southeastasia_prod-s01-064-apac-southeastasia;migrationStage=NotStarted}
{"logTime": "0901/170011", "correlationVector":"kqrurxW5GGfhVtlORLIvYa.3","action":"Commit.Sessions", "result":"Success", "context":{"id":"4ff4bec6-3c1d-4b5a-b192-ca0b0a38533a", "isDeleted":"true", "size":"0", "version":"1756745984970"}}
{"logTime": "0901/170012", "correlationVector":"ZDHJaJdn6FFttTjjjm0YLe","action":"Commit Request", "result":"", "context":Item count: 3
Contributing types: Preferences, Passwords}
{"logTime": "0901/170012", "correlationVector":"ZDHJaJdn6FFttTjjjm0YLe.1","action":"SyncServerConnectionManagerRequest", "result":"SYNC_SERVER_OK", "context":{"environment":"Prod_southeastasia_prod-s01-064-apac-southeastasia", "migrationStage":"NotStarted", "server":"akswtt10200000f"}}
{"logTime": "0901/170012", "correlationVector":"ZDHJaJdn6FFttTjjjm0YLe.2","action":"Commit Response", "result":"Success", "context":Result: Success. cV=ZDHJaJdn6FFttTjjjm0YLe.0;server=akswtt10200000f;cloudType=Consumer;environment=Prod_southeastasia_prod-s01-064-apac-southeastasia;migrationStage=NotStarted}
{"logTime": "0901/170518", "correlationVector":"cBJYrEfEB+qjc1GNYOoJgY","action":"Commit Request", "result":"", "context":Item count: 1
Contributing types: Sessions}
{"logTime": "0901/170518", "correlationVector":"cBJYrEfEB+qjc1GNYOoJgY.1","action":"SyncServerConnectionManagerRequest", "result":"SYNC_SERVER_OK", "context":{"environment":"Prod_southeastasia_prod-s01-064-apac-southeastasia", "migrationStage":"NotStarted", "server":"akswtt102000006"}}
{"logTime": "0901/170518", "correlationVector":"cBJYrEfEB+qjc1GNYOoJgY.2","action":"Commit Response", "result":"Success", "context":Result: Success. cV=cBJYrEfEB+qjc1GNYOoJgY.0;server=akswtt102000006;cloudType=Consumer;environment=Prod_southeastasia_prod-s01-064-apac-southeastasia;migrationStage=NotStarted}
{"logTime": "0901/170624", "correlationVector":"stFbDAchaRBJ993OuFTm6B","action":"Commit Request", "result":"", "context":Item count: 1
Contributing types: Sessions}
{"logTime": "0901/170625", "correlationVector":"stFbDAchaRBJ993OuFTm6B.1","action":"SyncServerConnectionManagerRequest", "result":"SYNC_SERVER_OK", "context":{"environment":"Prod_southeastasia_prod-s01-064-apac-southeastasia", "migrationStage":"NotStarted", "server":"akswtt10200000f"}}
{"logTime": "0901/170625", "correlationVector":"stFbDAchaRBJ993OuFTm6B.2","action":"Commit Response", "result":"Success", "context":Result: Success. cV=stFbDAchaRBJ993OuFTm6B.0;server=akswtt10200000f;cloudType=Consumer;environment=Prod_southeastasia_prod-s01-064-apac-southeastasia;migrationStage=NotStarted}
{"logTime": "0901/170915", "correlationVector":"qK1tM9SQpW1xd79o88f7Xb","action":"Commit Request", "result":"", "context":Item count: 1
Contributing types: Sessions}
{"logTime": "0901/170916", "correlationVector":"qK1tM9SQpW1xd79o88f7Xb.1","action":"SyncServerConnectionManagerRequest", "result":"SYNC_SERVER_OK", "context":{"environment":"Prod_southeastasia_prod-s01-064-apac-southeastasia", "migrationStage":"NotStarted", "server":"akswtt102000001"}}
{"logTime": "0901/170916", "correlationVector":"qK1tM9SQpW1xd79o88f7Xb.2","action":"Commit Response", "result":"Success", "context":Result: Success. cV=qK1tM9SQpW1xd79o88f7Xb.0;server=akswtt102000001;cloudType=Consumer;environment=Prod_southeastasia_prod-s01-064-apac-southeastasia;migrationStage=NotStarted}
{"logTime": "0901/171027", "correlationVector":"+lqIbAQ4TGmzpIF82dzYbI","action":"Commit Request", "result":"", "context":Item count: 1
Contributing types: Sessions}
{"logTime": "0901/171027", "correlationVector":"+lqIbAQ4TGmzpIF82dzYbI.1","action":"SyncServerConnectionManagerRequest", "result":"SYNC_SERVER_OK", "context":{"environment":"Prod_southeastasia_prod-s01-064-apac-southeastasia", "migrationStage":"NotStarted", "server":"akswtt102000000"}}
{"logTime": "0901/171027", "correlationVector":"+lqIbAQ4TGmzpIF82dzYbI.2","action":"Commit Response", "result":"Success", "context":Result: Success. cV=+lqIbAQ4TGmzpIF82dzYbI.0;server=akswtt102000000;cloudType=Consumer;environment=Prod_southeastasia_prod-s01-064-apac-southeastasia;migrationStage=NotStarted}
{"logTime": "0901/171134", "correlationVector":"/GTKpDb9jHcydfhyKVjPFI","action":"Commit Request", "result":"", "context":Item count: 1
Contributing types: Sessions}
{"logTime": "0901/171134", "correlationVector":"/GTKpDb9jHcydfhyKVjPFI.1","action":"SyncServerConnectionManagerRequest", "result":"SYNC_SERVER_OK", "context":{"environment":"Prod_southeastasia_prod-s01-064-apac-southeastasia", "migrationStage":"NotStarted", "server":"akswtt102000000"}}
{"logTime": "0901/171134", "correlationVector":"/GTKpDb9jHcydfhyKVjPFI.2","action":"Commit Response", "result":"Success", "context":Result: Success. cV=/GTKpDb9jHcydfhyKVjPFI.0;server=akswtt102000000;cloudType=Consumer;environment=Prod_southeastasia_prod-s01-064-apac-southeastasia;migrationStage=NotStarted}
{"logTime": "0901/171241", "correlationVector":"NsHiGyxp4/WbqumuINfBrC","action":"Commit Request", "result":"", "context":Item count: 1
Contributing types: Sessions}
{"logTime": "0901/171242", "correlationVector":"NsHiGyxp4/WbqumuINfBrC.1","action":"SyncServerConnectionManagerRequest", "result":"SYNC_SERVER_OK", "context":{"environment":"Prod_southeastasia_prod-s01-064-apac-southeastasia", "migrationStage":"NotStarted", "server":"akswtt10200000c"}}
{"logTime": "0901/171242", "correlationVector":"NsHiGyxp4/WbqumuINfBrC.2","action":"Commit Response", "result":"Success", "context":Result: Success. cV=NsHiGyxp4/WbqumuINfBrC.0;server=akswtt10200000c;cloudType=Consumer;environment=Prod_southeastasia_prod-s01-064-apac-southeastasia;migrationStage=NotStarted}
{"logTime": "0901/171354", "correlationVector":"V3pUFNPzrwa5eO3MjCQhgY","action":"Commit Request", "result":"", "context":Item count: 1
Contributing types: Sessions}
{"logTime": "0901/171355", "correlationVector":"V3pUFNPzrwa5eO3MjCQhgY.1","action":"SyncServerConnectionManagerRequest", "result":"SYNC_SERVER_OK", "context":{"environment":"Prod_southeastasia_prod-s01-064-apac-southeastasia", "migrationStage":"NotStarted", "server":"akswtt10200000f"}}
{"logTime": "0901/171355", "correlationVector":"V3pUFNPzrwa5eO3MjCQhgY.2","action":"Commit Response", "result":"Success", "context":Result: Success. cV=V3pUFNPzrwa5eO3MjCQhgY.0;server=akswtt10200000f;cloudType=Consumer;environment=Prod_southeastasia_prod-s01-064-apac-southeastasia;migrationStage=NotStarted}
{"logTime": "0901/171553", "correlationVector":"S9l52/sxNeqrUjKruZKpJn","action":"Commit Request", "result":"", "context":Item count: 1
Contributing types: Sessions}
{"logTime": "0901/171554", "correlationVector":"S9l52/sxNeqrUjKruZKpJn.1","action":"SyncServerConnectionManagerRequest", "result":"SYNC_SERVER_OK", "context":{"environment":"Prod_southeastasia_prod-s01-064-apac-southeastasia", "migrationStage":"NotStarted", "server":"akswtt102000008"}}
{"logTime": "0901/171554", "correlationVector":"S9l52/sxNeqrUjKruZKpJn.2","action":"Commit Response", "result":"Success", "context":Result: Success. cV=S9l52/sxNeqrUjKruZKpJn.0;server=akswtt102000008;cloudType=Consumer;environment=Prod_southeastasia_prod-s01-064-apac-southeastasia;migrationStage=NotStarted}
{"logTime": "0901/171714", "correlationVector":"hdDRk7dXfbbao3GEo+oNWu","action":"Commit Request", "result":"", "context":Item count: 1
Contributing types: Sessions}
{"logTime": "0901/171714", "correlationVector":"hdDRk7dXfbbao3GEo+oNWu.1","action":"SyncServerConnectionManagerRequest", "result":"SYNC_SERVER_OK", "context":{"environment":"Prod_southeastasia_prod-s01-064-apac-southeastasia", "migrationStage":"NotStarted", "server":"akswtt102000000"}}
{"logTime": "0901/171714", "correlationVector":"hdDRk7dXfbbao3GEo+oNWu.2","action":"Commit Response", "result":"Success", "context":Result: Success. cV=hdDRk7dXfbbao3GEo+oNWu.0;server=akswtt102000000;cloudType=Consumer;environment=Prod_southeastasia_prod-s01-064-apac-southeastasia;migrationStage=NotStarted}
{"logTime": "0901/171816", "correlationVector":"Vshln9gvFckYTctCgPg6nE","action":"Commit Request", "result":"", "context":Item count: 1
Contributing types: Sessions}
{"logTime": "0901/171816", "correlationVector":"Vshln9gvFckYTctCgPg6nE.1","action":"SyncServerConnectionManagerRequest", "result":"SYNC_SERVER_OK", "context":{"environment":"Prod_southeastasia_prod-s01-064-apac-southeastasia", "migrationStage":"NotStarted", "server":"akswtt10200000f"}}
{"logTime": "0901/171816", "correlationVector":"Vshln9gvFckYTctCgPg6nE.2","action":"Commit Response", "result":"Success", "context":Result: Success. cV=Vshln9gvFckYTctCgPg6nE.0;server=akswtt10200000f;cloudType=Consumer;environment=Prod_southeastasia_prod-s01-064-apac-southeastasia;migrationStage=NotStarted}
{"logTime": "0901/171927", "correlationVector":"PtDdGerlJrY3tC8PlOnwRb","action":"Commit Request", "result":"", "context":Item count: 1
Contributing types: Sessions}
{"logTime": "0901/171927", "correlationVector":"PtDdGerlJrY3tC8PlOnwRb.1","action":"SyncServerConnectionManagerRequest", "result":"SYNC_SERVER_OK", "context":{"environment":"Prod_southeastasia_prod-s01-064-apac-southeastasia", "migrationStage":"NotStarted", "server":"akswtt10200000c"}}
{"logTime": "0901/171927", "correlationVector":"PtDdGerlJrY3tC8PlOnwRb.2","action":"Commit Response", "result":"Success", "context":Result: Success. cV=PtDdGerlJrY3tC8PlOnwRb.0;server=akswtt10200000c;cloudType=Consumer;environment=Prod_southeastasia_prod-s01-064-apac-southeastasia;migrationStage=NotStarted}
{"logTime": "0901/172043", "correlationVector":"t2f6hMajgXi/WMWAluwop0","action":"Commit Request", "result":"", "context":Item count: 1
Contributing types: Sessions}
{"logTime": "0901/172044", "correlationVector":"t2f6hMajgXi/WMWAluwop0.1","action":"SyncServerConnectionManagerRequest", "result":"SYNC_SERVER_OK", "context":{"environment":"Prod_southeastasia_prod-s01-064-apac-southeastasia", "migrationStage":"NotStarted", "server":"akswtt10200000m"}}
{"logTime": "0901/172044", "correlationVector":"t2f6hMajgXi/WMWAluwop0.2","action":"Commit Response", "result":"Success", "context":Result: Success. cV=t2f6hMajgXi/WMWAluwop0.0;server=akswtt10200000m;cloudType=Consumer;environment=Prod_southeastasia_prod-s01-064-apac-southeastasia;migrationStage=NotStarted}
{"logTime": "0901/172227", "correlationVector":"Gah6uYR9CVkwtyVz3oqMM3","action":"Commit Request", "result":"", "context":Item count: 1
Contributing types: Sessions}
{"logTime": "0901/172228", "correlationVector":"Gah6uYR9CVkwtyVz3oqMM3.1","action":"SyncServerConnectionManagerRequest", "result":"SYNC_SERVER_OK", "context":{"environment":"Prod_southeastasia_prod-s01-064-apac-southeastasia", "migrationStage":"NotStarted", "server":"akswtt102000009"}}
{"logTime": "0901/172228", "correlationVector":"Gah6uYR9CVkwtyVz3oqMM3.2","action":"Commit Response", "result":"Success", "context":Result: Success. cV=Gah6uYR9CVkwtyVz3oqMM3.0;server=akswtt102000009;cloudType=Consumer;environment=Prod_southeastasia_prod-s01-064-apac-southeastasia;migrationStage=NotStarted}
{"logTime": "0901/172740", "correlationVector":"gRA+3WHeN+o9ibDXlfeKUu","action":"Commit Request", "result":"", "context":Item count: 1
Contributing types: Sessions}
{"logTime": "0901/172740", "correlationVector":"gRA+3WHeN+o9ibDXlfeKUu.1","action":"SyncServerConnectionManagerRequest", "result":"SYNC_SERVER_OK", "context":{"environment":"Prod_southeastasia_prod-s01-064-apac-southeastasia", "migrationStage":"NotStarted", "server":"akswtt10200000b"}}
{"logTime": "0901/172740", "correlationVector":"gRA+3WHeN+o9ibDXlfeKUu.2","action":"Commit Response", "result":"Success", "context":Result: Success. cV=gRA+3WHeN+o9ibDXlfeKUu.0;server=akswtt10200000b;cloudType=Consumer;environment=Prod_southeastasia_prod-s01-064-apac-southeastasia;migrationStage=NotStarted}
{"logTime": "0901/172840", "correlationVector":"VMpcR1kxq6AwU7YVYejvgC","action":"Commit Request", "result":"", "context":Item count: 1
Contributing types: Sessions}
{"logTime": "0901/172841", "correlationVector":"VMpcR1kxq6AwU7YVYejvgC.1","action":"SyncServerConnectionManagerRequest", "result":"SYNC_SERVER_OK", "context":{"environment":"Prod_southeastasia_prod-s01-064-apac-southeastasia", "migrationStage":"NotStarted", "server":"akswtt10200000i"}}
{"logTime": "0901/172841", "correlationVector":"VMpcR1kxq6AwU7YVYejvgC.2","action":"Commit Response", "result":"Success", "context":Result: Success. cV=VMpcR1kxq6AwU7YVYejvgC.0;server=akswtt10200000i;cloudType=Consumer;environment=Prod_southeastasia_prod-s01-064-apac-southeastasia;migrationStage=NotStarted}
{"logTime": "0901/172850", "correlationVector":"iIsc7jYiKYXKTrRsv3Bz13","action":"Commit Request", "result":"", "context":Item count: 1
Contributing types: Device Info}
{"logTime": "0901/172851", "correlationVector":"iIsc7jYiKYXKTrRsv3Bz13.1","action":"SyncServerConnectionManagerRequest", "result":"SYNC_SERVER_OK", "context":{"environment":"Prod_southeastasia_prod-s01-064-apac-southeastasia", "migrationStage":"NotStarted", "server":"akswtt10200000o"}}
{"logTime": "0901/172851", "correlationVector":"iIsc7jYiKYXKTrRsv3Bz13.2","action":"Commit Response", "result":"Success", "context":Result: Success. cV=iIsc7jYiKYXKTrRsv3Bz13.0;server=akswtt10200000o;cloudType=Consumer;environment=Prod_southeastasia_prod-s01-064-apac-southeastasia;migrationStage=NotStarted}
{"logTime": "0901/172852", "correlationVector":"MBBC5NtNTtnHgGmVhIMfyp","action":"Commit Request", "result":"", "context":Item count: 2
Contributing types: Preferences, Device Info}
{"logTime": "0901/172853", "correlationVector":"MBBC5NtNTtnHgGmVhIMfyp.1","action":"SyncServerConnectionManagerRequest", "result":"SYNC_SERVER_OK", "context":{"environment":"Prod_southeastasia_prod-s01-064-apac-southeastasia", "migrationStage":"NotStarted", "server":"akswtt10200000b"}}
{"logTime": "0901/172853", "correlationVector":"MBBC5NtNTtnHgGmVhIMfyp.2","action":"Commit Response", "result":"Success", "context":Result: Success. cV=MBBC5NtNTtnHgGmVhIMfyp.0;server=akswtt10200000b;cloudType=Consumer;environment=Prod_southeastasia_prod-s01-064-apac-southeastasia;migrationStage=NotStarted}
{"logTime": "0901/172855", "correlationVector":"AQNrA9O8AcfTbEmALYzioO","action":"Commit Request", "result":"", "context":Item count: 1
Contributing types: Preferences}
{"logTime": "0901/172856", "correlationVector":"AQNrA9O8AcfTbEmALYzioO.1","action":"SyncServerConnectionManagerRequest", "result":"SYNC_SERVER_OK", "context":{"environment":"Prod_southeastasia_prod-s01-064-apac-southeastasia", "migrationStage":"NotStarted", "server":"akswtt102000005"}}
{"logTime": "0901/172856", "correlationVector":"AQNrA9O8AcfTbEmALYzioO.2","action":"Commit Response", "result":"Success", "context":Result: Success. cV=AQNrA9O8AcfTbEmALYzioO.0;server=akswtt102000005;cloudType=Consumer;environment=Prod_southeastasia_prod-s01-064-apac-southeastasia;migrationStage=NotStarted}
