2025-08-26 16:33:14.207: [INFO][Sync] Reset engine, reason: 8
2025-08-26 16:33:14.207: [INFO][Sync] Stopped: Bookmarks
2025-08-26 16:33:14.207: [INFO][Sync] Stopped: Preferences
2025-08-26 16:33:14.207: [INFO][Sync] Stopped: Passwords
2025-08-26 16:33:14.207: [INFO][Sync] Stopped: Autofill Profiles
2025-08-26 16:33:14.207: [INFO][Sync] Stopped: Autofill
2025-08-26 16:33:14.207: [INFO][Sync] Stopped: Extensions
2025-08-26 16:33:14.207: [INFO][Sync] Stopped: Sessions
2025-08-26 16:33:14.207: [INFO][Sync] Stopped: Extension settings
2025-08-26 16:33:14.207: [INFO][Sync] Stopped: History Delete Directives
2025-08-26 16:33:14.207: [INFO][Sync] Stopped: Device Info
2025-08-26 16:33:14.207: [INFO][Sync] Stopped: User Consents
2025-08-26 16:33:14.207: [INFO][Sync] Stopped: Send Tab To Self
2025-08-26 16:33:14.207: [INFO][Sync] Stopped: Web Apps
2025-08-26 16:33:14.207: [INFO][Sync] Stopped: History
2025-08-26 16:33:14.207: [INFO][Sync] Stopped: Saved Tab Group
2025-08-26 16:33:14.207: [INFO][Sync] Stopped: WebAuthn Credentials
2025-08-26 16:33:14.207: [INFO][Sync] Stopped: Collection
2025-08-26 16:33:14.207: [INFO][Sync] Stopped: Edge E Drop
2025-08-26 16:33:14.207: [INFO][Sync] Stopped: Edge Hub App Usage
2025-08-26 16:33:14.207: [INFO][Sync] Stopped: Edge Wallet
2025-08-26 16:33:14.208: [INFO][Sync] SyncState after authenticated was: NotSignedIn
2025-08-26 16:39:55.578: [INFO][Sync] SyncState after authenticated was: FeatureCanStart
2025-08-26 16:39:59.716: [INFO][Sync] Try to start sync engine
2025-08-26 16:39:59.730: [INFO][SyncManagerImpl::NudgeForInitialDownload] Initial download nudge for Encryption Keys
2025-08-26 16:39:59.730: [INFO][SyncEngineBackend::LoadAndConnectNigoriController] Load and connect Nigori controller
2025-08-26 16:39:59.730: [INFO][SyncEngineBackend::DoInitialize] Control Types added: Encryption Keys
2025-08-26 16:39:59.730: [INFO][SyncManagerImpl::ConfigureSyncer] Types to download: Encryption Keys with reason: 3
2025-08-26 16:39:59.730: [INFO][SyncSchedulerImpl::DoConfigurationSyncCycleJob] Configure job was blocked
2025-08-26 16:40:00.645: [INFO][SyncAuthManager::SetLastAuthError] Current auth error: None
2025-08-26 16:40:00.645: [INFO][SyncAuthManager::EdgeLogTokenErrorState] Token error with: None for account type: MSA
2025-08-26 16:40:00.645: [INFO][Sync] Credentials changed for: EdgeSyncScopeNew
2025-08-26 16:40:09.951: [INFO][SyncAuthManager::SetLastAuthError] Current auth error: None
2025-08-26 16:40:09.952: [INFO][SyncAuthManager::EdgeLogTokenErrorState] Token error with: None for account type: MSA
2025-08-26 16:40:09.952: [INFO][Sync] Credentials changed for: EdgeSyncKeyDataScope
2025-08-26 16:40:09.952: [INFO][SyncEngineBackend::DoUpdateKeyDataCredentials] Update key data credentials
2025-08-26 16:40:09.952: [INFO][SyncEngineBackend::DoUpdateCredentials] Update credentials
2025-08-26 16:40:09.952: [INFO][SyncSchedulerImpl::DoConfigurationSyncCycleJob] Blocked types:  and types to download: Encryption Keys
2025-08-26 16:40:10.574: [INFO][Sync] Started DataTypeManager configuration, reason: 4
2025-08-26 16:40:10.574: [INFO][Sync] Configuring for: Bookmarks, Preferences, Passwords, Autofill Profiles, Autofill, Extensions, Sessions, Extension settings, History Delete Directives, Device Info, User Consents, Send Tab To Self, Web Apps, History, Saved Tab Group, WebAuthn Credentials, Collection, Edge E Drop, Edge Hub App Usage, Edge Wallet, Encryption Keys, reason: 4, current state: 0
2025-08-26 16:40:10.574: [WARN][Sync] Crypto error data types: Passwords, Autofill Profiles, Autofill
2025-08-26 16:40:10.593: [INFO][Sync] Configure, desired: Bookmarks, Preferences, Extensions, Sessions, Extension settings, History Delete Directives, Device Info, User Consents, Send Tab To Self, Web Apps, History, Saved Tab Group, WebAuthn Credentials, Collection, Edge E Drop, Edge Hub App Usage, Edge Wallet, Encryption Keys; Allow fail: Passwords, Autofill Profiles, Autofill
2025-08-26 16:40:10.593: [INFO][Sync] Loading: Bookmarks
2025-08-26 16:40:10.593: [INFO][Sync] Loading: Preferences
2025-08-26 16:40:10.593: [INFO][Sync] Loading: Extensions
2025-08-26 16:40:10.594: [INFO][Sync] Loading: Sessions
2025-08-26 16:40:10.594: [INFO][Sync] Loading: Extension settings
2025-08-26 16:40:10.594: [INFO][Sync] Loading: History Delete Directives
2025-08-26 16:40:10.594: [INFO][Sync] Loading: Device Info
2025-08-26 16:40:10.594: [INFO][Sync] Loading: User Consents
2025-08-26 16:40:10.594: [INFO][Sync] Loading: Send Tab To Self
2025-08-26 16:40:10.594: [INFO][Sync] Loading: Web Apps
2025-08-26 16:40:10.594: [INFO][Sync] Loading: History
2025-08-26 16:40:10.594: [INFO][Sync] Loading: Saved Tab Group
2025-08-26 16:40:10.594: [INFO][Sync] Loading: WebAuthn Credentials
2025-08-26 16:40:10.594: [INFO][Sync] Loading: Collection
2025-08-26 16:40:10.594: [INFO][Sync] Loading: Edge E Drop
2025-08-26 16:40:10.594: [INFO][Sync] Loading: Edge Hub App Usage
2025-08-26 16:40:10.594: [INFO][Sync] Loading: Edge Wallet
2025-08-26 16:40:10.626: [INFO][Sync] All data types are ready for configure.
2025-08-26 16:40:11.166: [INFO][Sync] Started DataTypeManager configuration, reason: 5
2025-08-26 16:40:11.166: [INFO][Sync] Configuring for: Bookmarks, Preferences, Passwords, Autofill Profiles, Autofill, Extensions, Sessions, Extension settings, History Delete Directives, Device Info, User Consents, Send Tab To Self, Web Apps, History, Saved Tab Group, WebAuthn Credentials, Collection, Edge E Drop, Edge Hub App Usage, Edge Wallet, Encryption Keys, reason: 5, current state: 1
2025-08-26 16:40:11.181: [INFO][SyncEngineBackend::DoStartConfiguration] Start configuration
2025-08-26 16:40:11.181: [INFO][SyncManagerImpl::NudgeForInitialDownload] Initial download nudge for Bookmarks
2025-08-26 16:40:11.181: [INFO][SyncManagerImpl::NudgeForInitialDownload] Initial download nudge for History
2025-08-26 16:40:11.181: [INFO][SyncManagerImpl::ConfigureSyncer] Types to download:  with reason: 4
2025-08-26 16:40:11.181: [INFO][SyncEngineBackend::DoFinishConfigureDataTypes] Failed to download types:  and succeeded types: 
2025-08-26 16:40:11.184: [INFO][Sync] ConfigurationDone, failed: , succeeded: , remaining count: 4
2025-08-26 16:40:11.184: [WARN][Sync]     Reconfigure requested while configuration ongoing.
2025-08-26 16:40:11.184: [INFO][Sync] Configuring for: Bookmarks, Preferences, Passwords, Autofill Profiles, Autofill, Extensions, Sessions, Extension settings, History Delete Directives, Device Info, User Consents, Send Tab To Self, Web Apps, History, Saved Tab Group, WebAuthn Credentials, Collection, Edge E Drop, Edge Hub App Usage, Edge Wallet, Encryption Keys, reason: 5, current state: 2
2025-08-26 16:40:11.184: [INFO][Sync] Configure, desired: Bookmarks, Preferences, Passwords, Autofill Profiles, Autofill, Extensions, Sessions, Extension settings, History Delete Directives, Device Info, User Consents, Send Tab To Self, Web Apps, History, Saved Tab Group, WebAuthn Credentials, Collection, Edge E Drop, Edge Hub App Usage, Edge Wallet, Encryption Keys; Allow fail: 
2025-08-26 16:40:11.184: [INFO][Sync] Loading: Passwords
2025-08-26 16:40:11.184: [INFO][Sync] Loading: Autofill Profiles
2025-08-26 16:40:11.184: [INFO][Sync] Loading: Autofill
2025-08-26 16:40:11.186: [INFO][Sync] All data types are ready for configure.
2025-08-26 16:40:11.186: [INFO][SyncManagerImpl::NudgeForInitialDownload] Initial download nudge for Passwords
2025-08-26 16:40:11.186: [INFO][SyncManagerImpl::ConfigureSyncer] Types to download:  with reason: 5
2025-08-26 16:40:11.186: [INFO][SyncEngineBackend::DoFinishConfigureDataTypes] Failed to download types:  and succeeded types: 
2025-08-26 16:40:11.186: [INFO][Sync] ConfigurationDone, failed: , succeeded: , remaining count: 4
2025-08-26 16:40:11.186: [INFO][Sync] Prepare to configure types: Passwords, Encryption Keys
2025-08-26 16:40:11.186: [INFO][SyncManagerImpl::ConfigureSyncer] Types to download: Passwords, Encryption Keys with reason: 5
2025-08-26 16:40:11.186: [INFO][SyncSchedulerImpl::DoConfigurationSyncCycleJob] Blocked types:  and types to download: Passwords, Encryption Keys
2025-08-26 16:40:11.698: [INFO][SyncEngineBackend::DoFinishConfigureDataTypes] Failed to download types:  and succeeded types: Passwords, Encryption Keys
2025-08-26 16:40:11.720: [INFO][Sync] ConfigurationDone, failed: , succeeded: Passwords, Encryption Keys, remaining count: 3
2025-08-26 16:40:11.720: [INFO][Sync] Prepare to configure types: Bookmarks, Encryption Keys
2025-08-26 16:40:11.721: [INFO][SyncManagerImpl::ConfigureSyncer] Types to download: Bookmarks, Encryption Keys with reason: 5
2025-08-26 16:40:11.721: [INFO][SyncSchedulerImpl::DoConfigurationSyncCycleJob] Blocked types:  and types to download: Bookmarks, Encryption Keys
2025-08-26 16:40:12.267: [INFO][SyncEngineBackend::DoFinishConfigureDataTypes] Failed to download types:  and succeeded types: Bookmarks, Encryption Keys
2025-08-26 16:40:12.320: [INFO][Sync] ConfigurationDone, failed: , succeeded: Bookmarks, Encryption Keys, remaining count: 2
2025-08-26 16:40:12.320: [INFO][SyncManagerImpl::ConfigureSyncer] Types to download:  with reason: 5
2025-08-26 16:40:12.321: [INFO][SyncEngineBackend::DoFinishConfigureDataTypes] Failed to download types:  and succeeded types: 
2025-08-26 16:40:12.354: [INFO][Sync] ConfigurationDone, failed: , succeeded: , remaining count: 1
2025-08-26 16:40:12.375: [INFO][Sync] Prepare to configure types: History, Encryption Keys
2025-08-26 16:40:12.376: [INFO][SyncManagerImpl::ConfigureSyncer] Types to download: History, Encryption Keys with reason: 5
2025-08-26 16:40:12.376: [INFO][SyncSchedulerImpl::DoConfigurationSyncCycleJob] Blocked types:  and types to download: History, Encryption Keys
2025-08-26 16:40:21.368: [INFO][SyncEngineBackend::DoFinishConfigureDataTypes] Failed to download types:  and succeeded types: History, Encryption Keys
2025-08-26 16:40:21.391: [INFO][Sync] ConfigurationDone, failed: , succeeded: History, Encryption Keys, remaining count: 0
2025-08-26 16:40:21.411: [INFO][Sync]     Configuration completed, state: 7
2025-08-26 16:40:21.411: [INFO][Sync] Configured DataTypeManager: Ok
2025-08-26 16:40:21.433: [INFO][SyncEngineBackend::DoStartSyncing] Start syncing
2025-08-27 09:12:46.505: [INFO][Sync] SyncState after authenticated was: FeatureCanStart
2025-08-27 09:12:49.065: [INFO][Sync] Try to start sync engine
2025-08-27 09:12:49.080: [INFO][SyncManagerImpl::NudgeForInitialDownload] Initial download nudge for Encryption Keys
2025-08-27 09:12:49.080: [INFO][SyncEngineBackend::LoadAndConnectNigoriController] Load and connect Nigori controller
2025-08-27 09:12:49.080: [INFO][SyncEngineBackend::DoInitialize] Control Types added: Encryption Keys
2025-08-27 09:12:49.080: [INFO][SyncManagerImpl::ConfigureSyncer] Types to download: Encryption Keys with reason: 3
2025-08-27 09:12:49.080: [INFO][SyncSchedulerImpl::DoConfigurationSyncCycleJob] Configure job was blocked
2025-08-27 09:12:49.688: [INFO][SyncAuthManager::SetLastAuthError] Current auth error: None
2025-08-27 09:12:49.688: [INFO][SyncAuthManager::EdgeLogTokenErrorState] Token error with: None for account type: MSA
2025-08-27 09:12:49.688: [INFO][Sync] Credentials changed for: EdgeSyncScopeNew
2025-08-27 09:12:57.049: [INFO][SyncAuthManager::SetLastAuthError] Current auth error: None
2025-08-27 09:12:57.049: [INFO][SyncAuthManager::EdgeLogTokenErrorState] Token error with: None for account type: MSA
2025-08-27 09:12:57.049: [INFO][Sync] Credentials changed for: EdgeSyncKeyDataScope
2025-08-27 09:12:57.049: [INFO][SyncEngineBackend::DoUpdateKeyDataCredentials] Update key data credentials
2025-08-27 09:12:57.049: [INFO][SyncEngineBackend::DoUpdateCredentials] Update credentials
2025-08-27 09:12:57.049: [INFO][SyncSchedulerImpl::DoConfigurationSyncCycleJob] Blocked types:  and types to download: Encryption Keys
2025-08-27 09:12:58.461: [INFO][Sync] Started DataTypeManager configuration, reason: 4
2025-08-27 09:12:58.461: [INFO][Sync] Configuring for: Bookmarks, Preferences, Passwords, Autofill Profiles, Autofill, Extensions, Sessions, Extension settings, History Delete Directives, Device Info, User Consents, Send Tab To Self, Web Apps, History, Saved Tab Group, WebAuthn Credentials, Collection, Edge E Drop, Edge Hub App Usage, Edge Wallet, Encryption Keys, reason: 4, current state: 0
2025-08-27 09:12:58.461: [WARN][Sync] Crypto error data types: Passwords, Autofill Profiles, Autofill
2025-08-27 09:12:58.480: [INFO][Sync] Configure, desired: Bookmarks, Preferences, Extensions, Sessions, Extension settings, History Delete Directives, Device Info, User Consents, Send Tab To Self, Web Apps, History, Saved Tab Group, WebAuthn Credentials, Collection, Edge E Drop, Edge Hub App Usage, Edge Wallet, Encryption Keys; Allow fail: Passwords, Autofill Profiles, Autofill
2025-08-27 09:12:58.480: [INFO][Sync] Loading: Bookmarks
2025-08-27 09:12:58.480: [INFO][Sync] Loading: Preferences
2025-08-27 09:12:58.480: [INFO][Sync] Loading: Extensions
2025-08-27 09:12:58.483: [INFO][Sync] Loading: Sessions
2025-08-27 09:12:58.483: [INFO][Sync] Loading: Extension settings
2025-08-27 09:12:58.483: [INFO][Sync] Loading: History Delete Directives
2025-08-27 09:12:58.483: [INFO][Sync] Loading: Device Info
2025-08-27 09:12:58.483: [INFO][Sync] Loading: User Consents
2025-08-27 09:12:58.483: [INFO][Sync] Loading: Send Tab To Self
2025-08-27 09:12:58.483: [INFO][Sync] Loading: Web Apps
2025-08-27 09:12:58.483: [INFO][Sync] Loading: History
2025-08-27 09:12:58.483: [INFO][Sync] Loading: Saved Tab Group
2025-08-27 09:12:58.483: [INFO][Sync] Loading: WebAuthn Credentials
2025-08-27 09:12:58.483: [INFO][Sync] Loading: Collection
2025-08-27 09:12:58.483: [INFO][Sync] Loading: Edge E Drop
2025-08-27 09:12:58.483: [INFO][Sync] Loading: Edge Hub App Usage
2025-08-27 09:12:58.483: [INFO][Sync] Loading: Edge Wallet
2025-08-27 09:12:58.518: [INFO][Sync] All data types are ready for configure.
2025-08-27 09:12:58.900: [INFO][Sync] Started DataTypeManager configuration, reason: 5
2025-08-27 09:12:58.900: [INFO][Sync] Configuring for: Bookmarks, Preferences, Passwords, Autofill Profiles, Autofill, Extensions, Sessions, Extension settings, History Delete Directives, Device Info, User Consents, Send Tab To Self, Web Apps, History, Saved Tab Group, WebAuthn Credentials, Collection, Edge E Drop, Edge Hub App Usage, Edge Wallet, Encryption Keys, reason: 5, current state: 1
2025-08-27 09:12:58.917: [INFO][SyncEngineBackend::DoStartConfiguration] Start configuration
2025-08-27 09:12:58.919: [INFO][SyncManagerImpl::ConfigureSyncer] Types to download:  with reason: 4
2025-08-27 09:12:58.919: [INFO][SyncEngineBackend::DoFinishConfigureDataTypes] Failed to download types:  and succeeded types: 
2025-08-27 09:12:58.929: [INFO][Sync] ConfigurationDone, failed: , succeeded: , remaining count: 4
2025-08-27 09:12:58.929: [WARN][Sync]     Reconfigure requested while configuration ongoing.
2025-08-27 09:12:58.929: [INFO][Sync] Configuring for: Bookmarks, Preferences, Passwords, Autofill Profiles, Autofill, Extensions, Sessions, Extension settings, History Delete Directives, Device Info, User Consents, Send Tab To Self, Web Apps, History, Saved Tab Group, WebAuthn Credentials, Collection, Edge E Drop, Edge Hub App Usage, Edge Wallet, Encryption Keys, reason: 5, current state: 2
2025-08-27 09:12:58.929: [INFO][Sync] Configure, desired: Bookmarks, Preferences, Passwords, Autofill Profiles, Autofill, Extensions, Sessions, Extension settings, History Delete Directives, Device Info, User Consents, Send Tab To Self, Web Apps, History, Saved Tab Group, WebAuthn Credentials, Collection, Edge E Drop, Edge Hub App Usage, Edge Wallet, Encryption Keys; Allow fail: 
2025-08-27 09:12:58.929: [INFO][Sync] Loading: Passwords
2025-08-27 09:12:58.929: [INFO][Sync] Loading: Autofill Profiles
2025-08-27 09:12:58.930: [INFO][Sync] Loading: Autofill
2025-08-27 09:12:58.930: [INFO][Sync] All data types are ready for configure.
2025-08-27 09:12:58.930: [INFO][SyncManagerImpl::NudgeForInitialDownload] Initial download nudge for Passwords
2025-08-27 09:12:58.930: [INFO][SyncManagerImpl::ConfigureSyncer] Types to download:  with reason: 5
2025-08-27 09:12:58.930: [INFO][SyncEngineBackend::DoFinishConfigureDataTypes] Failed to download types:  and succeeded types: 
2025-08-27 09:12:58.931: [INFO][Sync] ConfigurationDone, failed: , succeeded: , remaining count: 4
2025-08-27 09:12:58.931: [INFO][Sync] Prepare to configure types: Passwords, Encryption Keys
2025-08-27 09:12:58.931: [INFO][SyncManagerImpl::ConfigureSyncer] Types to download: Passwords, Encryption Keys with reason: 5
2025-08-27 09:12:58.932: [INFO][SyncSchedulerImpl::DoConfigurationSyncCycleJob] Blocked types:  and types to download: Passwords, Encryption Keys
2025-08-27 09:13:00.187: [INFO][SyncEngineBackend::DoFinishConfigureDataTypes] Failed to download types:  and succeeded types: Passwords, Encryption Keys
2025-08-27 09:13:00.206: [INFO][Sync] ConfigurationDone, failed: , succeeded: Passwords, Encryption Keys, remaining count: 3
2025-08-27 09:13:00.206: [INFO][SyncManagerImpl::ConfigureSyncer] Types to download:  with reason: 5
2025-08-27 09:13:00.206: [INFO][SyncEngineBackend::DoFinishConfigureDataTypes] Failed to download types:  and succeeded types: 
2025-08-27 09:13:00.206: [INFO][Sync] ConfigurationDone, failed: , succeeded: , remaining count: 2
2025-08-27 09:13:00.206: [INFO][SyncManagerImpl::ConfigureSyncer] Types to download:  with reason: 5
2025-08-27 09:13:00.206: [INFO][SyncEngineBackend::DoFinishConfigureDataTypes] Failed to download types:  and succeeded types: 
2025-08-27 09:13:00.216: [INFO][Sync] ConfigurationDone, failed: , succeeded: , remaining count: 1
2025-08-27 09:13:00.233: [INFO][SyncManagerImpl::ConfigureSyncer] Types to download:  with reason: 5
2025-08-27 09:13:00.233: [INFO][SyncEngineBackend::DoFinishConfigureDataTypes] Failed to download types:  and succeeded types: 
2025-08-27 09:13:00.233: [INFO][Sync] ConfigurationDone, failed: , succeeded: , remaining count: 0
2025-08-27 09:13:00.252: [INFO][Sync]     Configuration completed, state: 7
2025-08-27 09:13:00.252: [INFO][Sync] Configured DataTypeManager: Ok
2025-08-27 09:13:00.273: [INFO][SyncEngineBackend::DoStartSyncing] Start syncing
2025-08-31 09:22:05.259: [INFO][Sync] SyncState after authenticated was: FeatureCanStart
2025-08-31 09:22:07.916: [INFO][Sync] Try to start sync engine
2025-08-31 09:22:07.921: [INFO][SyncManagerImpl::NudgeForInitialDownload] Initial download nudge for Encryption Keys
2025-08-31 09:22:07.921: [INFO][SyncEngineBackend::LoadAndConnectNigoriController] Load and connect Nigori controller
2025-08-31 09:22:07.921: [INFO][SyncEngineBackend::DoInitialize] Control Types added: Encryption Keys
2025-08-31 09:22:07.922: [INFO][SyncManagerImpl::ConfigureSyncer] Types to download: Encryption Keys with reason: 3
2025-08-31 09:22:07.922: [INFO][SyncSchedulerImpl::DoConfigurationSyncCycleJob] Configure job was blocked
2025-08-31 09:22:12.805: [INFO][SyncAuthManager::SetLastAuthError] Current auth error: None
2025-08-31 09:22:12.805: [INFO][SyncAuthManager::EdgeLogTokenErrorState] Token error with: None for account type: MSA
2025-08-31 09:22:12.805: [INFO][Sync] Credentials changed for: EdgeSyncKeyDataScope
2025-08-31 09:22:12.805: [INFO][SyncEngineBackend::DoUpdateKeyDataCredentials] Update key data credentials
2025-08-31 09:22:12.890: [INFO][SyncAuthManager::SetLastAuthError] Current auth error: None
2025-08-31 09:22:12.891: [INFO][SyncAuthManager::EdgeLogTokenErrorState] Token error with: None for account type: MSA
2025-08-31 09:22:12.891: [INFO][Sync] Credentials changed for: EdgeSyncScopeNew
2025-08-31 09:22:12.891: [INFO][SyncEngineBackend::DoUpdateCredentials] Update credentials
2025-08-31 09:22:12.891: [INFO][SyncEngineBackend::DoUpdateKeyDataCredentials] Update key data credentials
2025-08-31 09:22:12.891: [INFO][SyncSchedulerImpl::DoConfigurationSyncCycleJob] Blocked types:  and types to download: Encryption Keys
2025-08-31 09:22:14.237: [INFO][Sync] Started DataTypeManager configuration, reason: 4
2025-08-31 09:22:14.237: [INFO][Sync] Configuring for: Bookmarks, Preferences, Passwords, Autofill Profiles, Autofill, Extensions, Sessions, Extension settings, History Delete Directives, Device Info, User Consents, Send Tab To Self, Web Apps, History, Saved Tab Group, WebAuthn Credentials, Collection, Edge E Drop, Edge Hub App Usage, Edge Wallet, Encryption Keys, reason: 4, current state: 0
2025-08-31 09:22:14.237: [WARN][Sync] Crypto error data types: Passwords, Autofill Profiles, Autofill
2025-08-31 09:22:14.256: [INFO][Sync] Configure, desired: Bookmarks, Preferences, Extensions, Sessions, Extension settings, History Delete Directives, Device Info, User Consents, Send Tab To Self, Web Apps, History, Saved Tab Group, WebAuthn Credentials, Collection, Edge E Drop, Edge Hub App Usage, Edge Wallet, Encryption Keys; Allow fail: Passwords, Autofill Profiles, Autofill
2025-08-31 09:22:14.256: [INFO][Sync] Loading: Bookmarks
2025-08-31 09:22:14.256: [INFO][Sync] Loading: Preferences
2025-08-31 09:22:14.257: [INFO][Sync] Loading: Extensions
2025-08-31 09:22:14.257: [INFO][Sync] Loading: Sessions
2025-08-31 09:22:14.257: [INFO][Sync] Loading: Extension settings
2025-08-31 09:22:14.257: [INFO][Sync] Loading: History Delete Directives
2025-08-31 09:22:14.257: [INFO][Sync] Loading: Device Info
2025-08-31 09:22:14.257: [INFO][Sync] Loading: User Consents
2025-08-31 09:22:14.257: [INFO][Sync] Loading: Send Tab To Self
2025-08-31 09:22:14.257: [INFO][Sync] Loading: Web Apps
2025-08-31 09:22:14.257: [INFO][Sync] Loading: History
2025-08-31 09:22:14.257: [INFO][Sync] Loading: Saved Tab Group
2025-08-31 09:22:14.257: [INFO][Sync] Loading: WebAuthn Credentials
2025-08-31 09:22:14.257: [INFO][Sync] Loading: Collection
2025-08-31 09:22:14.257: [INFO][Sync] Loading: Edge E Drop
2025-08-31 09:22:14.257: [INFO][Sync] Loading: Edge Hub App Usage
2025-08-31 09:22:14.257: [INFO][Sync] Loading: Edge Wallet
2025-08-31 09:22:14.292: [INFO][Sync] All data types are ready for configure.
2025-08-31 09:22:14.829: [INFO][Sync] Started DataTypeManager configuration, reason: 5
2025-08-31 09:22:14.829: [INFO][Sync] Configuring for: Bookmarks, Preferences, Passwords, Autofill Profiles, Autofill, Extensions, Sessions, Extension settings, History Delete Directives, Device Info, User Consents, Send Tab To Self, Web Apps, History, Saved Tab Group, WebAuthn Credentials, Collection, Edge E Drop, Edge Hub App Usage, Edge Wallet, Encryption Keys, reason: 5, current state: 1
2025-08-31 09:22:14.843: [INFO][SyncEngineBackend::DoStartConfiguration] Start configuration
2025-08-31 09:22:14.844: [INFO][SyncManagerImpl::ConfigureSyncer] Types to download:  with reason: 4
2025-08-31 09:22:14.844: [INFO][SyncEngineBackend::DoFinishConfigureDataTypes] Failed to download types:  and succeeded types: 
2025-08-31 09:22:14.848: [INFO][Sync] ConfigurationDone, failed: , succeeded: , remaining count: 4
2025-08-31 09:22:14.848: [WARN][Sync]     Reconfigure requested while configuration ongoing.
2025-08-31 09:22:14.848: [INFO][Sync] Configuring for: Bookmarks, Preferences, Passwords, Autofill Profiles, Autofill, Extensions, Sessions, Extension settings, History Delete Directives, Device Info, User Consents, Send Tab To Self, Web Apps, History, Saved Tab Group, WebAuthn Credentials, Collection, Edge E Drop, Edge Hub App Usage, Edge Wallet, Encryption Keys, reason: 5, current state: 2
2025-08-31 09:22:14.848: [INFO][Sync] Configure, desired: Bookmarks, Preferences, Passwords, Autofill Profiles, Autofill, Extensions, Sessions, Extension settings, History Delete Directives, Device Info, User Consents, Send Tab To Self, Web Apps, History, Saved Tab Group, WebAuthn Credentials, Collection, Edge E Drop, Edge Hub App Usage, Edge Wallet, Encryption Keys; Allow fail: 
2025-08-31 09:22:14.848: [INFO][Sync] Loading: Passwords
2025-08-31 09:22:14.848: [INFO][Sync] Loading: Autofill Profiles
2025-08-31 09:22:14.848: [INFO][Sync] Loading: Autofill
2025-08-31 09:22:14.849: [INFO][Sync] All data types are ready for configure.
2025-08-31 09:22:14.849: [INFO][SyncManagerImpl::NudgeForInitialDownload] Initial download nudge for Passwords
2025-08-31 09:22:14.850: [INFO][SyncManagerImpl::ConfigureSyncer] Types to download:  with reason: 5
2025-08-31 09:22:14.850: [INFO][SyncEngineBackend::DoFinishConfigureDataTypes] Failed to download types:  and succeeded types: 
2025-08-31 09:22:14.850: [INFO][Sync] ConfigurationDone, failed: , succeeded: , remaining count: 4
2025-08-31 09:22:14.850: [INFO][Sync] Prepare to configure types: Passwords, Encryption Keys
2025-08-31 09:22:14.850: [INFO][SyncManagerImpl::ConfigureSyncer] Types to download: Passwords, Encryption Keys with reason: 5
2025-08-31 09:22:14.850: [INFO][SyncSchedulerImpl::DoConfigurationSyncCycleJob] Blocked types:  and types to download: Passwords, Encryption Keys
2025-08-31 09:22:16.356: [INFO][SyncEngineBackend::DoFinishConfigureDataTypes] Failed to download types:  and succeeded types: Passwords, Encryption Keys
2025-08-31 09:22:16.376: [INFO][Sync] ConfigurationDone, failed: , succeeded: Passwords, Encryption Keys, remaining count: 3
2025-08-31 09:22:16.379: [INFO][SyncManagerImpl::ConfigureSyncer] Types to download:  with reason: 5
2025-08-31 09:22:16.379: [INFO][SyncEngineBackend::DoFinishConfigureDataTypes] Failed to download types:  and succeeded types: 
2025-08-31 09:22:16.387: [INFO][Sync] ConfigurationDone, failed: , succeeded: , remaining count: 2
2025-08-31 09:22:16.388: [INFO][SyncManagerImpl::ConfigureSyncer] Types to download:  with reason: 5
2025-08-31 09:22:16.388: [INFO][SyncEngineBackend::DoFinishConfigureDataTypes] Failed to download types:  and succeeded types: 
2025-08-31 09:22:16.388: [INFO][Sync] ConfigurationDone, failed: , succeeded: , remaining count: 1
2025-08-31 09:22:16.409: [INFO][SyncManagerImpl::ConfigureSyncer] Types to download:  with reason: 5
2025-08-31 09:22:16.410: [INFO][SyncEngineBackend::DoFinishConfigureDataTypes] Failed to download types:  and succeeded types: 
2025-08-31 09:22:16.410: [INFO][Sync] ConfigurationDone, failed: , succeeded: , remaining count: 0
2025-08-31 09:22:16.432: [INFO][Sync]     Configuration completed, state: 7
2025-08-31 09:22:16.432: [INFO][Sync] Configured DataTypeManager: Ok
2025-08-31 09:22:16.454: [INFO][SyncEngineBackend::DoStartSyncing] Start syncing
2025-08-31 09:26:08.634: [INFO][Sync] SyncState after authenticated was: FeatureCanStart
2025-08-31 09:26:10.773: [INFO][Sync] Try to start sync engine
2025-08-31 09:26:10.780: [INFO][SyncManagerImpl::NudgeForInitialDownload] Initial download nudge for Encryption Keys
2025-08-31 09:26:10.780: [INFO][SyncEngineBackend::LoadAndConnectNigoriController] Load and connect Nigori controller
2025-08-31 09:26:10.780: [INFO][SyncEngineBackend::DoInitialize] Control Types added: Encryption Keys
2025-08-31 09:26:10.780: [INFO][SyncManagerImpl::ConfigureSyncer] Types to download: Encryption Keys with reason: 3
2025-08-31 09:26:10.780: [INFO][SyncSchedulerImpl::DoConfigurationSyncCycleJob] Configure job was blocked
2025-08-31 09:26:11.507: [INFO][SyncAuthManager::SetLastAuthError] Current auth error: None
2025-08-31 09:26:11.507: [INFO][SyncAuthManager::EdgeLogTokenErrorState] Token error with: None for account type: MSA
2025-08-31 09:26:11.507: [INFO][Sync] Credentials changed for: EdgeSyncScopeNew
2025-08-31 09:26:16.232: [INFO][SyncAuthManager::SetLastAuthError] Current auth error: None
2025-08-31 09:26:16.232: [INFO][SyncAuthManager::EdgeLogTokenErrorState] Token error with: None for account type: MSA
2025-08-31 09:26:16.232: [INFO][Sync] Credentials changed for: EdgeSyncKeyDataScope
2025-08-31 09:26:16.233: [INFO][SyncEngineBackend::DoUpdateKeyDataCredentials] Update key data credentials
2025-08-31 09:26:16.233: [INFO][SyncEngineBackend::DoUpdateCredentials] Update credentials
2025-08-31 09:26:16.233: [INFO][SyncSchedulerImpl::DoConfigurationSyncCycleJob] Blocked types:  and types to download: Encryption Keys
2025-08-31 09:26:16.649: [INFO][Sync] Started DataTypeManager configuration, reason: 4
2025-08-31 09:26:16.649: [INFO][Sync] Configuring for: Bookmarks, Preferences, Passwords, Autofill Profiles, Autofill, Extensions, Sessions, Extension settings, History Delete Directives, Device Info, User Consents, Send Tab To Self, Web Apps, History, Saved Tab Group, WebAuthn Credentials, Collection, Edge E Drop, Edge Hub App Usage, Edge Wallet, Encryption Keys, reason: 4, current state: 0
2025-08-31 09:26:16.649: [WARN][Sync] Crypto error data types: Passwords, Autofill Profiles, Autofill
2025-08-31 09:26:16.668: [INFO][Sync] Configure, desired: Bookmarks, Preferences, Extensions, Sessions, Extension settings, History Delete Directives, Device Info, User Consents, Send Tab To Self, Web Apps, History, Saved Tab Group, WebAuthn Credentials, Collection, Edge E Drop, Edge Hub App Usage, Edge Wallet, Encryption Keys; Allow fail: Passwords, Autofill Profiles, Autofill
2025-08-31 09:26:16.668: [INFO][Sync] Loading: Bookmarks
2025-08-31 09:26:16.668: [INFO][Sync] Loading: Preferences
2025-08-31 09:26:16.668: [INFO][Sync] Loading: Extensions
2025-08-31 09:26:16.668: [INFO][Sync] Loading: Sessions
2025-08-31 09:26:16.669: [INFO][Sync] Loading: Extension settings
2025-08-31 09:26:16.669: [INFO][Sync] Loading: History Delete Directives
2025-08-31 09:26:16.669: [INFO][Sync] Loading: Device Info
2025-08-31 09:26:16.669: [INFO][Sync] Loading: User Consents
2025-08-31 09:26:16.669: [INFO][Sync] Loading: Send Tab To Self
2025-08-31 09:26:16.669: [INFO][Sync] Loading: Web Apps
2025-08-31 09:26:16.669: [INFO][Sync] Loading: History
2025-08-31 09:26:16.669: [INFO][Sync] Loading: Saved Tab Group
2025-08-31 09:26:16.669: [INFO][Sync] Loading: WebAuthn Credentials
2025-08-31 09:26:16.669: [INFO][Sync] Loading: Collection
2025-08-31 09:26:16.669: [INFO][Sync] Loading: Edge E Drop
2025-08-31 09:26:16.669: [INFO][Sync] Loading: Edge Hub App Usage
2025-08-31 09:26:16.669: [INFO][Sync] Loading: Edge Wallet
2025-08-31 09:26:16.701: [INFO][Sync] All data types are ready for configure.
2025-08-31 09:26:17.089: [INFO][Sync] Started DataTypeManager configuration, reason: 5
2025-08-31 09:26:17.090: [INFO][Sync] Configuring for: Bookmarks, Preferences, Passwords, Autofill Profiles, Autofill, Extensions, Sessions, Extension settings, History Delete Directives, Device Info, User Consents, Send Tab To Self, Web Apps, History, Saved Tab Group, WebAuthn Credentials, Collection, Edge E Drop, Edge Hub App Usage, Edge Wallet, Encryption Keys, reason: 5, current state: 1
2025-08-31 09:26:17.105: [INFO][SyncEngineBackend::DoStartConfiguration] Start configuration
2025-08-31 09:26:17.105: [INFO][SyncManagerImpl::ConfigureSyncer] Types to download:  with reason: 4
2025-08-31 09:26:17.105: [INFO][SyncEngineBackend::DoFinishConfigureDataTypes] Failed to download types:  and succeeded types: 
2025-08-31 09:26:17.108: [INFO][Sync] ConfigurationDone, failed: , succeeded: , remaining count: 4
2025-08-31 09:26:17.108: [WARN][Sync]     Reconfigure requested while configuration ongoing.
2025-08-31 09:26:17.108: [INFO][Sync] Configuring for: Bookmarks, Preferences, Passwords, Autofill Profiles, Autofill, Extensions, Sessions, Extension settings, History Delete Directives, Device Info, User Consents, Send Tab To Self, Web Apps, History, Saved Tab Group, WebAuthn Credentials, Collection, Edge E Drop, Edge Hub App Usage, Edge Wallet, Encryption Keys, reason: 5, current state: 2
2025-08-31 09:26:17.108: [INFO][Sync] Configure, desired: Bookmarks, Preferences, Passwords, Autofill Profiles, Autofill, Extensions, Sessions, Extension settings, History Delete Directives, Device Info, User Consents, Send Tab To Self, Web Apps, History, Saved Tab Group, WebAuthn Credentials, Collection, Edge E Drop, Edge Hub App Usage, Edge Wallet, Encryption Keys; Allow fail: 
2025-08-31 09:26:17.108: [INFO][Sync] Loading: Passwords
2025-08-31 09:26:17.108: [INFO][Sync] Loading: Autofill Profiles
2025-08-31 09:26:17.108: [INFO][Sync] Loading: Autofill
2025-08-31 09:26:17.109: [INFO][Sync] All data types are ready for configure.
2025-08-31 09:26:17.112: [INFO][SyncManagerImpl::NudgeForInitialDownload] Initial download nudge for Passwords
2025-08-31 09:26:17.112: [INFO][SyncManagerImpl::ConfigureSyncer] Types to download:  with reason: 5
2025-08-31 09:26:17.112: [INFO][SyncEngineBackend::DoFinishConfigureDataTypes] Failed to download types:  and succeeded types: 
2025-08-31 09:26:17.120: [INFO][Sync] ConfigurationDone, failed: , succeeded: , remaining count: 4
2025-08-31 09:26:17.120: [INFO][Sync] Prepare to configure types: Passwords, Encryption Keys
2025-08-31 09:26:17.121: [INFO][SyncManagerImpl::ConfigureSyncer] Types to download: Passwords, Encryption Keys with reason: 5
2025-08-31 09:26:17.121: [INFO][SyncSchedulerImpl::DoConfigurationSyncCycleJob] Blocked types:  and types to download: Passwords, Encryption Keys
2025-08-31 09:26:17.697: [INFO][SyncEngineBackend::DoFinishConfigureDataTypes] Failed to download types:  and succeeded types: Passwords, Encryption Keys
2025-08-31 09:26:17.716: [INFO][Sync] ConfigurationDone, failed: , succeeded: Passwords, Encryption Keys, remaining count: 3
2025-08-31 09:26:17.716: [INFO][SyncManagerImpl::ConfigureSyncer] Types to download:  with reason: 5
2025-08-31 09:26:17.716: [INFO][SyncEngineBackend::DoFinishConfigureDataTypes] Failed to download types:  and succeeded types: 
2025-08-31 09:26:17.716: [INFO][Sync] ConfigurationDone, failed: , succeeded: , remaining count: 2
2025-08-31 09:26:17.716: [INFO][SyncManagerImpl::ConfigureSyncer] Types to download:  with reason: 5
2025-08-31 09:26:17.716: [INFO][SyncEngineBackend::DoFinishConfigureDataTypes] Failed to download types:  and succeeded types: 
2025-08-31 09:26:17.726: [INFO][Sync] ConfigurationDone, failed: , succeeded: , remaining count: 1
2025-08-31 09:26:17.744: [INFO][SyncManagerImpl::ConfigureSyncer] Types to download:  with reason: 5
2025-08-31 09:26:17.744: [INFO][SyncEngineBackend::DoFinishConfigureDataTypes] Failed to download types:  and succeeded types: 
2025-08-31 09:26:17.744: [INFO][Sync] ConfigurationDone, failed: , succeeded: , remaining count: 0
2025-08-31 09:26:17.764: [INFO][Sync]     Configuration completed, state: 7
2025-08-31 09:26:17.765: [INFO][Sync] Configured DataTypeManager: Ok
2025-08-31 09:26:17.784: [INFO][SyncEngineBackend::DoStartSyncing] Start syncing
2025-08-31 09:29:07.784: [INFO][Sync] SyncState after authenticated was: FeatureCanStart
2025-08-31 09:29:09.859: [INFO][Sync] Try to start sync engine
2025-08-31 09:29:09.863: [INFO][SyncManagerImpl::NudgeForInitialDownload] Initial download nudge for Encryption Keys
2025-08-31 09:29:09.863: [INFO][SyncEngineBackend::LoadAndConnectNigoriController] Load and connect Nigori controller
2025-08-31 09:29:09.864: [INFO][SyncEngineBackend::DoInitialize] Control Types added: Encryption Keys
2025-08-31 09:29:09.864: [INFO][SyncManagerImpl::ConfigureSyncer] Types to download: Encryption Keys with reason: 3
2025-08-31 09:29:09.864: [INFO][SyncSchedulerImpl::DoConfigurationSyncCycleJob] Configure job was blocked
2025-08-31 09:29:11.001: [INFO][SyncAuthManager::SetLastAuthError] Current auth error: None
2025-08-31 09:29:11.001: [INFO][SyncAuthManager::EdgeLogTokenErrorState] Token error with: None for account type: MSA
2025-08-31 09:29:11.001: [INFO][Sync] Credentials changed for: EdgeSyncScopeNew
2025-08-31 09:29:34.003: [INFO][SyncAuthManager::SetLastAuthError] Current auth error: None
2025-08-31 09:29:34.003: [INFO][SyncAuthManager::EdgeLogTokenErrorState] Token error with: None for account type: MSA
2025-08-31 09:29:34.003: [INFO][Sync] Credentials changed for: EdgeSyncKeyDataScope
2025-08-31 09:29:34.003: [INFO][SyncEngineBackend::DoUpdateKeyDataCredentials] Update key data credentials
2025-08-31 09:29:34.004: [INFO][SyncEngineBackend::DoUpdateCredentials] Update credentials
2025-08-31 09:29:34.004: [INFO][SyncSchedulerImpl::DoConfigurationSyncCycleJob] Blocked types:  and types to download: Encryption Keys
2025-08-31 09:29:34.432: [INFO][Sync] Started DataTypeManager configuration, reason: 4
2025-08-31 09:29:34.432: [INFO][Sync] Configuring for: Bookmarks, Preferences, Passwords, Autofill Profiles, Autofill, Extensions, Sessions, Extension settings, History Delete Directives, Device Info, User Consents, Send Tab To Self, Web Apps, History, Saved Tab Group, WebAuthn Credentials, Collection, Edge E Drop, Edge Hub App Usage, Edge Wallet, Encryption Keys, reason: 4, current state: 0
2025-08-31 09:29:34.432: [WARN][Sync] Crypto error data types: Passwords, Autofill Profiles, Autofill
2025-08-31 09:29:34.452: [INFO][Sync] Configure, desired: Bookmarks, Preferences, Extensions, Sessions, Extension settings, History Delete Directives, Device Info, User Consents, Send Tab To Self, Web Apps, History, Saved Tab Group, WebAuthn Credentials, Collection, Edge E Drop, Edge Hub App Usage, Edge Wallet, Encryption Keys; Allow fail: Passwords, Autofill Profiles, Autofill
2025-08-31 09:29:34.452: [INFO][Sync] Loading: Bookmarks
2025-08-31 09:29:34.452: [INFO][Sync] Loading: Preferences
2025-08-31 09:29:34.452: [INFO][Sync] Loading: Extensions
2025-08-31 09:29:34.452: [INFO][Sync] Loading: Sessions
2025-08-31 09:29:34.452: [INFO][Sync] Loading: Extension settings
2025-08-31 09:29:34.452: [INFO][Sync] Loading: History Delete Directives
2025-08-31 09:29:34.453: [INFO][Sync] Loading: Device Info
2025-08-31 09:29:34.453: [INFO][Sync] Loading: User Consents
2025-08-31 09:29:34.453: [INFO][Sync] Loading: Send Tab To Self
2025-08-31 09:29:34.453: [INFO][Sync] Loading: Web Apps
2025-08-31 09:29:34.453: [INFO][Sync] Loading: History
2025-08-31 09:29:34.453: [INFO][Sync] Loading: Saved Tab Group
2025-08-31 09:29:34.453: [INFO][Sync] Loading: WebAuthn Credentials
2025-08-31 09:29:34.453: [INFO][Sync] Loading: Collection
2025-08-31 09:29:34.453: [INFO][Sync] Loading: Edge E Drop
2025-08-31 09:29:34.453: [INFO][Sync] Loading: Edge Hub App Usage
2025-08-31 09:29:34.453: [INFO][Sync] Loading: Edge Wallet
2025-08-31 09:29:34.484: [INFO][Sync] All data types are ready for configure.
2025-08-31 09:29:35.508: [INFO][Sync] Started DataTypeManager configuration, reason: 5
2025-08-31 09:29:35.508: [INFO][Sync] Configuring for: Bookmarks, Preferences, Passwords, Autofill Profiles, Autofill, Extensions, Sessions, Extension settings, History Delete Directives, Device Info, User Consents, Send Tab To Self, Web Apps, History, Saved Tab Group, WebAuthn Credentials, Collection, Edge E Drop, Edge Hub App Usage, Edge Wallet, Encryption Keys, reason: 5, current state: 1
2025-08-31 09:29:35.524: [INFO][SyncEngineBackend::DoStartConfiguration] Start configuration
2025-08-31 09:29:35.525: [INFO][SyncManagerImpl::ConfigureSyncer] Types to download:  with reason: 4
2025-08-31 09:29:35.525: [INFO][SyncEngineBackend::DoFinishConfigureDataTypes] Failed to download types:  and succeeded types: 
2025-08-31 09:29:35.525: [INFO][Sync] ConfigurationDone, failed: , succeeded: , remaining count: 4
2025-08-31 09:29:35.525: [WARN][Sync]     Reconfigure requested while configuration ongoing.
2025-08-31 09:29:35.525: [INFO][Sync] Configuring for: Bookmarks, Preferences, Passwords, Autofill Profiles, Autofill, Extensions, Sessions, Extension settings, History Delete Directives, Device Info, User Consents, Send Tab To Self, Web Apps, History, Saved Tab Group, WebAuthn Credentials, Collection, Edge E Drop, Edge Hub App Usage, Edge Wallet, Encryption Keys, reason: 5, current state: 2
2025-08-31 09:29:35.525: [INFO][Sync] Configure, desired: Bookmarks, Preferences, Passwords, Autofill Profiles, Autofill, Extensions, Sessions, Extension settings, History Delete Directives, Device Info, User Consents, Send Tab To Self, Web Apps, History, Saved Tab Group, WebAuthn Credentials, Collection, Edge E Drop, Edge Hub App Usage, Edge Wallet, Encryption Keys; Allow fail: 
2025-08-31 09:29:35.525: [INFO][Sync] Loading: Passwords
2025-08-31 09:29:35.525: [INFO][Sync] Loading: Autofill Profiles
2025-08-31 09:29:35.526: [INFO][Sync] Loading: Autofill
2025-08-31 09:29:35.527: [INFO][Sync] All data types are ready for configure.
2025-08-31 09:29:35.527: [INFO][SyncManagerImpl::NudgeForInitialDownload] Initial download nudge for Passwords
2025-08-31 09:29:35.527: [INFO][SyncManagerImpl::ConfigureSyncer] Types to download:  with reason: 5
2025-08-31 09:29:35.527: [INFO][SyncEngineBackend::DoFinishConfigureDataTypes] Failed to download types:  and succeeded types: 
2025-08-31 09:29:35.538: [INFO][Sync] ConfigurationDone, failed: , succeeded: , remaining count: 4
2025-08-31 09:29:35.538: [INFO][Sync] Prepare to configure types: Passwords, Encryption Keys
2025-08-31 09:29:35.539: [INFO][SyncManagerImpl::ConfigureSyncer] Types to download: Passwords, Encryption Keys with reason: 5
2025-08-31 09:29:35.539: [INFO][SyncSchedulerImpl::DoConfigurationSyncCycleJob] Blocked types:  and types to download: Passwords, Encryption Keys
2025-08-31 09:29:36.178: [INFO][SyncEngineBackend::DoFinishConfigureDataTypes] Failed to download types:  and succeeded types: Passwords, Encryption Keys
2025-08-31 09:29:36.196: [INFO][Sync] ConfigurationDone, failed: , succeeded: Passwords, Encryption Keys, remaining count: 3
2025-08-31 09:29:36.196: [INFO][SyncManagerImpl::ConfigureSyncer] Types to download:  with reason: 5
2025-08-31 09:29:36.196: [INFO][SyncEngineBackend::DoFinishConfigureDataTypes] Failed to download types:  and succeeded types: 
2025-08-31 09:29:36.196: [INFO][Sync] ConfigurationDone, failed: , succeeded: , remaining count: 2
2025-08-31 09:29:36.197: [INFO][SyncManagerImpl::ConfigureSyncer] Types to download:  with reason: 5
2025-08-31 09:29:36.197: [INFO][SyncEngineBackend::DoFinishConfigureDataTypes] Failed to download types:  and succeeded types: 
2025-08-31 09:29:36.197: [INFO][Sync] ConfigurationDone, failed: , succeeded: , remaining count: 1
2025-08-31 09:29:36.217: [INFO][SyncManagerImpl::ConfigureSyncer] Types to download:  with reason: 5
2025-08-31 09:29:36.217: [INFO][SyncEngineBackend::DoFinishConfigureDataTypes] Failed to download types:  and succeeded types: 
2025-08-31 09:29:36.217: [INFO][Sync] ConfigurationDone, failed: , succeeded: , remaining count: 0
2025-08-31 09:29:36.236: [INFO][Sync]     Configuration completed, state: 7
2025-08-31 09:29:36.236: [INFO][Sync] Configured DataTypeManager: Ok
2025-08-31 09:29:36.255: [INFO][SyncEngineBackend::DoStartSyncing] Start syncing
2025-09-01 15:32:51.216: [INFO][Sync] SyncState after authenticated was: FeatureCanStart
2025-09-01 15:32:53.359: [INFO][Sync] Try to start sync engine
2025-09-01 15:32:53.364: [INFO][SyncManagerImpl::NudgeForInitialDownload] Initial download nudge for Encryption Keys
2025-09-01 15:32:53.364: [INFO][SyncEngineBackend::LoadAndConnectNigoriController] Load and connect Nigori controller
2025-09-01 15:32:53.364: [INFO][SyncEngineBackend::DoInitialize] Control Types added: Encryption Keys
2025-09-01 15:32:53.364: [INFO][SyncManagerImpl::ConfigureSyncer] Types to download: Encryption Keys with reason: 3
2025-09-01 15:32:53.364: [INFO][SyncSchedulerImpl::DoConfigurationSyncCycleJob] Configure job was blocked
2025-09-01 15:32:53.933: [INFO][SyncAuthManager::SetLastAuthError] Current auth error: None
2025-09-01 15:32:53.933: [INFO][SyncAuthManager::EdgeLogTokenErrorState] Token error with: None for account type: MSA
2025-09-01 15:32:53.933: [INFO][Sync] Credentials changed for: EdgeSyncScopeNew
2025-09-01 15:32:56.971: [INFO][SyncAuthManager::SetLastAuthError] Current auth error: None
2025-09-01 15:32:56.971: [INFO][SyncAuthManager::EdgeLogTokenErrorState] Token error with: None for account type: MSA
2025-09-01 15:32:56.971: [INFO][Sync] Credentials changed for: EdgeSyncKeyDataScope
2025-09-01 15:32:56.972: [INFO][SyncEngineBackend::DoUpdateKeyDataCredentials] Update key data credentials
2025-09-01 15:32:56.972: [INFO][SyncEngineBackend::DoUpdateCredentials] Update credentials
2025-09-01 15:32:56.972: [INFO][SyncSchedulerImpl::DoConfigurationSyncCycleJob] Blocked types:  and types to download: Encryption Keys
2025-09-01 15:32:57.975: [INFO][Sync] Started DataTypeManager configuration, reason: 4
2025-09-01 15:32:57.975: [INFO][Sync] Configuring for: Bookmarks, Preferences, Passwords, Autofill Profiles, Autofill, Extensions, Sessions, Extension settings, History Delete Directives, Device Info, User Consents, Send Tab To Self, Web Apps, History, Saved Tab Group, WebAuthn Credentials, Collection, Edge E Drop, Edge Hub App Usage, Edge Wallet, Encryption Keys, reason: 4, current state: 0
2025-09-01 15:32:57.975: [WARN][Sync] Crypto error data types: Passwords, Autofill Profiles, Autofill
2025-09-01 15:32:57.994: [INFO][Sync] Configure, desired: Bookmarks, Preferences, Extensions, Sessions, Extension settings, History Delete Directives, Device Info, User Consents, Send Tab To Self, Web Apps, History, Saved Tab Group, WebAuthn Credentials, Collection, Edge E Drop, Edge Hub App Usage, Edge Wallet, Encryption Keys; Allow fail: Passwords, Autofill Profiles, Autofill
2025-09-01 15:32:57.994: [INFO][Sync] Loading: Bookmarks
2025-09-01 15:32:57.994: [INFO][Sync] Loading: Preferences
2025-09-01 15:32:57.994: [INFO][Sync] Loading: Extensions
2025-09-01 15:32:57.994: [INFO][Sync] Loading: Sessions
2025-09-01 15:32:57.994: [INFO][Sync] Loading: Extension settings
2025-09-01 15:32:57.994: [INFO][Sync] Loading: History Delete Directives
2025-09-01 15:32:57.994: [INFO][Sync] Loading: Device Info
2025-09-01 15:32:57.994: [INFO][Sync] Loading: User Consents
2025-09-01 15:32:57.994: [INFO][Sync] Loading: Send Tab To Self
2025-09-01 15:32:57.994: [INFO][Sync] Loading: Web Apps
2025-09-01 15:32:57.994: [INFO][Sync] Loading: History
2025-09-01 15:32:57.994: [INFO][Sync] Loading: Saved Tab Group
2025-09-01 15:32:57.995: [INFO][Sync] Loading: WebAuthn Credentials
2025-09-01 15:32:57.995: [INFO][Sync] Loading: Collection
2025-09-01 15:32:57.995: [INFO][Sync] Loading: Edge E Drop
2025-09-01 15:32:57.995: [INFO][Sync] Loading: Edge Hub App Usage
2025-09-01 15:32:57.995: [INFO][Sync] Loading: Edge Wallet
2025-09-01 15:32:58.030: [INFO][Sync] All data types are ready for configure.
2025-09-01 15:32:58.694: [INFO][Sync] Started DataTypeManager configuration, reason: 5
2025-09-01 15:32:58.694: [INFO][Sync] Configuring for: Bookmarks, Preferences, Passwords, Autofill Profiles, Autofill, Extensions, Sessions, Extension settings, History Delete Directives, Device Info, User Consents, Send Tab To Self, Web Apps, History, Saved Tab Group, WebAuthn Credentials, Collection, Edge E Drop, Edge Hub App Usage, Edge Wallet, Encryption Keys, reason: 5, current state: 1
2025-09-01 15:32:58.712: [INFO][SyncEngineBackend::DoStartConfiguration] Start configuration
2025-09-01 15:32:58.712: [INFO][SyncManagerImpl::ConfigureSyncer] Types to download:  with reason: 4
2025-09-01 15:32:58.712: [INFO][SyncEngineBackend::DoFinishConfigureDataTypes] Failed to download types:  and succeeded types: 
2025-09-01 15:32:58.713: [INFO][Sync] ConfigurationDone, failed: , succeeded: , remaining count: 4
2025-09-01 15:32:58.713: [WARN][Sync]     Reconfigure requested while configuration ongoing.
2025-09-01 15:32:58.714: [INFO][Sync] Configuring for: Bookmarks, Preferences, Passwords, Autofill Profiles, Autofill, Extensions, Sessions, Extension settings, History Delete Directives, Device Info, User Consents, Send Tab To Self, Web Apps, History, Saved Tab Group, WebAuthn Credentials, Collection, Edge E Drop, Edge Hub App Usage, Edge Wallet, Encryption Keys, reason: 5, current state: 2
2025-09-01 15:32:58.714: [INFO][Sync] Configure, desired: Bookmarks, Preferences, Passwords, Autofill Profiles, Autofill, Extensions, Sessions, Extension settings, History Delete Directives, Device Info, User Consents, Send Tab To Self, Web Apps, History, Saved Tab Group, WebAuthn Credentials, Collection, Edge E Drop, Edge Hub App Usage, Edge Wallet, Encryption Keys; Allow fail: 
2025-09-01 15:32:58.714: [INFO][Sync] Loading: Passwords
2025-09-01 15:32:58.714: [INFO][Sync] Loading: Autofill Profiles
2025-09-01 15:32:58.714: [INFO][Sync] Loading: Autofill
2025-09-01 15:32:58.717: [INFO][Sync] All data types are ready for configure.
2025-09-01 15:32:58.717: [INFO][SyncManagerImpl::NudgeForInitialDownload] Initial download nudge for Passwords
2025-09-01 15:32:58.718: [INFO][SyncManagerImpl::ConfigureSyncer] Types to download:  with reason: 5
2025-09-01 15:32:58.718: [INFO][SyncEngineBackend::DoFinishConfigureDataTypes] Failed to download types:  and succeeded types: 
2025-09-01 15:32:58.721: [INFO][Sync] ConfigurationDone, failed: , succeeded: , remaining count: 4
2025-09-01 15:32:58.721: [INFO][Sync] Prepare to configure types: Passwords, Encryption Keys
2025-09-01 15:32:58.721: [INFO][SyncManagerImpl::ConfigureSyncer] Types to download: Passwords, Encryption Keys with reason: 5
2025-09-01 15:32:58.721: [INFO][SyncSchedulerImpl::DoConfigurationSyncCycleJob] Blocked types:  and types to download: Passwords, Encryption Keys
2025-09-01 15:33:00.074: [INFO][SyncEngineBackend::DoFinishConfigureDataTypes] Failed to download types:  and succeeded types: Passwords, Encryption Keys
2025-09-01 15:33:00.094: [INFO][Sync] ConfigurationDone, failed: , succeeded: Passwords, Encryption Keys, remaining count: 3
2025-09-01 15:33:00.094: [INFO][SyncManagerImpl::ConfigureSyncer] Types to download:  with reason: 5
2025-09-01 15:33:00.094: [INFO][SyncEngineBackend::DoFinishConfigureDataTypes] Failed to download types:  and succeeded types: 
2025-09-01 15:33:00.096: [INFO][Sync] ConfigurationDone, failed: , succeeded: , remaining count: 2
2025-09-01 15:33:00.096: [INFO][SyncManagerImpl::ConfigureSyncer] Types to download:  with reason: 5
2025-09-01 15:33:00.096: [INFO][SyncEngineBackend::DoFinishConfigureDataTypes] Failed to download types:  and succeeded types: 
2025-09-01 15:33:00.096: [INFO][Sync] ConfigurationDone, failed: , succeeded: , remaining count: 1
2025-09-01 15:33:00.117: [INFO][SyncManagerImpl::ConfigureSyncer] Types to download:  with reason: 5
2025-09-01 15:33:00.117: [INFO][SyncEngineBackend::DoFinishConfigureDataTypes] Failed to download types:  and succeeded types: 
2025-09-01 15:33:00.126: [INFO][Sync] ConfigurationDone, failed: , succeeded: , remaining count: 0
2025-09-01 15:33:00.144: [INFO][Sync]     Configuration completed, state: 7
2025-09-01 15:33:00.145: [INFO][Sync] Configured DataTypeManager: Ok
2025-09-01 15:33:00.166: [INFO][SyncEngineBackend::DoStartSyncing] Start syncing
2025-09-01 15:39:11.961: [INFO][Sync] SyncState after authenticated was: FeatureCanStart
2025-09-01 15:39:14.328: [INFO][Sync] Try to start sync engine
2025-09-01 15:39:14.331: [INFO][SyncManagerImpl::NudgeForInitialDownload] Initial download nudge for Encryption Keys
2025-09-01 15:39:14.331: [INFO][SyncEngineBackend::LoadAndConnectNigoriController] Load and connect Nigori controller
2025-09-01 15:39:14.331: [INFO][SyncEngineBackend::DoInitialize] Control Types added: Encryption Keys
2025-09-01 15:39:14.331: [INFO][SyncManagerImpl::ConfigureSyncer] Types to download: Encryption Keys with reason: 3
2025-09-01 15:39:14.332: [INFO][SyncSchedulerImpl::DoConfigurationSyncCycleJob] Configure job was blocked
2025-09-01 15:39:15.400: [INFO][SyncAuthManager::SetLastAuthError] Current auth error: None
2025-09-01 15:39:15.400: [INFO][SyncAuthManager::EdgeLogTokenErrorState] Token error with: None for account type: MSA
2025-09-01 15:39:15.400: [INFO][Sync] Credentials changed for: EdgeSyncScopeNew
2025-09-01 15:39:20.083: [INFO][SyncAuthManager::SetLastAuthError] Current auth error: None
2025-09-01 15:39:20.083: [INFO][SyncAuthManager::EdgeLogTokenErrorState] Token error with: None for account type: MSA
2025-09-01 15:39:20.083: [INFO][Sync] Credentials changed for: EdgeSyncKeyDataScope
2025-09-01 15:39:20.083: [INFO][SyncEngineBackend::DoUpdateKeyDataCredentials] Update key data credentials
2025-09-01 15:39:20.083: [INFO][SyncEngineBackend::DoUpdateCredentials] Update credentials
2025-09-01 15:39:20.083: [INFO][SyncSchedulerImpl::DoConfigurationSyncCycleJob] Blocked types:  and types to download: Encryption Keys
2025-09-01 15:39:20.509: [INFO][Sync] Started DataTypeManager configuration, reason: 4
2025-09-01 15:39:20.509: [INFO][Sync] Configuring for: Bookmarks, Preferences, Passwords, Autofill Profiles, Autofill, Extensions, Sessions, Extension settings, History Delete Directives, Device Info, User Consents, Send Tab To Self, Web Apps, History, Saved Tab Group, WebAuthn Credentials, Collection, Edge E Drop, Edge Hub App Usage, Edge Wallet, Encryption Keys, reason: 4, current state: 0
2025-09-01 15:39:20.509: [WARN][Sync] Crypto error data types: Passwords, Autofill Profiles, Autofill
2025-09-01 15:39:20.528: [INFO][Sync] Configure, desired: Bookmarks, Preferences, Extensions, Sessions, Extension settings, History Delete Directives, Device Info, User Consents, Send Tab To Self, Web Apps, History, Saved Tab Group, WebAuthn Credentials, Collection, Edge E Drop, Edge Hub App Usage, Edge Wallet, Encryption Keys; Allow fail: Passwords, Autofill Profiles, Autofill
2025-09-01 15:39:20.528: [INFO][Sync] Loading: Bookmarks
2025-09-01 15:39:20.528: [INFO][Sync] Loading: Preferences
2025-09-01 15:39:20.528: [INFO][Sync] Loading: Extensions
2025-09-01 15:39:20.528: [INFO][Sync] Loading: Sessions
2025-09-01 15:39:20.528: [INFO][Sync] Loading: Extension settings
2025-09-01 15:39:20.528: [INFO][Sync] Loading: History Delete Directives
2025-09-01 15:39:20.529: [INFO][Sync] Loading: Device Info
2025-09-01 15:39:20.529: [INFO][Sync] Loading: User Consents
2025-09-01 15:39:20.529: [INFO][Sync] Loading: Send Tab To Self
2025-09-01 15:39:20.529: [INFO][Sync] Loading: Web Apps
2025-09-01 15:39:20.529: [INFO][Sync] Loading: History
2025-09-01 15:39:20.529: [INFO][Sync] Loading: Saved Tab Group
2025-09-01 15:39:20.529: [INFO][Sync] Loading: WebAuthn Credentials
2025-09-01 15:39:20.529: [INFO][Sync] Loading: Collection
2025-09-01 15:39:20.529: [INFO][Sync] Loading: Edge E Drop
2025-09-01 15:39:20.529: [INFO][Sync] Loading: Edge Hub App Usage
2025-09-01 15:39:20.529: [INFO][Sync] Loading: Edge Wallet
2025-09-01 15:39:20.564: [INFO][Sync] All data types are ready for configure.
2025-09-01 15:39:21.506: [INFO][Sync] Started DataTypeManager configuration, reason: 5
2025-09-01 15:39:21.506: [INFO][Sync] Configuring for: Bookmarks, Preferences, Passwords, Autofill Profiles, Autofill, Extensions, Sessions, Extension settings, History Delete Directives, Device Info, User Consents, Send Tab To Self, Web Apps, History, Saved Tab Group, WebAuthn Credentials, Collection, Edge E Drop, Edge Hub App Usage, Edge Wallet, Encryption Keys, reason: 5, current state: 1
2025-09-01 15:39:21.522: [INFO][SyncEngineBackend::DoStartConfiguration] Start configuration
2025-09-01 15:39:21.523: [INFO][SyncManagerImpl::ConfigureSyncer] Types to download:  with reason: 4
2025-09-01 15:39:21.523: [INFO][SyncEngineBackend::DoFinishConfigureDataTypes] Failed to download types:  and succeeded types: 
2025-09-01 15:39:21.524: [INFO][Sync] ConfigurationDone, failed: , succeeded: , remaining count: 4
2025-09-01 15:39:21.524: [WARN][Sync]     Reconfigure requested while configuration ongoing.
2025-09-01 15:39:21.524: [INFO][Sync] Configuring for: Bookmarks, Preferences, Passwords, Autofill Profiles, Autofill, Extensions, Sessions, Extension settings, History Delete Directives, Device Info, User Consents, Send Tab To Self, Web Apps, History, Saved Tab Group, WebAuthn Credentials, Collection, Edge E Drop, Edge Hub App Usage, Edge Wallet, Encryption Keys, reason: 5, current state: 2
2025-09-01 15:39:21.524: [INFO][Sync] Configure, desired: Bookmarks, Preferences, Passwords, Autofill Profiles, Autofill, Extensions, Sessions, Extension settings, History Delete Directives, Device Info, User Consents, Send Tab To Self, Web Apps, History, Saved Tab Group, WebAuthn Credentials, Collection, Edge E Drop, Edge Hub App Usage, Edge Wallet, Encryption Keys; Allow fail: 
2025-09-01 15:39:21.524: [INFO][Sync] Loading: Passwords
2025-09-01 15:39:21.524: [INFO][Sync] Loading: Autofill Profiles
2025-09-01 15:39:21.524: [INFO][Sync] Loading: Autofill
2025-09-01 15:39:21.526: [INFO][Sync] All data types are ready for configure.
2025-09-01 15:39:21.526: [INFO][SyncManagerImpl::NudgeForInitialDownload] Initial download nudge for Passwords
2025-09-01 15:39:21.526: [INFO][SyncManagerImpl::ConfigureSyncer] Types to download:  with reason: 5
2025-09-01 15:39:21.526: [INFO][SyncEngineBackend::DoFinishConfigureDataTypes] Failed to download types:  and succeeded types: 
2025-09-01 15:39:21.526: [INFO][Sync] ConfigurationDone, failed: , succeeded: , remaining count: 4
2025-09-01 15:39:21.526: [INFO][Sync] Prepare to configure types: Passwords, Encryption Keys
2025-09-01 15:39:21.528: [INFO][SyncManagerImpl::ConfigureSyncer] Types to download: Passwords, Encryption Keys with reason: 5
2025-09-01 15:39:21.528: [INFO][SyncSchedulerImpl::DoConfigurationSyncCycleJob] Blocked types:  and types to download: Passwords, Encryption Keys
2025-09-01 15:39:22.281: [INFO][SyncEngineBackend::DoFinishConfigureDataTypes] Failed to download types:  and succeeded types: Passwords, Encryption Keys
2025-09-01 15:39:22.299: [INFO][Sync] ConfigurationDone, failed: , succeeded: Passwords, Encryption Keys, remaining count: 3
2025-09-01 15:39:22.300: [INFO][SyncManagerImpl::ConfigureSyncer] Types to download:  with reason: 5
2025-09-01 15:39:22.300: [INFO][SyncEngineBackend::DoFinishConfigureDataTypes] Failed to download types:  and succeeded types: 
2025-09-01 15:39:22.300: [INFO][Sync] ConfigurationDone, failed: , succeeded: , remaining count: 2
2025-09-01 15:39:22.300: [INFO][SyncManagerImpl::ConfigureSyncer] Types to download:  with reason: 5
2025-09-01 15:39:22.300: [INFO][SyncEngineBackend::DoFinishConfigureDataTypes] Failed to download types:  and succeeded types: 
2025-09-01 15:39:22.310: [INFO][Sync] ConfigurationDone, failed: , succeeded: , remaining count: 1
2025-09-01 15:39:22.329: [INFO][SyncManagerImpl::ConfigureSyncer] Types to download:  with reason: 5
2025-09-01 15:39:22.329: [INFO][SyncEngineBackend::DoFinishConfigureDataTypes] Failed to download types:  and succeeded types: 
2025-09-01 15:39:22.329: [INFO][Sync] ConfigurationDone, failed: , succeeded: , remaining count: 0
2025-09-01 15:39:22.348: [INFO][Sync]     Configuration completed, state: 7
2025-09-01 15:39:22.349: [INFO][Sync] Configured DataTypeManager: Ok
2025-09-01 15:39:22.371: [INFO][SyncEngineBackend::DoStartSyncing] Start syncing
2025-09-01 15:47:28.319: [INFO][Sync] SyncState after authenticated was: FeatureCanStart
2025-09-01 15:47:30.657: [INFO][Sync] Try to start sync engine
2025-09-01 15:47:30.661: [INFO][SyncManagerImpl::NudgeForInitialDownload] Initial download nudge for Encryption Keys
2025-09-01 15:47:30.661: [INFO][SyncEngineBackend::LoadAndConnectNigoriController] Load and connect Nigori controller
2025-09-01 15:47:30.661: [INFO][SyncEngineBackend::DoInitialize] Control Types added: Encryption Keys
2025-09-01 15:47:30.661: [INFO][SyncManagerImpl::ConfigureSyncer] Types to download: Encryption Keys with reason: 3
2025-09-01 15:47:30.661: [INFO][SyncSchedulerImpl::DoConfigurationSyncCycleJob] Configure job was blocked
2025-09-01 15:47:31.226: [INFO][SyncAuthManager::SetLastAuthError] Current auth error: None
2025-09-01 15:47:31.226: [INFO][SyncAuthManager::EdgeLogTokenErrorState] Token error with: None for account type: MSA
2025-09-01 15:47:31.226: [INFO][Sync] Credentials changed for: EdgeSyncScopeNew
2025-09-01 15:47:37.584: [INFO][SyncAuthManager::SetLastAuthError] Current auth error: None
2025-09-01 15:47:37.584: [INFO][SyncAuthManager::EdgeLogTokenErrorState] Token error with: None for account type: MSA
2025-09-01 15:47:37.584: [INFO][Sync] Credentials changed for: EdgeSyncKeyDataScope
2025-09-01 15:47:37.584: [INFO][SyncEngineBackend::DoUpdateKeyDataCredentials] Update key data credentials
2025-09-01 15:47:37.584: [INFO][SyncEngineBackend::DoUpdateCredentials] Update credentials
2025-09-01 15:47:37.584: [INFO][SyncSchedulerImpl::DoConfigurationSyncCycleJob] Blocked types:  and types to download: Encryption Keys
2025-09-01 15:47:38.476: [INFO][Sync] Started DataTypeManager configuration, reason: 4
2025-09-01 15:47:38.476: [INFO][Sync] Configuring for: Bookmarks, Preferences, Passwords, Autofill Profiles, Autofill, Extensions, Sessions, Extension settings, History Delete Directives, Device Info, User Consents, Send Tab To Self, Web Apps, History, Saved Tab Group, WebAuthn Credentials, Collection, Edge E Drop, Edge Hub App Usage, Edge Wallet, Encryption Keys, reason: 4, current state: 0
2025-09-01 15:47:38.476: [WARN][Sync] Crypto error data types: Passwords, Autofill Profiles, Autofill
2025-09-01 15:47:38.495: [INFO][Sync] Configure, desired: Bookmarks, Preferences, Extensions, Sessions, Extension settings, History Delete Directives, Device Info, User Consents, Send Tab To Self, Web Apps, History, Saved Tab Group, WebAuthn Credentials, Collection, Edge E Drop, Edge Hub App Usage, Edge Wallet, Encryption Keys; Allow fail: Passwords, Autofill Profiles, Autofill
2025-09-01 15:47:38.495: [INFO][Sync] Loading: Bookmarks
2025-09-01 15:47:38.495: [INFO][Sync] Loading: Preferences
2025-09-01 15:47:38.495: [INFO][Sync] Loading: Extensions
2025-09-01 15:47:38.495: [INFO][Sync] Loading: Sessions
2025-09-01 15:47:38.495: [INFO][Sync] Loading: Extension settings
2025-09-01 15:47:38.495: [INFO][Sync] Loading: History Delete Directives
2025-09-01 15:47:38.495: [INFO][Sync] Loading: Device Info
2025-09-01 15:47:38.495: [INFO][Sync] Loading: User Consents
2025-09-01 15:47:38.495: [INFO][Sync] Loading: Send Tab To Self
2025-09-01 15:47:38.495: [INFO][Sync] Loading: Web Apps
2025-09-01 15:47:38.495: [INFO][Sync] Loading: History
2025-09-01 15:47:38.495: [INFO][Sync] Loading: Saved Tab Group
2025-09-01 15:47:38.496: [INFO][Sync] Loading: WebAuthn Credentials
2025-09-01 15:47:38.496: [INFO][Sync] Loading: Collection
2025-09-01 15:47:38.496: [INFO][Sync] Loading: Edge E Drop
2025-09-01 15:47:38.496: [INFO][Sync] Loading: Edge Hub App Usage
2025-09-01 15:47:38.496: [INFO][Sync] Loading: Edge Wallet
2025-09-01 15:47:38.529: [INFO][Sync] All data types are ready for configure.
2025-09-01 15:47:39.095: [INFO][Sync] Started DataTypeManager configuration, reason: 5
2025-09-01 15:47:39.095: [INFO][Sync] Configuring for: Bookmarks, Preferences, Passwords, Autofill Profiles, Autofill, Extensions, Sessions, Extension settings, History Delete Directives, Device Info, User Consents, Send Tab To Self, Web Apps, History, Saved Tab Group, WebAuthn Credentials, Collection, Edge E Drop, Edge Hub App Usage, Edge Wallet, Encryption Keys, reason: 5, current state: 1
2025-09-01 15:47:39.115: [INFO][SyncEngineBackend::DoStartConfiguration] Start configuration
2025-09-01 15:47:39.116: [INFO][SyncManagerImpl::ConfigureSyncer] Types to download:  with reason: 4
2025-09-01 15:47:39.116: [INFO][SyncEngineBackend::DoFinishConfigureDataTypes] Failed to download types:  and succeeded types: 
2025-09-01 15:47:39.116: [INFO][Sync] ConfigurationDone, failed: , succeeded: , remaining count: 4
2025-09-01 15:47:39.116: [WARN][Sync]     Reconfigure requested while configuration ongoing.
2025-09-01 15:47:39.116: [INFO][Sync] Configuring for: Bookmarks, Preferences, Passwords, Autofill Profiles, Autofill, Extensions, Sessions, Extension settings, History Delete Directives, Device Info, User Consents, Send Tab To Self, Web Apps, History, Saved Tab Group, WebAuthn Credentials, Collection, Edge E Drop, Edge Hub App Usage, Edge Wallet, Encryption Keys, reason: 5, current state: 2
2025-09-01 15:47:39.116: [INFO][Sync] Configure, desired: Bookmarks, Preferences, Passwords, Autofill Profiles, Autofill, Extensions, Sessions, Extension settings, History Delete Directives, Device Info, User Consents, Send Tab To Self, Web Apps, History, Saved Tab Group, WebAuthn Credentials, Collection, Edge E Drop, Edge Hub App Usage, Edge Wallet, Encryption Keys; Allow fail: 
2025-09-01 15:47:39.116: [INFO][Sync] Loading: Passwords
2025-09-01 15:47:39.116: [INFO][Sync] Loading: Autofill Profiles
2025-09-01 15:47:39.116: [INFO][Sync] Loading: Autofill
2025-09-01 15:47:39.116: [INFO][Sync] All data types are ready for configure.
2025-09-01 15:47:39.116: [INFO][SyncManagerImpl::NudgeForInitialDownload] Initial download nudge for Passwords
2025-09-01 15:47:39.116: [INFO][SyncManagerImpl::ConfigureSyncer] Types to download:  with reason: 5
2025-09-01 15:47:39.116: [INFO][SyncEngineBackend::DoFinishConfigureDataTypes] Failed to download types:  and succeeded types: 
2025-09-01 15:47:39.116: [INFO][Sync] ConfigurationDone, failed: , succeeded: , remaining count: 4
2025-09-01 15:47:39.116: [INFO][Sync] Prepare to configure types: Passwords, Encryption Keys
2025-09-01 15:47:39.116: [INFO][SyncManagerImpl::ConfigureSyncer] Types to download: Passwords, Encryption Keys with reason: 5
2025-09-01 15:47:39.116: [INFO][SyncSchedulerImpl::DoConfigurationSyncCycleJob] Blocked types:  and types to download: Passwords, Encryption Keys
2025-09-01 15:47:39.767: [INFO][SyncEngineBackend::DoFinishConfigureDataTypes] Failed to download types:  and succeeded types: Passwords, Encryption Keys
2025-09-01 15:47:39.785: [INFO][Sync] ConfigurationDone, failed: , succeeded: Passwords, Encryption Keys, remaining count: 3
2025-09-01 15:47:39.785: [INFO][SyncManagerImpl::ConfigureSyncer] Types to download:  with reason: 5
2025-09-01 15:47:39.785: [INFO][SyncEngineBackend::DoFinishConfigureDataTypes] Failed to download types:  and succeeded types: 
2025-09-01 15:47:39.785: [INFO][Sync] ConfigurationDone, failed: , succeeded: , remaining count: 2
2025-09-01 15:47:39.785: [INFO][SyncManagerImpl::ConfigureSyncer] Types to download:  with reason: 5
2025-09-01 15:47:39.785: [INFO][SyncEngineBackend::DoFinishConfigureDataTypes] Failed to download types:  and succeeded types: 
2025-09-01 15:47:39.796: [INFO][Sync] ConfigurationDone, failed: , succeeded: , remaining count: 1
2025-09-01 15:47:39.815: [INFO][SyncManagerImpl::ConfigureSyncer] Types to download:  with reason: 5
2025-09-01 15:47:39.815: [INFO][SyncEngineBackend::DoFinishConfigureDataTypes] Failed to download types:  and succeeded types: 
2025-09-01 15:47:39.815: [INFO][Sync] ConfigurationDone, failed: , succeeded: , remaining count: 0
2025-09-01 15:47:39.834: [INFO][Sync]     Configuration completed, state: 7
2025-09-01 15:47:39.834: [INFO][Sync] Configured DataTypeManager: Ok
2025-09-01 15:47:39.855: [INFO][SyncEngineBackend::DoStartSyncing] Start syncing
2025-09-01 16:59:34.373: [INFO][Sync] SyncState after authenticated was: FeatureCanStart
2025-09-01 16:59:36.410: [INFO][Sync] Try to start sync engine
2025-09-01 16:59:36.414: [INFO][SyncManagerImpl::NudgeForInitialDownload] Initial download nudge for Encryption Keys
2025-09-01 16:59:36.414: [INFO][SyncEngineBackend::LoadAndConnectNigoriController] Load and connect Nigori controller
2025-09-01 16:59:36.415: [INFO][SyncEngineBackend::DoInitialize] Control Types added: Encryption Keys
2025-09-01 16:59:36.415: [INFO][SyncManagerImpl::ConfigureSyncer] Types to download: Encryption Keys with reason: 3
2025-09-01 16:59:36.415: [INFO][SyncSchedulerImpl::DoConfigurationSyncCycleJob] Configure job was blocked
2025-09-01 16:59:36.623: [INFO][SyncAuthManager::SetLastAuthError] Current auth error: None
2025-09-01 16:59:36.623: [INFO][SyncAuthManager::EdgeLogTokenErrorState] Token error with: None for account type: MSA
2025-09-01 16:59:36.623: [INFO][Sync] Credentials changed for: EdgeSyncScopeNew
2025-09-01 16:59:40.772: [INFO][SyncAuthManager::SetLastAuthError] Current auth error: None
2025-09-01 16:59:40.772: [INFO][SyncAuthManager::EdgeLogTokenErrorState] Token error with: None for account type: MSA
2025-09-01 16:59:40.772: [INFO][Sync] Credentials changed for: EdgeSyncKeyDataScope
2025-09-01 16:59:40.772: [INFO][SyncEngineBackend::DoUpdateKeyDataCredentials] Update key data credentials
2025-09-01 16:59:40.772: [INFO][SyncEngineBackend::DoUpdateCredentials] Update credentials
2025-09-01 16:59:40.773: [INFO][SyncSchedulerImpl::DoConfigurationSyncCycleJob] Blocked types:  and types to download: Encryption Keys
2025-09-01 16:59:41.907: [INFO][Sync] Started DataTypeManager configuration, reason: 4
2025-09-01 16:59:41.907: [INFO][Sync] Configuring for: Bookmarks, Preferences, Passwords, Autofill Profiles, Autofill, Extensions, Sessions, Extension settings, History Delete Directives, Device Info, User Consents, Send Tab To Self, Web Apps, History, Saved Tab Group, WebAuthn Credentials, Collection, Edge E Drop, Edge Hub App Usage, Edge Wallet, Encryption Keys, reason: 4, current state: 0
2025-09-01 16:59:41.907: [WARN][Sync] Crypto error data types: Passwords, Autofill Profiles, Autofill
2025-09-01 16:59:41.926: [INFO][Sync] Configure, desired: Bookmarks, Preferences, Extensions, Sessions, Extension settings, History Delete Directives, Device Info, User Consents, Send Tab To Self, Web Apps, History, Saved Tab Group, WebAuthn Credentials, Collection, Edge E Drop, Edge Hub App Usage, Edge Wallet, Encryption Keys; Allow fail: Passwords, Autofill Profiles, Autofill
2025-09-01 16:59:41.927: [INFO][Sync] Loading: Bookmarks
2025-09-01 16:59:41.927: [INFO][Sync] Loading: Preferences
2025-09-01 16:59:41.927: [INFO][Sync] Loading: Extensions
2025-09-01 16:59:41.927: [INFO][Sync] Loading: Sessions
2025-09-01 16:59:41.927: [INFO][Sync] Loading: Extension settings
2025-09-01 16:59:41.927: [INFO][Sync] Loading: History Delete Directives
2025-09-01 16:59:41.927: [INFO][Sync] Loading: Device Info
2025-09-01 16:59:41.927: [INFO][Sync] Loading: User Consents
2025-09-01 16:59:41.927: [INFO][Sync] Loading: Send Tab To Self
2025-09-01 16:59:41.927: [INFO][Sync] Loading: Web Apps
2025-09-01 16:59:41.927: [INFO][Sync] Loading: History
2025-09-01 16:59:41.927: [INFO][Sync] Loading: Saved Tab Group
2025-09-01 16:59:41.927: [INFO][Sync] Loading: WebAuthn Credentials
2025-09-01 16:59:41.927: [INFO][Sync] Loading: Collection
2025-09-01 16:59:41.927: [INFO][Sync] Loading: Edge E Drop
2025-09-01 16:59:41.927: [INFO][Sync] Loading: Edge Hub App Usage
2025-09-01 16:59:41.927: [INFO][Sync] Loading: Edge Wallet
2025-09-01 16:59:41.962: [INFO][Sync] All data types are ready for configure.
2025-09-01 16:59:42.446: [INFO][Sync] Started DataTypeManager configuration, reason: 5
2025-09-01 16:59:42.446: [INFO][Sync] Configuring for: Bookmarks, Preferences, Passwords, Autofill Profiles, Autofill, Extensions, Sessions, Extension settings, History Delete Directives, Device Info, User Consents, Send Tab To Self, Web Apps, History, Saved Tab Group, WebAuthn Credentials, Collection, Edge E Drop, Edge Hub App Usage, Edge Wallet, Encryption Keys, reason: 5, current state: 1
2025-09-01 16:59:42.459: [INFO][SyncEngineBackend::DoStartConfiguration] Start configuration
2025-09-01 16:59:42.460: [INFO][SyncManagerImpl::ConfigureSyncer] Types to download:  with reason: 4
2025-09-01 16:59:42.460: [INFO][SyncEngineBackend::DoFinishConfigureDataTypes] Failed to download types:  and succeeded types: 
2025-09-01 16:59:42.464: [INFO][Sync] ConfigurationDone, failed: , succeeded: , remaining count: 4
2025-09-01 16:59:42.464: [WARN][Sync]     Reconfigure requested while configuration ongoing.
2025-09-01 16:59:42.464: [INFO][Sync] Configuring for: Bookmarks, Preferences, Passwords, Autofill Profiles, Autofill, Extensions, Sessions, Extension settings, History Delete Directives, Device Info, User Consents, Send Tab To Self, Web Apps, History, Saved Tab Group, WebAuthn Credentials, Collection, Edge E Drop, Edge Hub App Usage, Edge Wallet, Encryption Keys, reason: 5, current state: 2
2025-09-01 16:59:42.464: [INFO][Sync] Configure, desired: Bookmarks, Preferences, Passwords, Autofill Profiles, Autofill, Extensions, Sessions, Extension settings, History Delete Directives, Device Info, User Consents, Send Tab To Self, Web Apps, History, Saved Tab Group, WebAuthn Credentials, Collection, Edge E Drop, Edge Hub App Usage, Edge Wallet, Encryption Keys; Allow fail: 
2025-09-01 16:59:42.464: [INFO][Sync] Loading: Passwords
2025-09-01 16:59:42.465: [INFO][Sync] Loading: Autofill Profiles
2025-09-01 16:59:42.465: [INFO][Sync] Loading: Autofill
2025-09-01 16:59:42.466: [INFO][Sync] All data types are ready for configure.
2025-09-01 16:59:42.466: [INFO][SyncManagerImpl::NudgeForInitialDownload] Initial download nudge for Passwords
2025-09-01 16:59:42.467: [INFO][SyncManagerImpl::ConfigureSyncer] Types to download:  with reason: 5
2025-09-01 16:59:42.467: [INFO][SyncEngineBackend::DoFinishConfigureDataTypes] Failed to download types:  and succeeded types: 
2025-09-01 16:59:42.467: [INFO][Sync] ConfigurationDone, failed: , succeeded: , remaining count: 4
2025-09-01 16:59:42.467: [INFO][Sync] Prepare to configure types: Passwords, Encryption Keys
2025-09-01 16:59:42.468: [INFO][SyncManagerImpl::ConfigureSyncer] Types to download: Passwords, Encryption Keys with reason: 5
2025-09-01 16:59:42.468: [INFO][SyncSchedulerImpl::DoConfigurationSyncCycleJob] Blocked types:  and types to download: Passwords, Encryption Keys
2025-09-01 16:59:43.102: [INFO][SyncEngineBackend::DoFinishConfigureDataTypes] Failed to download types:  and succeeded types: Passwords, Encryption Keys
2025-09-01 16:59:43.122: [INFO][Sync] ConfigurationDone, failed: , succeeded: Passwords, Encryption Keys, remaining count: 3
2025-09-01 16:59:43.122: [INFO][SyncManagerImpl::ConfigureSyncer] Types to download:  with reason: 5
2025-09-01 16:59:43.122: [INFO][SyncEngineBackend::DoFinishConfigureDataTypes] Failed to download types:  and succeeded types: 
2025-09-01 16:59:43.122: [INFO][Sync] ConfigurationDone, failed: , succeeded: , remaining count: 2
2025-09-01 16:59:43.123: [INFO][SyncManagerImpl::ConfigureSyncer] Types to download:  with reason: 5
2025-09-01 16:59:43.123: [INFO][SyncEngineBackend::DoFinishConfigureDataTypes] Failed to download types:  and succeeded types: 
2025-09-01 16:59:43.133: [INFO][Sync] ConfigurationDone, failed: , succeeded: , remaining count: 1
2025-09-01 16:59:43.152: [INFO][SyncManagerImpl::ConfigureSyncer] Types to download:  with reason: 5
2025-09-01 16:59:43.152: [INFO][SyncEngineBackend::DoFinishConfigureDataTypes] Failed to download types:  and succeeded types: 
2025-09-01 16:59:43.152: [INFO][Sync] ConfigurationDone, failed: , succeeded: , remaining count: 0
2025-09-01 16:59:43.172: [INFO][Sync]     Configuration completed, state: 7
2025-09-01 16:59:43.173: [INFO][Sync] Configured DataTypeManager: Ok
2025-09-01 16:59:43.194: [INFO][SyncEngineBackend::DoStartSyncing] Start syncing
